CRITICAL - 2024-03-31 11:49:51 --> Undefined property: stdClass::$lessonDate
in APPPATH\Controllers\MainController.php on line 50.
 1 APPPATH\Controllers\MainController.php(50): CodeIgniter\Debug\Exceptions->errorHandler(2, 'Undefined property: stdClass::$lessonDate', 'C:\\Users\\PC\\laragon\\www\\capstone\\backend\\app\\Controllers\\MainController.php', 50)
 2 SYSTEMPATH\CodeIgniter.php(942): App\Controllers\MainController->enroll()
 3 SYSTEMPATH\CodeIgniter.php(502): CodeIgniter\CodeIgniter->runController(Object(App\Controllers\MainController))
 4 SYSTEMPATH\CodeIgniter.php(361): CodeIgniter\CodeIgniter->handleRequest(null, Object(Config\Cache), false)
 5 FCPATH\index.php(86): CodeIgniter\CodeIgniter->run()
 6 SYSTEMPATH\Commands\Server\rewrite.php(47): require_once('C:\\Users\\PC\\laragon\\www\\capstone\\backend\\public\\index.php')
CRITICAL - 2024-03-31 11:49:52 --> Undefined property: stdClass::$lessonDate
in APPPATH\Controllers\MainController.php on line 50.
 1 APPPATH\Controllers\MainController.php(50): CodeIgniter\Debug\Exceptions->errorHandler(2, 'Undefined property: stdClass::$lessonDate', 'C:\\Users\\PC\\laragon\\www\\capstone\\backend\\app\\Controllers\\MainController.php', 50)
 2 SYSTEMPATH\CodeIgniter.php(942): App\Controllers\MainController->enroll()
 3 SYSTEMPATH\CodeIgniter.php(502): CodeIgniter\CodeIgniter->runController(Object(App\Controllers\MainController))
 4 SYSTEMPATH\CodeIgniter.php(361): CodeIgniter\CodeIgniter->handleRequest(null, Object(Config\Cache), false)
 5 FCPATH\index.php(86): CodeIgniter\CodeIgniter->run()
 6 SYSTEMPATH\Commands\Server\rewrite.php(47): require_once('C:\\Users\\PC\\laragon\\www\\capstone\\backend\\public\\index.php')
CRITICAL - 2024-03-31 11:50:02 --> Undefined property: stdClass::$lessonDate
in APPPATH\Controllers\MainController.php on line 50.
 1 APPPATH\Controllers\MainController.php(50): CodeIgniter\Debug\Exceptions->errorHandler(2, 'Undefined property: stdClass::$lessonDate', 'C:\\Users\\PC\\laragon\\www\\capstone\\backend\\app\\Controllers\\MainController.php', 50)
 2 SYSTEMPATH\CodeIgniter.php(942): App\Controllers\MainController->enroll()
 3 SYSTEMPATH\CodeIgniter.php(502): CodeIgniter\CodeIgniter->runController(Object(App\Controllers\MainController))
 4 SYSTEMPATH\CodeIgniter.php(361): CodeIgniter\CodeIgniter->handleRequest(null, Object(Config\Cache), false)
 5 FCPATH\index.php(86): CodeIgniter\CodeIgniter->run()
 6 SYSTEMPATH\Commands\Server\rewrite.php(47): require_once('C:\\Users\\PC\\laragon\\www\\capstone\\backend\\public\\index.php')
CRITICAL - 2024-03-31 11:53:49 --> Undefined property: stdClass::$lesson_date
in APPPATH\Controllers\MainController.php on line 50.
 1 APPPATH\Controllers\MainController.php(50): CodeIgniter\Debug\Exceptions->errorHandler(2, 'Undefined property: stdClass::$lesson_date', 'C:\\Users\\PC\\laragon\\www\\capstone\\backend\\app\\Controllers\\MainController.php', 50)
 2 SYSTEMPATH\CodeIgniter.php(942): App\Controllers\MainController->enroll()
 3 SYSTEMPATH\CodeIgniter.php(502): CodeIgniter\CodeIgniter->runController(Object(App\Controllers\MainController))
 4 SYSTEMPATH\CodeIgniter.php(361): CodeIgniter\CodeIgniter->handleRequest(null, Object(Config\Cache), false)
 5 FCPATH\index.php(86): CodeIgniter\CodeIgniter->run()
 6 SYSTEMPATH\Commands\Server\rewrite.php(47): require_once('C:\\Users\\PC\\laragon\\www\\capstone\\backend\\public\\index.php')
CRITICAL - 2024-03-31 11:53:58 --> Undefined property: stdClass::$lesson_date
in APPPATH\Controllers\MainController.php on line 50.
 1 APPPATH\Controllers\MainController.php(50): CodeIgniter\Debug\Exceptions->errorHandler(2, 'Undefined property: stdClass::$lesson_date', 'C:\\Users\\PC\\laragon\\www\\capstone\\backend\\app\\Controllers\\MainController.php', 50)
 2 SYSTEMPATH\CodeIgniter.php(942): App\Controllers\MainController->enroll()
 3 SYSTEMPATH\CodeIgniter.php(502): CodeIgniter\CodeIgniter->runController(Object(App\Controllers\MainController))
 4 SYSTEMPATH\CodeIgniter.php(361): CodeIgniter\CodeIgniter->handleRequest(null, Object(Config\Cache), false)
 5 FCPATH\index.php(86): CodeIgniter\CodeIgniter->run()
 6 SYSTEMPATH\Commands\Server\rewrite.php(47): require_once('C:\\Users\\PC\\laragon\\www\\capstone\\backend\\public\\index.php')
CRITICAL - 2024-03-31 11:56:18 --> Undefined property: stdClass::$lesson_date
in APPPATH\Controllers\MainController.php on line 50.
 1 APPPATH\Controllers\MainController.php(50): CodeIgniter\Debug\Exceptions->errorHandler(2, 'Undefined property: stdClass::$lesson_date', 'C:\\Users\\PC\\laragon\\www\\capstone\\backend\\app\\Controllers\\MainController.php', 50)
 2 SYSTEMPATH\CodeIgniter.php(942): App\Controllers\MainController->enroll()
 3 SYSTEMPATH\CodeIgniter.php(502): CodeIgniter\CodeIgniter->runController(Object(App\Controllers\MainController))
 4 SYSTEMPATH\CodeIgniter.php(361): CodeIgniter\CodeIgniter->handleRequest(null, Object(Config\Cache), false)
 5 FCPATH\index.php(86): CodeIgniter\CodeIgniter->run()
 6 SYSTEMPATH\Commands\Server\rewrite.php(47): require_once('C:\\Users\\PC\\laragon\\www\\capstone\\backend\\public\\index.php')
CRITICAL - 2024-03-31 11:56:18 --> Undefined property: stdClass::$lesson_date
in APPPATH\Controllers\MainController.php on line 50.
 1 APPPATH\Controllers\MainController.php(50): CodeIgniter\Debug\Exceptions->errorHandler(2, 'Undefined property: stdClass::$lesson_date', 'C:\\Users\\PC\\laragon\\www\\capstone\\backend\\app\\Controllers\\MainController.php', 50)
 2 SYSTEMPATH\CodeIgniter.php(942): App\Controllers\MainController->enroll()
 3 SYSTEMPATH\CodeIgniter.php(502): CodeIgniter\CodeIgniter->runController(Object(App\Controllers\MainController))
 4 SYSTEMPATH\CodeIgniter.php(361): CodeIgniter\CodeIgniter->handleRequest(null, Object(Config\Cache), false)
 5 FCPATH\index.php(86): CodeIgniter\CodeIgniter->run()
 6 SYSTEMPATH\Commands\Server\rewrite.php(47): require_once('C:\\Users\\PC\\laragon\\www\\capstone\\backend\\public\\index.php')
CRITICAL - 2024-03-31 11:58:03 --> Undefined property: stdClass::$lesson_date
in APPPATH\Controllers\MainController.php on line 50.
 1 APPPATH\Controllers\MainController.php(50): CodeIgniter\Debug\Exceptions->errorHandler(2, 'Undefined property: stdClass::$lesson_date', 'C:\\Users\\PC\\laragon\\www\\capstone\\backend\\app\\Controllers\\MainController.php', 50)
 2 SYSTEMPATH\CodeIgniter.php(942): App\Controllers\MainController->enroll()
 3 SYSTEMPATH\CodeIgniter.php(502): CodeIgniter\CodeIgniter->runController(Object(App\Controllers\MainController))
 4 SYSTEMPATH\CodeIgniter.php(361): CodeIgniter\CodeIgniter->handleRequest(null, Object(Config\Cache), false)
 5 FCPATH\index.php(86): CodeIgniter\CodeIgniter->run()
 6 SYSTEMPATH\Commands\Server\rewrite.php(47): require_once('C:\\Users\\PC\\laragon\\www\\capstone\\backend\\public\\index.php')
CRITICAL - 2024-03-31 11:58:03 --> Undefined property: stdClass::$lesson_date
in APPPATH\Controllers\MainController.php on line 50.
 1 APPPATH\Controllers\MainController.php(50): CodeIgniter\Debug\Exceptions->errorHandler(2, 'Undefined property: stdClass::$lesson_date', 'C:\\Users\\PC\\laragon\\www\\capstone\\backend\\app\\Controllers\\MainController.php', 50)
 2 SYSTEMPATH\CodeIgniter.php(942): App\Controllers\MainController->enroll()
 3 SYSTEMPATH\CodeIgniter.php(502): CodeIgniter\CodeIgniter->runController(Object(App\Controllers\MainController))
 4 SYSTEMPATH\CodeIgniter.php(361): CodeIgniter\CodeIgniter->handleRequest(null, Object(Config\Cache), false)
 5 FCPATH\index.php(86): CodeIgniter\CodeIgniter->run()
 6 SYSTEMPATH\Commands\Server\rewrite.php(47): require_once('C:\\Users\\PC\\laragon\\www\\capstone\\backend\\public\\index.php')
CRITICAL - 2024-03-31 11:58:03 --> Undefined property: stdClass::$lesson_date
in APPPATH\Controllers\MainController.php on line 50.
 1 APPPATH\Controllers\MainController.php(50): CodeIgniter\Debug\Exceptions->errorHandler(2, 'Undefined property: stdClass::$lesson_date', 'C:\\Users\\PC\\laragon\\www\\capstone\\backend\\app\\Controllers\\MainController.php', 50)
 2 SYSTEMPATH\CodeIgniter.php(942): App\Controllers\MainController->enroll()
 3 SYSTEMPATH\CodeIgniter.php(502): CodeIgniter\CodeIgniter->runController(Object(App\Controllers\MainController))
 4 SYSTEMPATH\CodeIgniter.php(361): CodeIgniter\CodeIgniter->handleRequest(null, Object(Config\Cache), false)
 5 FCPATH\index.php(86): CodeIgniter\CodeIgniter->run()
 6 SYSTEMPATH\Commands\Server\rewrite.php(47): require_once('C:\\Users\\PC\\laragon\\www\\capstone\\backend\\public\\index.php')
CRITICAL - 2024-03-31 11:58:04 --> Undefined property: stdClass::$lesson_date
in APPPATH\Controllers\MainController.php on line 50.
 1 APPPATH\Controllers\MainController.php(50): CodeIgniter\Debug\Exceptions->errorHandler(2, 'Undefined property: stdClass::$lesson_date', 'C:\\Users\\PC\\laragon\\www\\capstone\\backend\\app\\Controllers\\MainController.php', 50)
 2 SYSTEMPATH\CodeIgniter.php(942): App\Controllers\MainController->enroll()
 3 SYSTEMPATH\CodeIgniter.php(502): CodeIgniter\CodeIgniter->runController(Object(App\Controllers\MainController))
 4 SYSTEMPATH\CodeIgniter.php(361): CodeIgniter\CodeIgniter->handleRequest(null, Object(Config\Cache), false)
 5 FCPATH\index.php(86): CodeIgniter\CodeIgniter->run()
 6 SYSTEMPATH\Commands\Server\rewrite.php(47): require_once('C:\\Users\\PC\\laragon\\www\\capstone\\backend\\public\\index.php')
CRITICAL - 2024-03-31 11:58:14 --> Undefined property: stdClass::$lesson_date
in APPPATH\Controllers\MainController.php on line 50.
 1 APPPATH\Controllers\MainController.php(50): CodeIgniter\Debug\Exceptions->errorHandler(2, 'Undefined property: stdClass::$lesson_date', 'C:\\Users\\PC\\laragon\\www\\capstone\\backend\\app\\Controllers\\MainController.php', 50)
 2 SYSTEMPATH\CodeIgniter.php(942): App\Controllers\MainController->enroll()
 3 SYSTEMPATH\CodeIgniter.php(502): CodeIgniter\CodeIgniter->runController(Object(App\Controllers\MainController))
 4 SYSTEMPATH\CodeIgniter.php(361): CodeIgniter\CodeIgniter->handleRequest(null, Object(Config\Cache), false)
 5 FCPATH\index.php(86): CodeIgniter\CodeIgniter->run()
 6 SYSTEMPATH\Commands\Server\rewrite.php(47): require_once('C:\\Users\\PC\\laragon\\www\\capstone\\backend\\public\\index.php')
CRITICAL - 2024-03-31 11:59:21 --> Undefined property: stdClass::$lesson_date
in APPPATH\Controllers\MainController.php on line 50.
 1 APPPATH\Controllers\MainController.php(50): CodeIgniter\Debug\Exceptions->errorHandler(2, 'Undefined property: stdClass::$lesson_date', 'C:\\Users\\PC\\laragon\\www\\capstone\\backend\\app\\Controllers\\MainController.php', 50)
 2 SYSTEMPATH\CodeIgniter.php(942): App\Controllers\MainController->enroll()
 3 SYSTEMPATH\CodeIgniter.php(502): CodeIgniter\CodeIgniter->runController(Object(App\Controllers\MainController))
 4 SYSTEMPATH\CodeIgniter.php(361): CodeIgniter\CodeIgniter->handleRequest(null, Object(Config\Cache), false)
 5 FCPATH\index.php(86): CodeIgniter\CodeIgniter->run()
 6 SYSTEMPATH\Commands\Server\rewrite.php(47): require_once('C:\\Users\\PC\\laragon\\www\\capstone\\backend\\public\\index.php')
CRITICAL - 2024-03-31 11:59:22 --> Undefined property: stdClass::$lesson_date
in APPPATH\Controllers\MainController.php on line 50.
 1 APPPATH\Controllers\MainController.php(50): CodeIgniter\Debug\Exceptions->errorHandler(2, 'Undefined property: stdClass::$lesson_date', 'C:\\Users\\PC\\laragon\\www\\capstone\\backend\\app\\Controllers\\MainController.php', 50)
 2 SYSTEMPATH\CodeIgniter.php(942): App\Controllers\MainController->enroll()
 3 SYSTEMPATH\CodeIgniter.php(502): CodeIgniter\CodeIgniter->runController(Object(App\Controllers\MainController))
 4 SYSTEMPATH\CodeIgniter.php(361): CodeIgniter\CodeIgniter->handleRequest(null, Object(Config\Cache), false)
 5 FCPATH\index.php(86): CodeIgniter\CodeIgniter->run()
 6 SYSTEMPATH\Commands\Server\rewrite.php(47): require_once('C:\\Users\\PC\\laragon\\www\\capstone\\backend\\public\\index.php')
CRITICAL - 2024-03-31 11:59:29 --> Undefined property: stdClass::$lesson_date
in APPPATH\Controllers\MainController.php on line 50.
 1 APPPATH\Controllers\MainController.php(50): CodeIgniter\Debug\Exceptions->errorHandler(2, 'Undefined property: stdClass::$lesson_date', 'C:\\Users\\PC\\laragon\\www\\capstone\\backend\\app\\Controllers\\MainController.php', 50)
 2 SYSTEMPATH\CodeIgniter.php(942): App\Controllers\MainController->enroll()
 3 SYSTEMPATH\CodeIgniter.php(502): CodeIgniter\CodeIgniter->runController(Object(App\Controllers\MainController))
 4 SYSTEMPATH\CodeIgniter.php(361): CodeIgniter\CodeIgniter->handleRequest(null, Object(Config\Cache), false)
 5 FCPATH\index.php(86): CodeIgniter\CodeIgniter->run()
 6 SYSTEMPATH\Commands\Server\rewrite.php(47): require_once('C:\\Users\\PC\\laragon\\www\\capstone\\backend\\public\\index.php')
CRITICAL - 2024-03-31 12:07:12 --> Undefined property: stdClass::$lesson_date
in APPPATH\Controllers\MainController.php on line 50.
 1 APPPATH\Controllers\MainController.php(50): CodeIgniter\Debug\Exceptions->errorHandler(2, 'Undefined property: stdClass::$lesson_date', 'C:\\Users\\PC\\laragon\\www\\capstone\\backend\\app\\Controllers\\MainController.php', 50)
 2 SYSTEMPATH\CodeIgniter.php(942): App\Controllers\MainController->enroll()
 3 SYSTEMPATH\CodeIgniter.php(502): CodeIgniter\CodeIgniter->runController(Object(App\Controllers\MainController))
 4 SYSTEMPATH\CodeIgniter.php(361): CodeIgniter\CodeIgniter->handleRequest(null, Object(Config\Cache), false)
 5 FCPATH\index.php(86): CodeIgniter\CodeIgniter->run()
 6 SYSTEMPATH\Commands\Server\rewrite.php(47): require_once('C:\\Users\\PC\\laragon\\www\\capstone\\backend\\public\\index.php')
CRITICAL - 2024-03-31 12:07:21 --> Undefined property: stdClass::$lesson_date
in APPPATH\Controllers\MainController.php on line 50.
 1 APPPATH\Controllers\MainController.php(50): CodeIgniter\Debug\Exceptions->errorHandler(2, 'Undefined property: stdClass::$lesson_date', 'C:\\Users\\PC\\laragon\\www\\capstone\\backend\\app\\Controllers\\MainController.php', 50)
 2 SYSTEMPATH\CodeIgniter.php(942): App\Controllers\MainController->enroll()
 3 SYSTEMPATH\CodeIgniter.php(502): CodeIgniter\CodeIgniter->runController(Object(App\Controllers\MainController))
 4 SYSTEMPATH\CodeIgniter.php(361): CodeIgniter\CodeIgniter->handleRequest(null, Object(Config\Cache), false)
 5 FCPATH\index.php(86): CodeIgniter\CodeIgniter->run()
 6 SYSTEMPATH\Commands\Server\rewrite.php(47): require_once('C:\\Users\\PC\\laragon\\www\\capstone\\backend\\public\\index.php')
CRITICAL - 2024-03-31 12:09:49 --> Undefined property: stdClass::$lesson_date
in APPPATH\Controllers\MainController.php on line 50.
 1 APPPATH\Controllers\MainController.php(50): CodeIgniter\Debug\Exceptions->errorHandler(2, 'Undefined property: stdClass::$lesson_date', 'C:\\Users\\PC\\laragon\\www\\capstone\\backend\\app\\Controllers\\MainController.php', 50)
 2 SYSTEMPATH\CodeIgniter.php(942): App\Controllers\MainController->enroll()
 3 SYSTEMPATH\CodeIgniter.php(502): CodeIgniter\CodeIgniter->runController(Object(App\Controllers\MainController))
 4 SYSTEMPATH\CodeIgniter.php(361): CodeIgniter\CodeIgniter->handleRequest(null, Object(Config\Cache), false)
 5 FCPATH\index.php(86): CodeIgniter\CodeIgniter->run()
 6 SYSTEMPATH\Commands\Server\rewrite.php(47): require_once('C:\\Users\\PC\\laragon\\www\\capstone\\backend\\public\\index.php')
CRITICAL - 2024-03-31 12:10:00 --> Undefined property: stdClass::$lesson_date
in APPPATH\Controllers\MainController.php on line 50.
 1 APPPATH\Controllers\MainController.php(50): CodeIgniter\Debug\Exceptions->errorHandler(2, 'Undefined property: stdClass::$lesson_date', 'C:\\Users\\PC\\laragon\\www\\capstone\\backend\\app\\Controllers\\MainController.php', 50)
 2 SYSTEMPATH\CodeIgniter.php(942): App\Controllers\MainController->enroll()
 3 SYSTEMPATH\CodeIgniter.php(502): CodeIgniter\CodeIgniter->runController(Object(App\Controllers\MainController))
 4 SYSTEMPATH\CodeIgniter.php(361): CodeIgniter\CodeIgniter->handleRequest(null, Object(Config\Cache), false)
 5 FCPATH\index.php(86): CodeIgniter\CodeIgniter->run()
 6 SYSTEMPATH\Commands\Server\rewrite.php(47): require_once('C:\\Users\\PC\\laragon\\www\\capstone\\backend\\public\\index.php')
CRITICAL - 2024-03-31 12:10:01 --> Undefined property: stdClass::$lesson_date
in APPPATH\Controllers\MainController.php on line 50.
 1 APPPATH\Controllers\MainController.php(50): CodeIgniter\Debug\Exceptions->errorHandler(2, 'Undefined property: stdClass::$lesson_date', 'C:\\Users\\PC\\laragon\\www\\capstone\\backend\\app\\Controllers\\MainController.php', 50)
 2 SYSTEMPATH\CodeIgniter.php(942): App\Controllers\MainController->enroll()
 3 SYSTEMPATH\CodeIgniter.php(502): CodeIgniter\CodeIgniter->runController(Object(App\Controllers\MainController))
 4 SYSTEMPATH\CodeIgniter.php(361): CodeIgniter\CodeIgniter->handleRequest(null, Object(Config\Cache), false)
 5 FCPATH\index.php(86): CodeIgniter\CodeIgniter->run()
 6 SYSTEMPATH\Commands\Server\rewrite.php(47): require_once('C:\\Users\\PC\\laragon\\www\\capstone\\backend\\public\\index.php')
CRITICAL - 2024-03-31 12:10:02 --> Undefined property: stdClass::$lesson_date
in APPPATH\Controllers\MainController.php on line 50.
 1 APPPATH\Controllers\MainController.php(50): CodeIgniter\Debug\Exceptions->errorHandler(2, 'Undefined property: stdClass::$lesson_date', 'C:\\Users\\PC\\laragon\\www\\capstone\\backend\\app\\Controllers\\MainController.php', 50)
 2 SYSTEMPATH\CodeIgniter.php(942): App\Controllers\MainController->enroll()
 3 SYSTEMPATH\CodeIgniter.php(502): CodeIgniter\CodeIgniter->runController(Object(App\Controllers\MainController))
 4 SYSTEMPATH\CodeIgniter.php(361): CodeIgniter\CodeIgniter->handleRequest(null, Object(Config\Cache), false)
 5 FCPATH\index.php(86): CodeIgniter\CodeIgniter->run()
 6 SYSTEMPATH\Commands\Server\rewrite.php(47): require_once('C:\\Users\\PC\\laragon\\www\\capstone\\backend\\public\\index.php')
CRITICAL - 2024-03-31 12:10:02 --> Undefined property: stdClass::$lesson_date
in APPPATH\Controllers\MainController.php on line 50.
 1 APPPATH\Controllers\MainController.php(50): CodeIgniter\Debug\Exceptions->errorHandler(2, 'Undefined property: stdClass::$lesson_date', 'C:\\Users\\PC\\laragon\\www\\capstone\\backend\\app\\Controllers\\MainController.php', 50)
 2 SYSTEMPATH\CodeIgniter.php(942): App\Controllers\MainController->enroll()
 3 SYSTEMPATH\CodeIgniter.php(502): CodeIgniter\CodeIgniter->runController(Object(App\Controllers\MainController))
 4 SYSTEMPATH\CodeIgniter.php(361): CodeIgniter\CodeIgniter->handleRequest(null, Object(Config\Cache), false)
 5 FCPATH\index.php(86): CodeIgniter\CodeIgniter->run()
 6 SYSTEMPATH\Commands\Server\rewrite.php(47): require_once('C:\\Users\\PC\\laragon\\www\\capstone\\backend\\public\\index.php')
CRITICAL - 2024-03-31 12:10:12 --> Undefined property: stdClass::$lesson_date
in APPPATH\Controllers\MainController.php on line 50.
 1 APPPATH\Controllers\MainController.php(50): CodeIgniter\Debug\Exceptions->errorHandler(2, 'Undefined property: stdClass::$lesson_date', 'C:\\Users\\PC\\laragon\\www\\capstone\\backend\\app\\Controllers\\MainController.php', 50)
 2 SYSTEMPATH\CodeIgniter.php(942): App\Controllers\MainController->enroll()
 3 SYSTEMPATH\CodeIgniter.php(502): CodeIgniter\CodeIgniter->runController(Object(App\Controllers\MainController))
 4 SYSTEMPATH\CodeIgniter.php(361): CodeIgniter\CodeIgniter->handleRequest(null, Object(Config\Cache), false)
 5 FCPATH\index.php(86): CodeIgniter\CodeIgniter->run()
 6 SYSTEMPATH\Commands\Server\rewrite.php(47): require_once('C:\\Users\\PC\\laragon\\www\\capstone\\backend\\public\\index.php')
CRITICAL - 2024-03-31 12:13:08 --> Undefined property: stdClass::$lesson_date
in APPPATH\Controllers\MainController.php on line 50.
 1 APPPATH\Controllers\MainController.php(50): CodeIgniter\Debug\Exceptions->errorHandler(2, 'Undefined property: stdClass::$lesson_date', 'C:\\Users\\PC\\laragon\\www\\capstone\\backend\\app\\Controllers\\MainController.php', 50)
 2 SYSTEMPATH\CodeIgniter.php(942): App\Controllers\MainController->enroll()
 3 SYSTEMPATH\CodeIgniter.php(502): CodeIgniter\CodeIgniter->runController(Object(App\Controllers\MainController))
 4 SYSTEMPATH\CodeIgniter.php(361): CodeIgniter\CodeIgniter->handleRequest(null, Object(Config\Cache), false)
 5 FCPATH\index.php(86): CodeIgniter\CodeIgniter->run()
 6 SYSTEMPATH\Commands\Server\rewrite.php(47): require_once('C:\\Users\\PC\\laragon\\www\\capstone\\backend\\public\\index.php')
CRITICAL - 2024-03-31 12:13:16 --> Undefined property: stdClass::$lesson_date
in APPPATH\Controllers\MainController.php on line 50.
 1 APPPATH\Controllers\MainController.php(50): CodeIgniter\Debug\Exceptions->errorHandler(2, 'Undefined property: stdClass::$lesson_date', 'C:\\Users\\PC\\laragon\\www\\capstone\\backend\\app\\Controllers\\MainController.php', 50)
 2 SYSTEMPATH\CodeIgniter.php(942): App\Controllers\MainController->enroll()
 3 SYSTEMPATH\CodeIgniter.php(502): CodeIgniter\CodeIgniter->runController(Object(App\Controllers\MainController))
 4 SYSTEMPATH\CodeIgniter.php(361): CodeIgniter\CodeIgniter->handleRequest(null, Object(Config\Cache), false)
 5 FCPATH\index.php(86): CodeIgniter\CodeIgniter->run()
 6 SYSTEMPATH\Commands\Server\rewrite.php(47): require_once('C:\\Users\\PC\\laragon\\www\\capstone\\backend\\public\\index.php')
CRITICAL - 2024-03-31 12:14:41 --> Undefined property: stdClass::$lesson_date
in APPPATH\Controllers\MainController.php on line 50.
 1 APPPATH\Controllers\MainController.php(50): CodeIgniter\Debug\Exceptions->errorHandler(2, 'Undefined property: stdClass::$lesson_date', 'C:\\Users\\PC\\laragon\\www\\capstone\\backend\\app\\Controllers\\MainController.php', 50)
 2 SYSTEMPATH\CodeIgniter.php(942): App\Controllers\MainController->enroll()
 3 SYSTEMPATH\CodeIgniter.php(502): CodeIgniter\CodeIgniter->runController(Object(App\Controllers\MainController))
 4 SYSTEMPATH\CodeIgniter.php(361): CodeIgniter\CodeIgniter->handleRequest(null, Object(Config\Cache), false)
 5 FCPATH\index.php(86): CodeIgniter\CodeIgniter->run()
 6 SYSTEMPATH\Commands\Server\rewrite.php(47): require_once('C:\\Users\\PC\\laragon\\www\\capstone\\backend\\public\\index.php')
CRITICAL - 2024-03-31 12:29:57 --> Undefined property: stdClass::$lesson_date
in APPPATH\Controllers\MainController.php on line 50.
 1 APPPATH\Controllers\MainController.php(50): CodeIgniter\Debug\Exceptions->errorHandler(2, 'Undefined property: stdClass::$lesson_date', 'C:\\Users\\PC\\laragon\\www\\capstone\\backend\\app\\Controllers\\MainController.php', 50)
 2 SYSTEMPATH\CodeIgniter.php(942): App\Controllers\MainController->enroll()
 3 SYSTEMPATH\CodeIgniter.php(502): CodeIgniter\CodeIgniter->runController(Object(App\Controllers\MainController))
 4 SYSTEMPATH\CodeIgniter.php(361): CodeIgniter\CodeIgniter->handleRequest(null, Object(Config\Cache), false)
 5 FCPATH\index.php(86): CodeIgniter\CodeIgniter->run()
 6 SYSTEMPATH\Commands\Server\rewrite.php(47): require_once('C:\\Users\\PC\\laragon\\www\\capstone\\backend\\public\\index.php')
CRITICAL - 2024-03-31 12:30:14 --> Undefined property: stdClass::$lesson_date
in APPPATH\Controllers\MainController.php on line 50.
 1 APPPATH\Controllers\MainController.php(50): CodeIgniter\Debug\Exceptions->errorHandler(2, 'Undefined property: stdClass::$lesson_date', 'C:\\Users\\PC\\laragon\\www\\capstone\\backend\\app\\Controllers\\MainController.php', 50)
 2 SYSTEMPATH\CodeIgniter.php(942): App\Controllers\MainController->enroll()
 3 SYSTEMPATH\CodeIgniter.php(502): CodeIgniter\CodeIgniter->runController(Object(App\Controllers\MainController))
 4 SYSTEMPATH\CodeIgniter.php(361): CodeIgniter\CodeIgniter->handleRequest(null, Object(Config\Cache), false)
 5 FCPATH\index.php(86): CodeIgniter\CodeIgniter->run()
 6 SYSTEMPATH\Commands\Server\rewrite.php(47): require_once('C:\\Users\\PC\\laragon\\www\\capstone\\backend\\public\\index.php')
CRITICAL - 2024-03-31 12:32:22 --> Undefined property: stdClass::$lesson_date
in APPPATH\Controllers\MainController.php on line 44.
 1 APPPATH\Controllers\MainController.php(44): CodeIgniter\Debug\Exceptions->errorHandler(2, 'Undefined property: stdClass::$lesson_date', 'C:\\Users\\PC\\laragon\\www\\capstone\\backend\\app\\Controllers\\MainController.php', 44)
 2 SYSTEMPATH\CodeIgniter.php(942): App\Controllers\MainController->enroll()
 3 SYSTEMPATH\CodeIgniter.php(502): CodeIgniter\CodeIgniter->runController(Object(App\Controllers\MainController))
 4 SYSTEMPATH\CodeIgniter.php(361): CodeIgniter\CodeIgniter->handleRequest(null, Object(Config\Cache), false)
 5 FCPATH\index.php(86): CodeIgniter\CodeIgniter->run()
 6 SYSTEMPATH\Commands\Server\rewrite.php(47): require_once('C:\\Users\\PC\\laragon\\www\\capstone\\backend\\public\\index.php')
CRITICAL - 2024-03-31 12:32:40 --> Undefined property: stdClass::$lesson_date
in APPPATH\Controllers\MainController.php on line 50.
 1 APPPATH\Controllers\MainController.php(50): CodeIgniter\Debug\Exceptions->errorHandler(2, 'Undefined property: stdClass::$lesson_date', 'C:\\Users\\PC\\laragon\\www\\capstone\\backend\\app\\Controllers\\MainController.php', 50)
 2 SYSTEMPATH\CodeIgniter.php(942): App\Controllers\MainController->enroll()
 3 SYSTEMPATH\CodeIgniter.php(502): CodeIgniter\CodeIgniter->runController(Object(App\Controllers\MainController))
 4 SYSTEMPATH\CodeIgniter.php(361): CodeIgniter\CodeIgniter->handleRequest(null, Object(Config\Cache), false)
 5 FCPATH\index.php(86): CodeIgniter\CodeIgniter->run()
 6 SYSTEMPATH\Commands\Server\rewrite.php(47): require_once('C:\\Users\\PC\\laragon\\www\\capstone\\backend\\public\\index.php')
