ERROR - 2024-05-09 07:53:01 --> mysqli_sql_exception: You have an error in your SQL syntax; check the manual that corresponds to your MySQL server version for the right syntax to use near 'DESC, YEAR(created_at) DESC' at line 5 in C:\laragon\www\capstonee\backend\system\Database\MySQLi\Connection.php:306
Stack trace:
#0 C:\laragon\www\capstonee\backend\system\Database\MySQLi\Connection.php(306): mysqli->query('SELECT YEAR(cre...', 0)
#1 C:\laragon\www\capstonee\backend\system\Database\BaseConnection.php(693): CodeIgniter\Database\MySQLi\Connection->execute('SELECT YEAR(cre...')
#2 C:\laragon\www\capstonee\backend\system\Database\BaseConnection.php(607): CodeIgniter\Database\BaseConnection->simpleQuery('SELECT YEAR(cre...')
#3 C:\laragon\www\capstonee\backend\system\Database\BaseBuilder.php(1615): CodeIgniter\Database\BaseConnection->query('SELECT YEAR(cre...', Array, false)
#4 C:\laragon\www\capstonee\backend\app\Controllers\MainController.php(113): CodeIgniter\Database\BaseBuilder->get()
#5 C:\laragon\www\capstonee\backend\system\CodeIgniter.php(942): App\Controllers\MainController->yearlySalesReport()
#6 C:\laragon\www\capstonee\backend\system\CodeIgniter.php(502): CodeIgniter\CodeIgniter->runController(Object(App\Controllers\MainController))
#7 C:\laragon\www\capstonee\backend\system\CodeIgniter.php(361): CodeIgniter\CodeIgniter->handleRequest(NULL, Object(Config\Cache), false)
#8 C:\laragon\www\capstonee\backend\public\index.php(86): CodeIgniter\CodeIgniter->run()
#9 C:\laragon\www\capstonee\backend\system\Commands\Server\rewrite.php(47): require_once('C:\\laragon\\www\\...')
#10 {main}
CRITICAL - 2024-05-09 07:53:01 --> You have an error in your SQL syntax; check the manual that corresponds to your MySQL server version for the right syntax to use near 'DESC, YEAR(created_at) DESC' at line 5
in SYSTEMPATH\Database\BaseConnection.php on line 647.
 1 SYSTEMPATH\Database\BaseBuilder.php(1615): CodeIgniter\Database\BaseConnection->query('SELECT YEAR(created_at) as year, SUM(total_price) as total_sales
FROM `orders`
WHERE YEAR(created_at) = :YEAR(created_at):
AND `order_status` = :order_status:
GROUP BY YEAR(created_at)DESC, YEAR(created_at) DESC', [...], false)
 2 APPPATH\Controllers\MainController.php(113): CodeIgniter\Database\BaseBuilder->get()
 3 SYSTEMPATH\CodeIgniter.php(942): App\Controllers\MainController->yearlySalesReport()
 4 SYSTEMPATH\CodeIgniter.php(502): CodeIgniter\CodeIgniter->runController(Object(App\Controllers\MainController))
 5 SYSTEMPATH\CodeIgniter.php(361): CodeIgniter\CodeIgniter->handleRequest(null, Object(Config\Cache), false)
 6 FCPATH\index.php(86): CodeIgniter\CodeIgniter->run()
 7 SYSTEMPATH\Commands\Server\rewrite.php(47): require_once('C:\\laragon\\www\\capstonee\\backend\\public\\index.php')
ERROR - 2024-05-09 07:53:01 --> mysqli_sql_exception: You have an error in your SQL syntax; check the manual that corresponds to your MySQL server version for the right syntax to use near 'DESC, YEAR(created_at) DESC' at line 5 in C:\laragon\www\capstonee\backend\system\Database\MySQLi\Connection.php:306
Stack trace:
#0 C:\laragon\www\capstonee\backend\system\Database\MySQLi\Connection.php(306): mysqli->query('SELECT YEAR(cre...', 0)
#1 C:\laragon\www\capstonee\backend\system\Database\BaseConnection.php(693): CodeIgniter\Database\MySQLi\Connection->execute('SELECT YEAR(cre...')
#2 C:\laragon\www\capstonee\backend\system\Database\BaseConnection.php(607): CodeIgniter\Database\BaseConnection->simpleQuery('SELECT YEAR(cre...')
#3 C:\laragon\www\capstonee\backend\system\Database\BaseBuilder.php(1615): CodeIgniter\Database\BaseConnection->query('SELECT YEAR(cre...', Array, false)
#4 C:\laragon\www\capstonee\backend\app\Controllers\MainController.php(113): CodeIgniter\Database\BaseBuilder->get()
#5 C:\laragon\www\capstonee\backend\app\Controllers\MainController.php(54): App\Controllers\MainController->yearlySalesReport()
#6 C:\laragon\www\capstonee\backend\system\CodeIgniter.php(942): App\Controllers\MainController->generateAllReports()
#7 C:\laragon\www\capstonee\backend\system\CodeIgniter.php(502): CodeIgniter\CodeIgniter->runController(Object(App\Controllers\MainController))
#8 C:\laragon\www\capstonee\backend\system\CodeIgniter.php(361): CodeIgniter\CodeIgniter->handleRequest(NULL, Object(Config\Cache), false)
#9 C:\laragon\www\capstonee\backend\public\index.php(86): CodeIgniter\CodeIgniter->run()
#10 C:\laragon\www\capstonee\backend\system\Commands\Server\rewrite.php(47): require_once('C:\\laragon\\www\\...')
#11 {main}
CRITICAL - 2024-05-09 07:53:01 --> You have an error in your SQL syntax; check the manual that corresponds to your MySQL server version for the right syntax to use near 'DESC, YEAR(created_at) DESC' at line 5
in SYSTEMPATH\Database\BaseConnection.php on line 647.
 1 SYSTEMPATH\Database\BaseBuilder.php(1615): CodeIgniter\Database\BaseConnection->query('SELECT YEAR(created_at) as year, SUM(total_price) as total_sales
FROM `orders`
WHERE YEAR(created_at) = :YEAR(created_at):
AND `order_status` = :order_status:
GROUP BY YEAR(created_at)DESC, YEAR(created_at) DESC', [...], false)
 2 APPPATH\Controllers\MainController.php(113): CodeIgniter\Database\BaseBuilder->get()
 3 APPPATH\Controllers\MainController.php(54): App\Controllers\MainController->yearlySalesReport()
 4 SYSTEMPATH\CodeIgniter.php(942): App\Controllers\MainController->generateAllReports()
 5 SYSTEMPATH\CodeIgniter.php(502): CodeIgniter\CodeIgniter->runController(Object(App\Controllers\MainController))
 6 SYSTEMPATH\CodeIgniter.php(361): CodeIgniter\CodeIgniter->handleRequest(null, Object(Config\Cache), false)
 7 FCPATH\index.php(86): CodeIgniter\CodeIgniter->run()
 8 SYSTEMPATH\Commands\Server\rewrite.php(47): require_once('C:\\laragon\\www\\capstonee\\backend\\public\\index.php')
ERROR - 2024-05-09 07:53:26 --> mysqli_sql_exception: You have an error in your SQL syntax; check the manual that corresponds to your MySQL server version for the right syntax to use near 'DESC, YEAR(created_at) DESC' at line 5 in C:\laragon\www\capstonee\backend\system\Database\MySQLi\Connection.php:306
Stack trace:
#0 C:\laragon\www\capstonee\backend\system\Database\MySQLi\Connection.php(306): mysqli->query('SELECT YEAR(cre...', 0)
#1 C:\laragon\www\capstonee\backend\system\Database\BaseConnection.php(693): CodeIgniter\Database\MySQLi\Connection->execute('SELECT YEAR(cre...')
#2 C:\laragon\www\capstonee\backend\system\Database\BaseConnection.php(607): CodeIgniter\Database\BaseConnection->simpleQuery('SELECT YEAR(cre...')
#3 C:\laragon\www\capstonee\backend\system\Database\BaseBuilder.php(1615): CodeIgniter\Database\BaseConnection->query('SELECT YEAR(cre...', Array, false)
#4 C:\laragon\www\capstonee\backend\app\Controllers\MainController.php(113): CodeIgniter\Database\BaseBuilder->get()
#5 C:\laragon\www\capstonee\backend\system\CodeIgniter.php(942): App\Controllers\MainController->yearlySalesReport()
#6 C:\laragon\www\capstonee\backend\system\CodeIgniter.php(502): CodeIgniter\CodeIgniter->runController(Object(App\Controllers\MainController))
#7 C:\laragon\www\capstonee\backend\system\CodeIgniter.php(361): CodeIgniter\CodeIgniter->handleRequest(NULL, Object(Config\Cache), false)
#8 C:\laragon\www\capstonee\backend\public\index.php(86): CodeIgniter\CodeIgniter->run()
#9 C:\laragon\www\capstonee\backend\system\Commands\Server\rewrite.php(47): require_once('C:\\laragon\\www\\...')
#10 {main}
CRITICAL - 2024-05-09 07:53:26 --> You have an error in your SQL syntax; check the manual that corresponds to your MySQL server version for the right syntax to use near 'DESC, YEAR(created_at) DESC' at line 5
in SYSTEMPATH\Database\BaseConnection.php on line 647.
 1 SYSTEMPATH\Database\BaseBuilder.php(1615): CodeIgniter\Database\BaseConnection->query('SELECT YEAR(created_at) as year, SUM(total_price) as total_sales
FROM `orders`
WHERE YEAR(created_at) = :YEAR(created_at):
AND `order_status` = :order_status:
GROUP BY YEAR(created_at)DESC, YEAR(created_at) DESC', [...], false)
 2 APPPATH\Controllers\MainController.php(113): CodeIgniter\Database\BaseBuilder->get()
 3 SYSTEMPATH\CodeIgniter.php(942): App\Controllers\MainController->yearlySalesReport()
 4 SYSTEMPATH\CodeIgniter.php(502): CodeIgniter\CodeIgniter->runController(Object(App\Controllers\MainController))
 5 SYSTEMPATH\CodeIgniter.php(361): CodeIgniter\CodeIgniter->handleRequest(null, Object(Config\Cache), false)
 6 FCPATH\index.php(86): CodeIgniter\CodeIgniter->run()
 7 SYSTEMPATH\Commands\Server\rewrite.php(47): require_once('C:\\laragon\\www\\capstonee\\backend\\public\\index.php')
ERROR - 2024-05-09 07:53:27 --> mysqli_sql_exception: You have an error in your SQL syntax; check the manual that corresponds to your MySQL server version for the right syntax to use near 'DESC, YEAR(created_at) DESC' at line 5 in C:\laragon\www\capstonee\backend\system\Database\MySQLi\Connection.php:306
Stack trace:
#0 C:\laragon\www\capstonee\backend\system\Database\MySQLi\Connection.php(306): mysqli->query('SELECT YEAR(cre...', 0)
#1 C:\laragon\www\capstonee\backend\system\Database\BaseConnection.php(693): CodeIgniter\Database\MySQLi\Connection->execute('SELECT YEAR(cre...')
#2 C:\laragon\www\capstonee\backend\system\Database\BaseConnection.php(607): CodeIgniter\Database\BaseConnection->simpleQuery('SELECT YEAR(cre...')
#3 C:\laragon\www\capstonee\backend\system\Database\BaseBuilder.php(1615): CodeIgniter\Database\BaseConnection->query('SELECT YEAR(cre...', Array, false)
#4 C:\laragon\www\capstonee\backend\app\Controllers\MainController.php(113): CodeIgniter\Database\BaseBuilder->get()
#5 C:\laragon\www\capstonee\backend\app\Controllers\MainController.php(54): App\Controllers\MainController->yearlySalesReport()
#6 C:\laragon\www\capstonee\backend\system\CodeIgniter.php(942): App\Controllers\MainController->generateAllReports()
#7 C:\laragon\www\capstonee\backend\system\CodeIgniter.php(502): CodeIgniter\CodeIgniter->runController(Object(App\Controllers\MainController))
#8 C:\laragon\www\capstonee\backend\system\CodeIgniter.php(361): CodeIgniter\CodeIgniter->handleRequest(NULL, Object(Config\Cache), false)
#9 C:\laragon\www\capstonee\backend\public\index.php(86): CodeIgniter\CodeIgniter->run()
#10 C:\laragon\www\capstonee\backend\system\Commands\Server\rewrite.php(47): require_once('C:\\laragon\\www\\...')
#11 {main}
CRITICAL - 2024-05-09 07:53:27 --> You have an error in your SQL syntax; check the manual that corresponds to your MySQL server version for the right syntax to use near 'DESC, YEAR(created_at) DESC' at line 5
in SYSTEMPATH\Database\BaseConnection.php on line 647.
 1 SYSTEMPATH\Database\BaseBuilder.php(1615): CodeIgniter\Database\BaseConnection->query('SELECT YEAR(created_at) as year, SUM(total_price) as total_sales
FROM `orders`
WHERE YEAR(created_at) = :YEAR(created_at):
AND `order_status` = :order_status:
GROUP BY YEAR(created_at)DESC, YEAR(created_at) DESC', [...], false)
 2 APPPATH\Controllers\MainController.php(113): CodeIgniter\Database\BaseBuilder->get()
 3 APPPATH\Controllers\MainController.php(54): App\Controllers\MainController->yearlySalesReport()
 4 SYSTEMPATH\CodeIgniter.php(942): App\Controllers\MainController->generateAllReports()
 5 SYSTEMPATH\CodeIgniter.php(502): CodeIgniter\CodeIgniter->runController(Object(App\Controllers\MainController))
 6 SYSTEMPATH\CodeIgniter.php(361): CodeIgniter\CodeIgniter->handleRequest(null, Object(Config\Cache), false)
 7 FCPATH\index.php(86): CodeIgniter\CodeIgniter->run()
 8 SYSTEMPATH\Commands\Server\rewrite.php(47): require_once('C:\\laragon\\www\\capstonee\\backend\\public\\index.php')
