ERROR - 2024-03-29 11:22:10 --> mysqli_sql_exception: Column 'lesson_date' cannot be null in C:\Users\PC\laragon\www\capstone\backend\system\Database\MySQLi\Connection.php:306
Stack trace:
#0 C:\Users\PC\laragon\www\capstone\backend\system\Database\MySQLi\Connection.php(306): mysqli->query('INSERT INTO `en...', 0)
#1 C:\Users\PC\laragon\www\capstone\backend\system\Database\BaseConnection.php(693): CodeIgniter\Database\MySQLi\Connection->execute('INSERT INTO `en...')
#2 C:\Users\PC\laragon\www\capstone\backend\system\Database\BaseConnection.php(607): CodeIgniter\Database\BaseConnection->simpleQuery('INSERT INTO `en...')
#3 C:\Users\PC\laragon\www\capstone\backend\system\Database\BaseBuilder.php(2308): CodeIgniter\Database\BaseConnection->query('INSERT INTO `en...', Array, false)
#4 C:\Users\PC\laragon\www\capstone\backend\system\Model.php(319): CodeIgniter\Database\BaseBuilder->insert()
#5 C:\Users\PC\laragon\www\capstone\backend\system\BaseModel.php(788): CodeIgniter\Model->doInsert(Array)
#6 C:\Users\PC\laragon\www\capstone\backend\system\Model.php(715): CodeIgniter\BaseModel->insert(Array, true)
#7 C:\Users\PC\laragon\www\capstone\backend\app\Controllers\MainController.php(915): CodeIgniter\Model->insert(Array)
#8 C:\Users\PC\laragon\www\capstone\backend\system\CodeIgniter.php(942): App\Controllers\MainController->saveDate()
#9 C:\Users\PC\laragon\www\capstone\backend\system\CodeIgniter.php(502): CodeIgniter\CodeIgniter->runController(Object(App\Controllers\MainController))
#10 C:\Users\PC\laragon\www\capstone\backend\system\CodeIgniter.php(361): CodeIgniter\CodeIgniter->handleRequest(NULL, Object(Config\Cache), false)
#11 C:\Users\PC\laragon\www\capstone\backend\public\index.php(86): CodeIgniter\CodeIgniter->run()
#12 C:\Users\PC\laragon\www\capstone\backend\system\Commands\Server\rewrite.php(47): require_once('C:\\Users\\PC\\lar...')
#13 {main}
CRITICAL - 2024-03-29 11:22:10 --> Column 'lesson_date' cannot be null
in SYSTEMPATH\Database\BaseConnection.php on line 647.
 1 SYSTEMPATH\Database\BaseBuilder.php(2308): CodeIgniter\Database\BaseConnection->query('INSERT INTO `enrollment` (`lesson_date`) VALUES (:lesson_date:)', [...], false)
 2 SYSTEMPATH\Model.php(319): CodeIgniter\Database\BaseBuilder->insert()
 3 SYSTEMPATH\BaseModel.php(788): CodeIgniter\Model->doInsert([...])
 4 SYSTEMPATH\Model.php(715): CodeIgniter\BaseModel->insert([...], true)
 5 APPPATH\Controllers\MainController.php(915): CodeIgniter\Model->insert([...])
 6 SYSTEMPATH\CodeIgniter.php(942): App\Controllers\MainController->saveDate()
 7 SYSTEMPATH\CodeIgniter.php(502): CodeIgniter\CodeIgniter->runController(Object(App\Controllers\MainController))
 8 SYSTEMPATH\CodeIgniter.php(361): CodeIgniter\CodeIgniter->handleRequest(null, Object(Config\Cache), false)
 9 FCPATH\index.php(86): CodeIgniter\CodeIgniter->run()
10 SYSTEMPATH\Commands\Server\rewrite.php(47): require_once('C:\\Users\\PC\\laragon\\www\\capstone\\backend\\public\\index.php')
ERROR - 2024-03-29 11:22:11 --> mysqli_sql_exception: Column 'lesson_date' cannot be null in C:\Users\PC\laragon\www\capstone\backend\system\Database\MySQLi\Connection.php:306
Stack trace:
#0 C:\Users\PC\laragon\www\capstone\backend\system\Database\MySQLi\Connection.php(306): mysqli->query('INSERT INTO `en...', 0)
#1 C:\Users\PC\laragon\www\capstone\backend\system\Database\BaseConnection.php(693): CodeIgniter\Database\MySQLi\Connection->execute('INSERT INTO `en...')
#2 C:\Users\PC\laragon\www\capstone\backend\system\Database\BaseConnection.php(607): CodeIgniter\Database\BaseConnection->simpleQuery('INSERT INTO `en...')
#3 C:\Users\PC\laragon\www\capstone\backend\system\Database\BaseBuilder.php(2308): CodeIgniter\Database\BaseConnection->query('INSERT INTO `en...', Array, false)
#4 C:\Users\PC\laragon\www\capstone\backend\system\Model.php(319): CodeIgniter\Database\BaseBuilder->insert()
#5 C:\Users\PC\laragon\www\capstone\backend\system\BaseModel.php(788): CodeIgniter\Model->doInsert(Array)
#6 C:\Users\PC\laragon\www\capstone\backend\system\Model.php(715): CodeIgniter\BaseModel->insert(Array, true)
#7 C:\Users\PC\laragon\www\capstone\backend\app\Controllers\MainController.php(915): CodeIgniter\Model->insert(Array)
#8 C:\Users\PC\laragon\www\capstone\backend\system\CodeIgniter.php(942): App\Controllers\MainController->saveDate()
#9 C:\Users\PC\laragon\www\capstone\backend\system\CodeIgniter.php(502): CodeIgniter\CodeIgniter->runController(Object(App\Controllers\MainController))
#10 C:\Users\PC\laragon\www\capstone\backend\system\CodeIgniter.php(361): CodeIgniter\CodeIgniter->handleRequest(NULL, Object(Config\Cache), false)
#11 C:\Users\PC\laragon\www\capstone\backend\public\index.php(86): CodeIgniter\CodeIgniter->run()
#12 C:\Users\PC\laragon\www\capstone\backend\system\Commands\Server\rewrite.php(47): require_once('C:\\Users\\PC\\lar...')
#13 {main}
CRITICAL - 2024-03-29 11:22:11 --> Column 'lesson_date' cannot be null
in SYSTEMPATH\Database\BaseConnection.php on line 647.
 1 SYSTEMPATH\Database\BaseBuilder.php(2308): CodeIgniter\Database\BaseConnection->query('INSERT INTO `enrollment` (`lesson_date`) VALUES (:lesson_date:)', [...], false)
 2 SYSTEMPATH\Model.php(319): CodeIgniter\Database\BaseBuilder->insert()
 3 SYSTEMPATH\BaseModel.php(788): CodeIgniter\Model->doInsert([...])
 4 SYSTEMPATH\Model.php(715): CodeIgniter\BaseModel->insert([...], true)
 5 APPPATH\Controllers\MainController.php(915): CodeIgniter\Model->insert([...])
 6 SYSTEMPATH\CodeIgniter.php(942): App\Controllers\MainController->saveDate()
 7 SYSTEMPATH\CodeIgniter.php(502): CodeIgniter\CodeIgniter->runController(Object(App\Controllers\MainController))
 8 SYSTEMPATH\CodeIgniter.php(361): CodeIgniter\CodeIgniter->handleRequest(null, Object(Config\Cache), false)
 9 FCPATH\index.php(86): CodeIgniter\CodeIgniter->run()
10 SYSTEMPATH\Commands\Server\rewrite.php(47): require_once('C:\\Users\\PC\\laragon\\www\\capstone\\backend\\public\\index.php')
ERROR - 2024-03-29 11:22:12 --> mysqli_sql_exception: Column 'lesson_date' cannot be null in C:\Users\PC\laragon\www\capstone\backend\system\Database\MySQLi\Connection.php:306
Stack trace:
#0 C:\Users\PC\laragon\www\capstone\backend\system\Database\MySQLi\Connection.php(306): mysqli->query('INSERT INTO `en...', 0)
#1 C:\Users\PC\laragon\www\capstone\backend\system\Database\BaseConnection.php(693): CodeIgniter\Database\MySQLi\Connection->execute('INSERT INTO `en...')
#2 C:\Users\PC\laragon\www\capstone\backend\system\Database\BaseConnection.php(607): CodeIgniter\Database\BaseConnection->simpleQuery('INSERT INTO `en...')
#3 C:\Users\PC\laragon\www\capstone\backend\system\Database\BaseBuilder.php(2308): CodeIgniter\Database\BaseConnection->query('INSERT INTO `en...', Array, false)
#4 C:\Users\PC\laragon\www\capstone\backend\system\Model.php(319): CodeIgniter\Database\BaseBuilder->insert()
#5 C:\Users\PC\laragon\www\capstone\backend\system\BaseModel.php(788): CodeIgniter\Model->doInsert(Array)
#6 C:\Users\PC\laragon\www\capstone\backend\system\Model.php(715): CodeIgniter\BaseModel->insert(Array, true)
#7 C:\Users\PC\laragon\www\capstone\backend\app\Controllers\MainController.php(915): CodeIgniter\Model->insert(Array)
#8 C:\Users\PC\laragon\www\capstone\backend\system\CodeIgniter.php(942): App\Controllers\MainController->saveDate()
#9 C:\Users\PC\laragon\www\capstone\backend\system\CodeIgniter.php(502): CodeIgniter\CodeIgniter->runController(Object(App\Controllers\MainController))
#10 C:\Users\PC\laragon\www\capstone\backend\system\CodeIgniter.php(361): CodeIgniter\CodeIgniter->handleRequest(NULL, Object(Config\Cache), false)
#11 C:\Users\PC\laragon\www\capstone\backend\public\index.php(86): CodeIgniter\CodeIgniter->run()
#12 C:\Users\PC\laragon\www\capstone\backend\system\Commands\Server\rewrite.php(47): require_once('C:\\Users\\PC\\lar...')
#13 {main}
CRITICAL - 2024-03-29 11:22:12 --> Column 'lesson_date' cannot be null
in SYSTEMPATH\Database\BaseConnection.php on line 647.
 1 SYSTEMPATH\Database\BaseBuilder.php(2308): CodeIgniter\Database\BaseConnection->query('INSERT INTO `enrollment` (`lesson_date`) VALUES (:lesson_date:)', [...], false)
 2 SYSTEMPATH\Model.php(319): CodeIgniter\Database\BaseBuilder->insert()
 3 SYSTEMPATH\BaseModel.php(788): CodeIgniter\Model->doInsert([...])
 4 SYSTEMPATH\Model.php(715): CodeIgniter\BaseModel->insert([...], true)
 5 APPPATH\Controllers\MainController.php(915): CodeIgniter\Model->insert([...])
 6 SYSTEMPATH\CodeIgniter.php(942): App\Controllers\MainController->saveDate()
 7 SYSTEMPATH\CodeIgniter.php(502): CodeIgniter\CodeIgniter->runController(Object(App\Controllers\MainController))
 8 SYSTEMPATH\CodeIgniter.php(361): CodeIgniter\CodeIgniter->handleRequest(null, Object(Config\Cache), false)
 9 FCPATH\index.php(86): CodeIgniter\CodeIgniter->run()
10 SYSTEMPATH\Commands\Server\rewrite.php(47): require_once('C:\\Users\\PC\\laragon\\www\\capstone\\backend\\public\\index.php')
ERROR - 2024-03-29 11:22:12 --> mysqli_sql_exception: Column 'lesson_date' cannot be null in C:\Users\PC\laragon\www\capstone\backend\system\Database\MySQLi\Connection.php:306
Stack trace:
#0 C:\Users\PC\laragon\www\capstone\backend\system\Database\MySQLi\Connection.php(306): mysqli->query('INSERT INTO `en...', 0)
#1 C:\Users\PC\laragon\www\capstone\backend\system\Database\BaseConnection.php(693): CodeIgniter\Database\MySQLi\Connection->execute('INSERT INTO `en...')
#2 C:\Users\PC\laragon\www\capstone\backend\system\Database\BaseConnection.php(607): CodeIgniter\Database\BaseConnection->simpleQuery('INSERT INTO `en...')
#3 C:\Users\PC\laragon\www\capstone\backend\system\Database\BaseBuilder.php(2308): CodeIgniter\Database\BaseConnection->query('INSERT INTO `en...', Array, false)
#4 C:\Users\PC\laragon\www\capstone\backend\system\Model.php(319): CodeIgniter\Database\BaseBuilder->insert()
#5 C:\Users\PC\laragon\www\capstone\backend\system\BaseModel.php(788): CodeIgniter\Model->doInsert(Array)
#6 C:\Users\PC\laragon\www\capstone\backend\system\Model.php(715): CodeIgniter\BaseModel->insert(Array, true)
#7 C:\Users\PC\laragon\www\capstone\backend\app\Controllers\MainController.php(915): CodeIgniter\Model->insert(Array)
#8 C:\Users\PC\laragon\www\capstone\backend\system\CodeIgniter.php(942): App\Controllers\MainController->saveDate()
#9 C:\Users\PC\laragon\www\capstone\backend\system\CodeIgniter.php(502): CodeIgniter\CodeIgniter->runController(Object(App\Controllers\MainController))
#10 C:\Users\PC\laragon\www\capstone\backend\system\CodeIgniter.php(361): CodeIgniter\CodeIgniter->handleRequest(NULL, Object(Config\Cache), false)
#11 C:\Users\PC\laragon\www\capstone\backend\public\index.php(86): CodeIgniter\CodeIgniter->run()
#12 C:\Users\PC\laragon\www\capstone\backend\system\Commands\Server\rewrite.php(47): require_once('C:\\Users\\PC\\lar...')
#13 {main}
CRITICAL - 2024-03-29 11:22:12 --> Column 'lesson_date' cannot be null
in SYSTEMPATH\Database\BaseConnection.php on line 647.
 1 SYSTEMPATH\Database\BaseBuilder.php(2308): CodeIgniter\Database\BaseConnection->query('INSERT INTO `enrollment` (`lesson_date`) VALUES (:lesson_date:)', [...], false)
 2 SYSTEMPATH\Model.php(319): CodeIgniter\Database\BaseBuilder->insert()
 3 SYSTEMPATH\BaseModel.php(788): CodeIgniter\Model->doInsert([...])
 4 SYSTEMPATH\Model.php(715): CodeIgniter\BaseModel->insert([...], true)
 5 APPPATH\Controllers\MainController.php(915): CodeIgniter\Model->insert([...])
 6 SYSTEMPATH\CodeIgniter.php(942): App\Controllers\MainController->saveDate()
 7 SYSTEMPATH\CodeIgniter.php(502): CodeIgniter\CodeIgniter->runController(Object(App\Controllers\MainController))
 8 SYSTEMPATH\CodeIgniter.php(361): CodeIgniter\CodeIgniter->handleRequest(null, Object(Config\Cache), false)
 9 FCPATH\index.php(86): CodeIgniter\CodeIgniter->run()
10 SYSTEMPATH\Commands\Server\rewrite.php(47): require_once('C:\\Users\\PC\\laragon\\www\\capstone\\backend\\public\\index.php')
ERROR - 2024-03-29 11:22:12 --> mysqli_sql_exception: Column 'lesson_date' cannot be null in C:\Users\PC\laragon\www\capstone\backend\system\Database\MySQLi\Connection.php:306
Stack trace:
#0 C:\Users\PC\laragon\www\capstone\backend\system\Database\MySQLi\Connection.php(306): mysqli->query('INSERT INTO `en...', 0)
#1 C:\Users\PC\laragon\www\capstone\backend\system\Database\BaseConnection.php(693): CodeIgniter\Database\MySQLi\Connection->execute('INSERT INTO `en...')
#2 C:\Users\PC\laragon\www\capstone\backend\system\Database\BaseConnection.php(607): CodeIgniter\Database\BaseConnection->simpleQuery('INSERT INTO `en...')
#3 C:\Users\PC\laragon\www\capstone\backend\system\Database\BaseBuilder.php(2308): CodeIgniter\Database\BaseConnection->query('INSERT INTO `en...', Array, false)
#4 C:\Users\PC\laragon\www\capstone\backend\system\Model.php(319): CodeIgniter\Database\BaseBuilder->insert()
#5 C:\Users\PC\laragon\www\capstone\backend\system\BaseModel.php(788): CodeIgniter\Model->doInsert(Array)
#6 C:\Users\PC\laragon\www\capstone\backend\system\Model.php(715): CodeIgniter\BaseModel->insert(Array, true)
#7 C:\Users\PC\laragon\www\capstone\backend\app\Controllers\MainController.php(915): CodeIgniter\Model->insert(Array)
#8 C:\Users\PC\laragon\www\capstone\backend\system\CodeIgniter.php(942): App\Controllers\MainController->saveDate()
#9 C:\Users\PC\laragon\www\capstone\backend\system\CodeIgniter.php(502): CodeIgniter\CodeIgniter->runController(Object(App\Controllers\MainController))
#10 C:\Users\PC\laragon\www\capstone\backend\system\CodeIgniter.php(361): CodeIgniter\CodeIgniter->handleRequest(NULL, Object(Config\Cache), false)
#11 C:\Users\PC\laragon\www\capstone\backend\public\index.php(86): CodeIgniter\CodeIgniter->run()
#12 C:\Users\PC\laragon\www\capstone\backend\system\Commands\Server\rewrite.php(47): require_once('C:\\Users\\PC\\lar...')
#13 {main}
CRITICAL - 2024-03-29 11:22:12 --> Column 'lesson_date' cannot be null
in SYSTEMPATH\Database\BaseConnection.php on line 647.
 1 SYSTEMPATH\Database\BaseBuilder.php(2308): CodeIgniter\Database\BaseConnection->query('INSERT INTO `enrollment` (`lesson_date`) VALUES (:lesson_date:)', [...], false)
 2 SYSTEMPATH\Model.php(319): CodeIgniter\Database\BaseBuilder->insert()
 3 SYSTEMPATH\BaseModel.php(788): CodeIgniter\Model->doInsert([...])
 4 SYSTEMPATH\Model.php(715): CodeIgniter\BaseModel->insert([...], true)
 5 APPPATH\Controllers\MainController.php(915): CodeIgniter\Model->insert([...])
 6 SYSTEMPATH\CodeIgniter.php(942): App\Controllers\MainController->saveDate()
 7 SYSTEMPATH\CodeIgniter.php(502): CodeIgniter\CodeIgniter->runController(Object(App\Controllers\MainController))
 8 SYSTEMPATH\CodeIgniter.php(361): CodeIgniter\CodeIgniter->handleRequest(null, Object(Config\Cache), false)
 9 FCPATH\index.php(86): CodeIgniter\CodeIgniter->run()
10 SYSTEMPATH\Commands\Server\rewrite.php(47): require_once('C:\\Users\\PC\\laragon\\www\\capstone\\backend\\public\\index.php')
ERROR - 2024-03-29 11:22:12 --> mysqli_sql_exception: Column 'lesson_date' cannot be null in C:\Users\PC\laragon\www\capstone\backend\system\Database\MySQLi\Connection.php:306
Stack trace:
#0 C:\Users\PC\laragon\www\capstone\backend\system\Database\MySQLi\Connection.php(306): mysqli->query('INSERT INTO `en...', 0)
#1 C:\Users\PC\laragon\www\capstone\backend\system\Database\BaseConnection.php(693): CodeIgniter\Database\MySQLi\Connection->execute('INSERT INTO `en...')
#2 C:\Users\PC\laragon\www\capstone\backend\system\Database\BaseConnection.php(607): CodeIgniter\Database\BaseConnection->simpleQuery('INSERT INTO `en...')
#3 C:\Users\PC\laragon\www\capstone\backend\system\Database\BaseBuilder.php(2308): CodeIgniter\Database\BaseConnection->query('INSERT INTO `en...', Array, false)
#4 C:\Users\PC\laragon\www\capstone\backend\system\Model.php(319): CodeIgniter\Database\BaseBuilder->insert()
#5 C:\Users\PC\laragon\www\capstone\backend\system\BaseModel.php(788): CodeIgniter\Model->doInsert(Array)
#6 C:\Users\PC\laragon\www\capstone\backend\system\Model.php(715): CodeIgniter\BaseModel->insert(Array, true)
#7 C:\Users\PC\laragon\www\capstone\backend\app\Controllers\MainController.php(915): CodeIgniter\Model->insert(Array)
#8 C:\Users\PC\laragon\www\capstone\backend\system\CodeIgniter.php(942): App\Controllers\MainController->saveDate()
#9 C:\Users\PC\laragon\www\capstone\backend\system\CodeIgniter.php(502): CodeIgniter\CodeIgniter->runController(Object(App\Controllers\MainController))
#10 C:\Users\PC\laragon\www\capstone\backend\system\CodeIgniter.php(361): CodeIgniter\CodeIgniter->handleRequest(NULL, Object(Config\Cache), false)
#11 C:\Users\PC\laragon\www\capstone\backend\public\index.php(86): CodeIgniter\CodeIgniter->run()
#12 C:\Users\PC\laragon\www\capstone\backend\system\Commands\Server\rewrite.php(47): require_once('C:\\Users\\PC\\lar...')
#13 {main}
CRITICAL - 2024-03-29 11:22:13 --> Column 'lesson_date' cannot be null
in SYSTEMPATH\Database\BaseConnection.php on line 647.
 1 SYSTEMPATH\Database\BaseBuilder.php(2308): CodeIgniter\Database\BaseConnection->query('INSERT INTO `enrollment` (`lesson_date`) VALUES (:lesson_date:)', [...], false)
 2 SYSTEMPATH\Model.php(319): CodeIgniter\Database\BaseBuilder->insert()
 3 SYSTEMPATH\BaseModel.php(788): CodeIgniter\Model->doInsert([...])
 4 SYSTEMPATH\Model.php(715): CodeIgniter\BaseModel->insert([...], true)
 5 APPPATH\Controllers\MainController.php(915): CodeIgniter\Model->insert([...])
 6 SYSTEMPATH\CodeIgniter.php(942): App\Controllers\MainController->saveDate()
 7 SYSTEMPATH\CodeIgniter.php(502): CodeIgniter\CodeIgniter->runController(Object(App\Controllers\MainController))
 8 SYSTEMPATH\CodeIgniter.php(361): CodeIgniter\CodeIgniter->handleRequest(null, Object(Config\Cache), false)
 9 FCPATH\index.php(86): CodeIgniter\CodeIgniter->run()
10 SYSTEMPATH\Commands\Server\rewrite.php(47): require_once('C:\\Users\\PC\\laragon\\www\\capstone\\backend\\public\\index.php')
