ERROR - 2024-07-24 09:42:32 --> mysqli_sql_exception: Unknown column 'created_at' in 'field list' in C:\Users\PC\laragon\www\capstone\backend\system\Database\MySQLi\Connection.php:306
Stack trace:
#0 C:\Users\PC\laragon\www\capstone\backend\system\Database\MySQLi\Connection.php(306): mysqli->query('INSERT INTO `sw...', 0)
#1 C:\Users\PC\laragon\www\capstone\backend\system\Database\BaseConnection.php(693): CodeIgniter\Database\MySQLi\Connection->execute('INSERT INTO `sw...')
#2 C:\Users\PC\laragon\www\capstone\backend\system\Database\BaseConnection.php(607): CodeIgniter\Database\BaseConnection->simpleQuery('INSERT INTO `sw...')
#3 C:\Users\PC\laragon\www\capstone\backend\system\Database\BaseBuilder.php(2308): CodeIgniter\Database\BaseConnection->query('INSERT INTO `sw...', Array, false)
#4 C:\Users\PC\laragon\www\capstone\backend\system\Model.php(319): CodeIgniter\Database\BaseBuilder->insert()
#5 C:\Users\PC\laragon\www\capstone\backend\system\BaseModel.php(788): CodeIgniter\Model->doInsert(Array)
#6 C:\Users\PC\laragon\www\capstone\backend\system\Model.php(715): CodeIgniter\BaseModel->insert(Array, true)
#7 C:\Users\PC\laragon\www\capstone\backend\app\Controllers\MainController.php(170): CodeIgniter\Model->insert(Array)
#8 C:\Users\PC\laragon\www\capstone\backend\system\CodeIgniter.php(942): App\Controllers\MainController->saveDate()
#9 C:\Users\PC\laragon\www\capstone\backend\system\CodeIgniter.php(502): CodeIgniter\CodeIgniter->runController(Object(App\Controllers\MainController))
#10 C:\Users\PC\laragon\www\capstone\backend\system\CodeIgniter.php(361): CodeIgniter\CodeIgniter->handleRequest(NULL, Object(Config\Cache), false)
#11 C:\Users\PC\laragon\www\capstone\backend\public\index.php(86): CodeIgniter\CodeIgniter->run()
#12 C:\Users\PC\laragon\www\capstone\backend\system\Commands\Server\rewrite.php(47): require_once('C:\\Users\\PC\\lar...')
#13 {main}
CRITICAL - 2024-07-24 09:42:32 --> Unknown column 'created_at' in 'field list'
in SYSTEMPATH\Database\BaseConnection.php on line 647.
 1 SYSTEMPATH\Database\BaseBuilder.php(2308): CodeIgniter\Database\BaseConnection->query('INSERT INTO `swimming_sched` (`swimming_date`, `created_at`) VALUES (:swimming_date:, :created_at:)', [...], false)
 2 SYSTEMPATH\Model.php(319): CodeIgniter\Database\BaseBuilder->insert()
 3 SYSTEMPATH\BaseModel.php(788): CodeIgniter\Model->doInsert([...])
 4 SYSTEMPATH\Model.php(715): CodeIgniter\BaseModel->insert([...], true)
 5 APPPATH\Controllers\MainController.php(170): CodeIgniter\Model->insert([...])
 6 SYSTEMPATH\CodeIgniter.php(942): App\Controllers\MainController->saveDate()
 7 SYSTEMPATH\CodeIgniter.php(502): CodeIgniter\CodeIgniter->runController(Object(App\Controllers\MainController))
 8 SYSTEMPATH\CodeIgniter.php(361): CodeIgniter\CodeIgniter->handleRequest(null, Object(Config\Cache), false)
 9 FCPATH\index.php(86): CodeIgniter\CodeIgniter->run()
10 SYSTEMPATH\Commands\Server\rewrite.php(47): require_once('C:\\Users\\PC\\laragon\\www\\capstone\\backend\\public\\index.php')
ERROR - 2024-07-24 09:42:32 --> mysqli_sql_exception: Unknown column 'created_at' in 'field list' in C:\Users\PC\laragon\www\capstone\backend\system\Database\MySQLi\Connection.php:306
Stack trace:
#0 C:\Users\PC\laragon\www\capstone\backend\system\Database\MySQLi\Connection.php(306): mysqli->query('INSERT INTO `sw...', 0)
#1 C:\Users\PC\laragon\www\capstone\backend\system\Database\BaseConnection.php(693): CodeIgniter\Database\MySQLi\Connection->execute('INSERT INTO `sw...')
#2 C:\Users\PC\laragon\www\capstone\backend\system\Database\BaseConnection.php(607): CodeIgniter\Database\BaseConnection->simpleQuery('INSERT INTO `sw...')
#3 C:\Users\PC\laragon\www\capstone\backend\system\Database\BaseBuilder.php(2308): CodeIgniter\Database\BaseConnection->query('INSERT INTO `sw...', Array, false)
#4 C:\Users\PC\laragon\www\capstone\backend\system\Model.php(319): CodeIgniter\Database\BaseBuilder->insert()
#5 C:\Users\PC\laragon\www\capstone\backend\system\BaseModel.php(788): CodeIgniter\Model->doInsert(Array)
#6 C:\Users\PC\laragon\www\capstone\backend\system\Model.php(715): CodeIgniter\BaseModel->insert(Array, true)
#7 C:\Users\PC\laragon\www\capstone\backend\app\Controllers\MainController.php(170): CodeIgniter\Model->insert(Array)
#8 C:\Users\PC\laragon\www\capstone\backend\system\CodeIgniter.php(942): App\Controllers\MainController->saveDate()
#9 C:\Users\PC\laragon\www\capstone\backend\system\CodeIgniter.php(502): CodeIgniter\CodeIgniter->runController(Object(App\Controllers\MainController))
#10 C:\Users\PC\laragon\www\capstone\backend\system\CodeIgniter.php(361): CodeIgniter\CodeIgniter->handleRequest(NULL, Object(Config\Cache), false)
#11 C:\Users\PC\laragon\www\capstone\backend\public\index.php(86): CodeIgniter\CodeIgniter->run()
#12 C:\Users\PC\laragon\www\capstone\backend\system\Commands\Server\rewrite.php(47): require_once('C:\\Users\\PC\\lar...')
#13 {main}
CRITICAL - 2024-07-24 09:42:32 --> Unknown column 'created_at' in 'field list'
in SYSTEMPATH\Database\BaseConnection.php on line 647.
 1 SYSTEMPATH\Database\BaseBuilder.php(2308): CodeIgniter\Database\BaseConnection->query('INSERT INTO `swimming_sched` (`swimming_date`, `created_at`) VALUES (:swimming_date:, :created_at:)', [...], false)
 2 SYSTEMPATH\Model.php(319): CodeIgniter\Database\BaseBuilder->insert()
 3 SYSTEMPATH\BaseModel.php(788): CodeIgniter\Model->doInsert([...])
 4 SYSTEMPATH\Model.php(715): CodeIgniter\BaseModel->insert([...], true)
 5 APPPATH\Controllers\MainController.php(170): CodeIgniter\Model->insert([...])
 6 SYSTEMPATH\CodeIgniter.php(942): App\Controllers\MainController->saveDate()
 7 SYSTEMPATH\CodeIgniter.php(502): CodeIgniter\CodeIgniter->runController(Object(App\Controllers\MainController))
 8 SYSTEMPATH\CodeIgniter.php(361): CodeIgniter\CodeIgniter->handleRequest(null, Object(Config\Cache), false)
 9 FCPATH\index.php(86): CodeIgniter\CodeIgniter->run()
10 SYSTEMPATH\Commands\Server\rewrite.php(47): require_once('C:\\Users\\PC\\laragon\\www\\capstone\\backend\\public\\index.php')
ERROR - 2024-07-24 09:42:32 --> mysqli_sql_exception: Unknown column 'created_at' in 'field list' in C:\Users\PC\laragon\www\capstone\backend\system\Database\MySQLi\Connection.php:306
Stack trace:
#0 C:\Users\PC\laragon\www\capstone\backend\system\Database\MySQLi\Connection.php(306): mysqli->query('INSERT INTO `sw...', 0)
#1 C:\Users\PC\laragon\www\capstone\backend\system\Database\BaseConnection.php(693): CodeIgniter\Database\MySQLi\Connection->execute('INSERT INTO `sw...')
#2 C:\Users\PC\laragon\www\capstone\backend\system\Database\BaseConnection.php(607): CodeIgniter\Database\BaseConnection->simpleQuery('INSERT INTO `sw...')
#3 C:\Users\PC\laragon\www\capstone\backend\system\Database\BaseBuilder.php(2308): CodeIgniter\Database\BaseConnection->query('INSERT INTO `sw...', Array, false)
#4 C:\Users\PC\laragon\www\capstone\backend\system\Model.php(319): CodeIgniter\Database\BaseBuilder->insert()
#5 C:\Users\PC\laragon\www\capstone\backend\system\BaseModel.php(788): CodeIgniter\Model->doInsert(Array)
#6 C:\Users\PC\laragon\www\capstone\backend\system\Model.php(715): CodeIgniter\BaseModel->insert(Array, true)
#7 C:\Users\PC\laragon\www\capstone\backend\app\Controllers\MainController.php(170): CodeIgniter\Model->insert(Array)
#8 C:\Users\PC\laragon\www\capstone\backend\system\CodeIgniter.php(942): App\Controllers\MainController->saveDate()
#9 C:\Users\PC\laragon\www\capstone\backend\system\CodeIgniter.php(502): CodeIgniter\CodeIgniter->runController(Object(App\Controllers\MainController))
#10 C:\Users\PC\laragon\www\capstone\backend\system\CodeIgniter.php(361): CodeIgniter\CodeIgniter->handleRequest(NULL, Object(Config\Cache), false)
#11 C:\Users\PC\laragon\www\capstone\backend\public\index.php(86): CodeIgniter\CodeIgniter->run()
#12 C:\Users\PC\laragon\www\capstone\backend\system\Commands\Server\rewrite.php(47): require_once('C:\\Users\\PC\\lar...')
#13 {main}
CRITICAL - 2024-07-24 09:42:32 --> Unknown column 'created_at' in 'field list'
in SYSTEMPATH\Database\BaseConnection.php on line 647.
 1 SYSTEMPATH\Database\BaseBuilder.php(2308): CodeIgniter\Database\BaseConnection->query('INSERT INTO `swimming_sched` (`swimming_date`, `created_at`) VALUES (:swimming_date:, :created_at:)', [...], false)
 2 SYSTEMPATH\Model.php(319): CodeIgniter\Database\BaseBuilder->insert()
 3 SYSTEMPATH\BaseModel.php(788): CodeIgniter\Model->doInsert([...])
 4 SYSTEMPATH\Model.php(715): CodeIgniter\BaseModel->insert([...], true)
 5 APPPATH\Controllers\MainController.php(170): CodeIgniter\Model->insert([...])
 6 SYSTEMPATH\CodeIgniter.php(942): App\Controllers\MainController->saveDate()
 7 SYSTEMPATH\CodeIgniter.php(502): CodeIgniter\CodeIgniter->runController(Object(App\Controllers\MainController))
 8 SYSTEMPATH\CodeIgniter.php(361): CodeIgniter\CodeIgniter->handleRequest(null, Object(Config\Cache), false)
 9 FCPATH\index.php(86): CodeIgniter\CodeIgniter->run()
10 SYSTEMPATH\Commands\Server\rewrite.php(47): require_once('C:\\Users\\PC\\laragon\\www\\capstone\\backend\\public\\index.php')
ERROR - 2024-07-24 09:42:33 --> mysqli_sql_exception: Unknown column 'created_at' in 'field list' in C:\Users\PC\laragon\www\capstone\backend\system\Database\MySQLi\Connection.php:306
Stack trace:
#0 C:\Users\PC\laragon\www\capstone\backend\system\Database\MySQLi\Connection.php(306): mysqli->query('INSERT INTO `sw...', 0)
#1 C:\Users\PC\laragon\www\capstone\backend\system\Database\BaseConnection.php(693): CodeIgniter\Database\MySQLi\Connection->execute('INSERT INTO `sw...')
#2 C:\Users\PC\laragon\www\capstone\backend\system\Database\BaseConnection.php(607): CodeIgniter\Database\BaseConnection->simpleQuery('INSERT INTO `sw...')
#3 C:\Users\PC\laragon\www\capstone\backend\system\Database\BaseBuilder.php(2308): CodeIgniter\Database\BaseConnection->query('INSERT INTO `sw...', Array, false)
#4 C:\Users\PC\laragon\www\capstone\backend\system\Model.php(319): CodeIgniter\Database\BaseBuilder->insert()
#5 C:\Users\PC\laragon\www\capstone\backend\system\BaseModel.php(788): CodeIgniter\Model->doInsert(Array)
#6 C:\Users\PC\laragon\www\capstone\backend\system\Model.php(715): CodeIgniter\BaseModel->insert(Array, true)
#7 C:\Users\PC\laragon\www\capstone\backend\app\Controllers\MainController.php(170): CodeIgniter\Model->insert(Array)
#8 C:\Users\PC\laragon\www\capstone\backend\system\CodeIgniter.php(942): App\Controllers\MainController->saveDate()
#9 C:\Users\PC\laragon\www\capstone\backend\system\CodeIgniter.php(502): CodeIgniter\CodeIgniter->runController(Object(App\Controllers\MainController))
#10 C:\Users\PC\laragon\www\capstone\backend\system\CodeIgniter.php(361): CodeIgniter\CodeIgniter->handleRequest(NULL, Object(Config\Cache), false)
#11 C:\Users\PC\laragon\www\capstone\backend\public\index.php(86): CodeIgniter\CodeIgniter->run()
#12 C:\Users\PC\laragon\www\capstone\backend\system\Commands\Server\rewrite.php(47): require_once('C:\\Users\\PC\\lar...')
#13 {main}
CRITICAL - 2024-07-24 09:42:33 --> Unknown column 'created_at' in 'field list'
in SYSTEMPATH\Database\BaseConnection.php on line 647.
 1 SYSTEMPATH\Database\BaseBuilder.php(2308): CodeIgniter\Database\BaseConnection->query('INSERT INTO `swimming_sched` (`swimming_date`, `created_at`) VALUES (:swimming_date:, :created_at:)', [...], false)
 2 SYSTEMPATH\Model.php(319): CodeIgniter\Database\BaseBuilder->insert()
 3 SYSTEMPATH\BaseModel.php(788): CodeIgniter\Model->doInsert([...])
 4 SYSTEMPATH\Model.php(715): CodeIgniter\BaseModel->insert([...], true)
 5 APPPATH\Controllers\MainController.php(170): CodeIgniter\Model->insert([...])
 6 SYSTEMPATH\CodeIgniter.php(942): App\Controllers\MainController->saveDate()
 7 SYSTEMPATH\CodeIgniter.php(502): CodeIgniter\CodeIgniter->runController(Object(App\Controllers\MainController))
 8 SYSTEMPATH\CodeIgniter.php(361): CodeIgniter\CodeIgniter->handleRequest(null, Object(Config\Cache), false)
 9 FCPATH\index.php(86): CodeIgniter\CodeIgniter->run()
10 SYSTEMPATH\Commands\Server\rewrite.php(47): require_once('C:\\Users\\PC\\laragon\\www\\capstone\\backend\\public\\index.php')
ERROR - 2024-07-24 09:42:36 --> mysqli_sql_exception: Unknown column 'created_at' in 'field list' in C:\Users\PC\laragon\www\capstone\backend\system\Database\MySQLi\Connection.php:306
Stack trace:
#0 C:\Users\PC\laragon\www\capstone\backend\system\Database\MySQLi\Connection.php(306): mysqli->query('INSERT INTO `sw...', 0)
#1 C:\Users\PC\laragon\www\capstone\backend\system\Database\BaseConnection.php(693): CodeIgniter\Database\MySQLi\Connection->execute('INSERT INTO `sw...')
#2 C:\Users\PC\laragon\www\capstone\backend\system\Database\BaseConnection.php(607): CodeIgniter\Database\BaseConnection->simpleQuery('INSERT INTO `sw...')
#3 C:\Users\PC\laragon\www\capstone\backend\system\Database\BaseBuilder.php(2308): CodeIgniter\Database\BaseConnection->query('INSERT INTO `sw...', Array, false)
#4 C:\Users\PC\laragon\www\capstone\backend\system\Model.php(319): CodeIgniter\Database\BaseBuilder->insert()
#5 C:\Users\PC\laragon\www\capstone\backend\system\BaseModel.php(788): CodeIgniter\Model->doInsert(Array)
#6 C:\Users\PC\laragon\www\capstone\backend\system\Model.php(715): CodeIgniter\BaseModel->insert(Array, true)
#7 C:\Users\PC\laragon\www\capstone\backend\app\Controllers\MainController.php(170): CodeIgniter\Model->insert(Array)
#8 C:\Users\PC\laragon\www\capstone\backend\system\CodeIgniter.php(942): App\Controllers\MainController->saveDate()
#9 C:\Users\PC\laragon\www\capstone\backend\system\CodeIgniter.php(502): CodeIgniter\CodeIgniter->runController(Object(App\Controllers\MainController))
#10 C:\Users\PC\laragon\www\capstone\backend\system\CodeIgniter.php(361): CodeIgniter\CodeIgniter->handleRequest(NULL, Object(Config\Cache), false)
#11 C:\Users\PC\laragon\www\capstone\backend\public\index.php(86): CodeIgniter\CodeIgniter->run()
#12 C:\Users\PC\laragon\www\capstone\backend\system\Commands\Server\rewrite.php(47): require_once('C:\\Users\\PC\\lar...')
#13 {main}
CRITICAL - 2024-07-24 09:42:36 --> Unknown column 'created_at' in 'field list'
in SYSTEMPATH\Database\BaseConnection.php on line 647.
 1 SYSTEMPATH\Database\BaseBuilder.php(2308): CodeIgniter\Database\BaseConnection->query('INSERT INTO `swimming_sched` (`swimming_date`, `created_at`) VALUES (:swimming_date:, :created_at:)', [...], false)
 2 SYSTEMPATH\Model.php(319): CodeIgniter\Database\BaseBuilder->insert()
 3 SYSTEMPATH\BaseModel.php(788): CodeIgniter\Model->doInsert([...])
 4 SYSTEMPATH\Model.php(715): CodeIgniter\BaseModel->insert([...], true)
 5 APPPATH\Controllers\MainController.php(170): CodeIgniter\Model->insert([...])
 6 SYSTEMPATH\CodeIgniter.php(942): App\Controllers\MainController->saveDate()
 7 SYSTEMPATH\CodeIgniter.php(502): CodeIgniter\CodeIgniter->runController(Object(App\Controllers\MainController))
 8 SYSTEMPATH\CodeIgniter.php(361): CodeIgniter\CodeIgniter->handleRequest(null, Object(Config\Cache), false)
 9 FCPATH\index.php(86): CodeIgniter\CodeIgniter->run()
10 SYSTEMPATH\Commands\Server\rewrite.php(47): require_once('C:\\Users\\PC\\laragon\\www\\capstone\\backend\\public\\index.php')
ERROR - 2024-07-24 09:43:21 --> mysqli_sql_exception: Unknown column 'created_at' in 'field list' in C:\Users\PC\laragon\www\capstone\backend\system\Database\MySQLi\Connection.php:306
Stack trace:
#0 C:\Users\PC\laragon\www\capstone\backend\system\Database\MySQLi\Connection.php(306): mysqli->query('INSERT INTO `sw...', 0)
#1 C:\Users\PC\laragon\www\capstone\backend\system\Database\BaseConnection.php(693): CodeIgniter\Database\MySQLi\Connection->execute('INSERT INTO `sw...')
#2 C:\Users\PC\laragon\www\capstone\backend\system\Database\BaseConnection.php(607): CodeIgniter\Database\BaseConnection->simpleQuery('INSERT INTO `sw...')
#3 C:\Users\PC\laragon\www\capstone\backend\system\Database\BaseBuilder.php(2308): CodeIgniter\Database\BaseConnection->query('INSERT INTO `sw...', Array, false)
#4 C:\Users\PC\laragon\www\capstone\backend\system\Model.php(319): CodeIgniter\Database\BaseBuilder->insert()
#5 C:\Users\PC\laragon\www\capstone\backend\system\BaseModel.php(788): CodeIgniter\Model->doInsert(Array)
#6 C:\Users\PC\laragon\www\capstone\backend\system\Model.php(715): CodeIgniter\BaseModel->insert(Array, true)
#7 C:\Users\PC\laragon\www\capstone\backend\app\Controllers\MainController.php(170): CodeIgniter\Model->insert(Array)
#8 C:\Users\PC\laragon\www\capstone\backend\system\CodeIgniter.php(942): App\Controllers\MainController->saveDate()
#9 C:\Users\PC\laragon\www\capstone\backend\system\CodeIgniter.php(502): CodeIgniter\CodeIgniter->runController(Object(App\Controllers\MainController))
#10 C:\Users\PC\laragon\www\capstone\backend\system\CodeIgniter.php(361): CodeIgniter\CodeIgniter->handleRequest(NULL, Object(Config\Cache), false)
#11 C:\Users\PC\laragon\www\capstone\backend\public\index.php(86): CodeIgniter\CodeIgniter->run()
#12 C:\Users\PC\laragon\www\capstone\backend\system\Commands\Server\rewrite.php(47): require_once('C:\\Users\\PC\\lar...')
#13 {main}
CRITICAL - 2024-07-24 09:43:21 --> Unknown column 'created_at' in 'field list'
in SYSTEMPATH\Database\BaseConnection.php on line 647.
 1 SYSTEMPATH\Database\BaseBuilder.php(2308): CodeIgniter\Database\BaseConnection->query('INSERT INTO `swimming_sched` (`swimming_date`, `created_at`) VALUES (:swimming_date:, :created_at:)', [...], false)
 2 SYSTEMPATH\Model.php(319): CodeIgniter\Database\BaseBuilder->insert()
 3 SYSTEMPATH\BaseModel.php(788): CodeIgniter\Model->doInsert([...])
 4 SYSTEMPATH\Model.php(715): CodeIgniter\BaseModel->insert([...], true)
 5 APPPATH\Controllers\MainController.php(170): CodeIgniter\Model->insert([...])
 6 SYSTEMPATH\CodeIgniter.php(942): App\Controllers\MainController->saveDate()
 7 SYSTEMPATH\CodeIgniter.php(502): CodeIgniter\CodeIgniter->runController(Object(App\Controllers\MainController))
 8 SYSTEMPATH\CodeIgniter.php(361): CodeIgniter\CodeIgniter->handleRequest(null, Object(Config\Cache), false)
 9 FCPATH\index.php(86): CodeIgniter\CodeIgniter->run()
10 SYSTEMPATH\Commands\Server\rewrite.php(47): require_once('C:\\Users\\PC\\laragon\\www\\capstone\\backend\\public\\index.php')
ERROR - 2024-07-24 09:43:23 --> mysqli_sql_exception: Unknown column 'created_at' in 'field list' in C:\Users\PC\laragon\www\capstone\backend\system\Database\MySQLi\Connection.php:306
Stack trace:
#0 C:\Users\PC\laragon\www\capstone\backend\system\Database\MySQLi\Connection.php(306): mysqli->query('INSERT INTO `sw...', 0)
#1 C:\Users\PC\laragon\www\capstone\backend\system\Database\BaseConnection.php(693): CodeIgniter\Database\MySQLi\Connection->execute('INSERT INTO `sw...')
#2 C:\Users\PC\laragon\www\capstone\backend\system\Database\BaseConnection.php(607): CodeIgniter\Database\BaseConnection->simpleQuery('INSERT INTO `sw...')
#3 C:\Users\PC\laragon\www\capstone\backend\system\Database\BaseBuilder.php(2308): CodeIgniter\Database\BaseConnection->query('INSERT INTO `sw...', Array, false)
#4 C:\Users\PC\laragon\www\capstone\backend\system\Model.php(319): CodeIgniter\Database\BaseBuilder->insert()
#5 C:\Users\PC\laragon\www\capstone\backend\system\BaseModel.php(788): CodeIgniter\Model->doInsert(Array)
#6 C:\Users\PC\laragon\www\capstone\backend\system\Model.php(715): CodeIgniter\BaseModel->insert(Array, true)
#7 C:\Users\PC\laragon\www\capstone\backend\app\Controllers\MainController.php(170): CodeIgniter\Model->insert(Array)
#8 C:\Users\PC\laragon\www\capstone\backend\system\CodeIgniter.php(942): App\Controllers\MainController->saveDate()
#9 C:\Users\PC\laragon\www\capstone\backend\system\CodeIgniter.php(502): CodeIgniter\CodeIgniter->runController(Object(App\Controllers\MainController))
#10 C:\Users\PC\laragon\www\capstone\backend\system\CodeIgniter.php(361): CodeIgniter\CodeIgniter->handleRequest(NULL, Object(Config\Cache), false)
#11 C:\Users\PC\laragon\www\capstone\backend\public\index.php(86): CodeIgniter\CodeIgniter->run()
#12 C:\Users\PC\laragon\www\capstone\backend\system\Commands\Server\rewrite.php(47): require_once('C:\\Users\\PC\\lar...')
#13 {main}
CRITICAL - 2024-07-24 09:43:23 --> Unknown column 'created_at' in 'field list'
in SYSTEMPATH\Database\BaseConnection.php on line 647.
 1 SYSTEMPATH\Database\BaseBuilder.php(2308): CodeIgniter\Database\BaseConnection->query('INSERT INTO `swimming_sched` (`swimming_date`, `created_at`) VALUES (:swimming_date:, :created_at:)', [...], false)
 2 SYSTEMPATH\Model.php(319): CodeIgniter\Database\BaseBuilder->insert()
 3 SYSTEMPATH\BaseModel.php(788): CodeIgniter\Model->doInsert([...])
 4 SYSTEMPATH\Model.php(715): CodeIgniter\BaseModel->insert([...], true)
 5 APPPATH\Controllers\MainController.php(170): CodeIgniter\Model->insert([...])
 6 SYSTEMPATH\CodeIgniter.php(942): App\Controllers\MainController->saveDate()
 7 SYSTEMPATH\CodeIgniter.php(502): CodeIgniter\CodeIgniter->runController(Object(App\Controllers\MainController))
 8 SYSTEMPATH\CodeIgniter.php(361): CodeIgniter\CodeIgniter->handleRequest(null, Object(Config\Cache), false)
 9 FCPATH\index.php(86): CodeIgniter\CodeIgniter->run()
10 SYSTEMPATH\Commands\Server\rewrite.php(47): require_once('C:\\Users\\PC\\laragon\\www\\capstone\\backend\\public\\index.php')
ERROR - 2024-07-24 09:43:23 --> mysqli_sql_exception: Unknown column 'created_at' in 'field list' in C:\Users\PC\laragon\www\capstone\backend\system\Database\MySQLi\Connection.php:306
Stack trace:
#0 C:\Users\PC\laragon\www\capstone\backend\system\Database\MySQLi\Connection.php(306): mysqli->query('INSERT INTO `sw...', 0)
#1 C:\Users\PC\laragon\www\capstone\backend\system\Database\BaseConnection.php(693): CodeIgniter\Database\MySQLi\Connection->execute('INSERT INTO `sw...')
#2 C:\Users\PC\laragon\www\capstone\backend\system\Database\BaseConnection.php(607): CodeIgniter\Database\BaseConnection->simpleQuery('INSERT INTO `sw...')
#3 C:\Users\PC\laragon\www\capstone\backend\system\Database\BaseBuilder.php(2308): CodeIgniter\Database\BaseConnection->query('INSERT INTO `sw...', Array, false)
#4 C:\Users\PC\laragon\www\capstone\backend\system\Model.php(319): CodeIgniter\Database\BaseBuilder->insert()
#5 C:\Users\PC\laragon\www\capstone\backend\system\BaseModel.php(788): CodeIgniter\Model->doInsert(Array)
#6 C:\Users\PC\laragon\www\capstone\backend\system\Model.php(715): CodeIgniter\BaseModel->insert(Array, true)
#7 C:\Users\PC\laragon\www\capstone\backend\app\Controllers\MainController.php(170): CodeIgniter\Model->insert(Array)
#8 C:\Users\PC\laragon\www\capstone\backend\system\CodeIgniter.php(942): App\Controllers\MainController->saveDate()
#9 C:\Users\PC\laragon\www\capstone\backend\system\CodeIgniter.php(502): CodeIgniter\CodeIgniter->runController(Object(App\Controllers\MainController))
#10 C:\Users\PC\laragon\www\capstone\backend\system\CodeIgniter.php(361): CodeIgniter\CodeIgniter->handleRequest(NULL, Object(Config\Cache), false)
#11 C:\Users\PC\laragon\www\capstone\backend\public\index.php(86): CodeIgniter\CodeIgniter->run()
#12 C:\Users\PC\laragon\www\capstone\backend\system\Commands\Server\rewrite.php(47): require_once('C:\\Users\\PC\\lar...')
#13 {main}
CRITICAL - 2024-07-24 09:43:23 --> Unknown column 'created_at' in 'field list'
in SYSTEMPATH\Database\BaseConnection.php on line 647.
 1 SYSTEMPATH\Database\BaseBuilder.php(2308): CodeIgniter\Database\BaseConnection->query('INSERT INTO `swimming_sched` (`swimming_date`, `created_at`) VALUES (:swimming_date:, :created_at:)', [...], false)
 2 SYSTEMPATH\Model.php(319): CodeIgniter\Database\BaseBuilder->insert()
 3 SYSTEMPATH\BaseModel.php(788): CodeIgniter\Model->doInsert([...])
 4 SYSTEMPATH\Model.php(715): CodeIgniter\BaseModel->insert([...], true)
 5 APPPATH\Controllers\MainController.php(170): CodeIgniter\Model->insert([...])
 6 SYSTEMPATH\CodeIgniter.php(942): App\Controllers\MainController->saveDate()
 7 SYSTEMPATH\CodeIgniter.php(502): CodeIgniter\CodeIgniter->runController(Object(App\Controllers\MainController))
 8 SYSTEMPATH\CodeIgniter.php(361): CodeIgniter\CodeIgniter->handleRequest(null, Object(Config\Cache), false)
 9 FCPATH\index.php(86): CodeIgniter\CodeIgniter->run()
10 SYSTEMPATH\Commands\Server\rewrite.php(47): require_once('C:\\Users\\PC\\laragon\\www\\capstone\\backend\\public\\index.php')
ERROR - 2024-07-24 09:43:23 --> mysqli_sql_exception: Unknown column 'created_at' in 'field list' in C:\Users\PC\laragon\www\capstone\backend\system\Database\MySQLi\Connection.php:306
Stack trace:
#0 C:\Users\PC\laragon\www\capstone\backend\system\Database\MySQLi\Connection.php(306): mysqli->query('INSERT INTO `sw...', 0)
#1 C:\Users\PC\laragon\www\capstone\backend\system\Database\BaseConnection.php(693): CodeIgniter\Database\MySQLi\Connection->execute('INSERT INTO `sw...')
#2 C:\Users\PC\laragon\www\capstone\backend\system\Database\BaseConnection.php(607): CodeIgniter\Database\BaseConnection->simpleQuery('INSERT INTO `sw...')
#3 C:\Users\PC\laragon\www\capstone\backend\system\Database\BaseBuilder.php(2308): CodeIgniter\Database\BaseConnection->query('INSERT INTO `sw...', Array, false)
#4 C:\Users\PC\laragon\www\capstone\backend\system\Model.php(319): CodeIgniter\Database\BaseBuilder->insert()
#5 C:\Users\PC\laragon\www\capstone\backend\system\BaseModel.php(788): CodeIgniter\Model->doInsert(Array)
#6 C:\Users\PC\laragon\www\capstone\backend\system\Model.php(715): CodeIgniter\BaseModel->insert(Array, true)
#7 C:\Users\PC\laragon\www\capstone\backend\app\Controllers\MainController.php(170): CodeIgniter\Model->insert(Array)
#8 C:\Users\PC\laragon\www\capstone\backend\system\CodeIgniter.php(942): App\Controllers\MainController->saveDate()
#9 C:\Users\PC\laragon\www\capstone\backend\system\CodeIgniter.php(502): CodeIgniter\CodeIgniter->runController(Object(App\Controllers\MainController))
#10 C:\Users\PC\laragon\www\capstone\backend\system\CodeIgniter.php(361): CodeIgniter\CodeIgniter->handleRequest(NULL, Object(Config\Cache), false)
#11 C:\Users\PC\laragon\www\capstone\backend\public\index.php(86): CodeIgniter\CodeIgniter->run()
#12 C:\Users\PC\laragon\www\capstone\backend\system\Commands\Server\rewrite.php(47): require_once('C:\\Users\\PC\\lar...')
#13 {main}
CRITICAL - 2024-07-24 09:43:23 --> Unknown column 'created_at' in 'field list'
in SYSTEMPATH\Database\BaseConnection.php on line 647.
 1 SYSTEMPATH\Database\BaseBuilder.php(2308): CodeIgniter\Database\BaseConnection->query('INSERT INTO `swimming_sched` (`swimming_date`, `created_at`) VALUES (:swimming_date:, :created_at:)', [...], false)
 2 SYSTEMPATH\Model.php(319): CodeIgniter\Database\BaseBuilder->insert()
 3 SYSTEMPATH\BaseModel.php(788): CodeIgniter\Model->doInsert([...])
 4 SYSTEMPATH\Model.php(715): CodeIgniter\BaseModel->insert([...], true)
 5 APPPATH\Controllers\MainController.php(170): CodeIgniter\Model->insert([...])
 6 SYSTEMPATH\CodeIgniter.php(942): App\Controllers\MainController->saveDate()
 7 SYSTEMPATH\CodeIgniter.php(502): CodeIgniter\CodeIgniter->runController(Object(App\Controllers\MainController))
 8 SYSTEMPATH\CodeIgniter.php(361): CodeIgniter\CodeIgniter->handleRequest(null, Object(Config\Cache), false)
 9 FCPATH\index.php(86): CodeIgniter\CodeIgniter->run()
10 SYSTEMPATH\Commands\Server\rewrite.php(47): require_once('C:\\Users\\PC\\laragon\\www\\capstone\\backend\\public\\index.php')
