CRITICAL - 2024-09-02 02:53:28 --> Call to a member function findAll() on null
in APPPATH\Controllers\MainController.php on line 58.
 1 SYSTEMPATH\CodeIgniter.php(942): App\Controllers\MainController->fetchMenuItems()
 2 SYSTEMPATH\CodeIgniter.php(502): CodeIgniter\CodeIgniter->runController(Object(App\Controllers\MainController))
 3 SYSTEMPATH\CodeIgniter.php(361): CodeIgniter\CodeIgniter->handleRequest(null, Object(Config\Cache), false)
 4 FCPATH\index.php(86): CodeIgniter\CodeIgniter->run()
 5 SYSTEMPATH\Commands\Server\rewrite.php(47): require_once('C:\\laragon\\www\\capstone\\backend\\public\\index.php')
CRITICAL - 2024-09-02 02:53:44 --> Call to a member function save() on null
in APPPATH\Controllers\MainController.php on line 68.
 1 SYSTEMPATH\CodeIgniter.php(942): App\Controllers\MainController->addMenuItem()
 2 SYSTEMPATH\CodeIgniter.php(502): CodeIgniter\CodeIgniter->runController(Object(App\Controllers\MainController))
 3 SYSTEMPATH\CodeIgniter.php(361): CodeIgniter\CodeIgniter->handleRequest(null, Object(Config\Cache), false)
 4 FCPATH\index.php(86): CodeIgniter\CodeIgniter->run()
 5 SYSTEMPATH\Commands\Server\rewrite.php(47): require_once('C:\\laragon\\www\\capstone\\backend\\public\\index.php')
CRITICAL - 2024-09-02 02:53:45 --> Call to a member function save() on null
in APPPATH\Controllers\MainController.php on line 68.
 1 SYSTEMPATH\CodeIgniter.php(942): App\Controllers\MainController->addMenuItem()
 2 SYSTEMPATH\CodeIgniter.php(502): CodeIgniter\CodeIgniter->runController(Object(App\Controllers\MainController))
 3 SYSTEMPATH\CodeIgniter.php(361): CodeIgniter\CodeIgniter->handleRequest(null, Object(Config\Cache), false)
 4 FCPATH\index.php(86): CodeIgniter\CodeIgniter->run()
 5 SYSTEMPATH\Commands\Server\rewrite.php(47): require_once('C:\\laragon\\www\\capstone\\backend\\public\\index.php')
CRITICAL - 2024-09-02 02:53:45 --> Call to a member function save() on null
in APPPATH\Controllers\MainController.php on line 68.
 1 SYSTEMPATH\CodeIgniter.php(942): App\Controllers\MainController->addMenuItem()
 2 SYSTEMPATH\CodeIgniter.php(502): CodeIgniter\CodeIgniter->runController(Object(App\Controllers\MainController))
 3 SYSTEMPATH\CodeIgniter.php(361): CodeIgniter\CodeIgniter->handleRequest(null, Object(Config\Cache), false)
 4 FCPATH\index.php(86): CodeIgniter\CodeIgniter->run()
 5 SYSTEMPATH\Commands\Server\rewrite.php(47): require_once('C:\\laragon\\www\\capstone\\backend\\public\\index.php')
CRITICAL - 2024-09-02 02:53:45 --> Call to a member function save() on null
in APPPATH\Controllers\MainController.php on line 68.
 1 SYSTEMPATH\CodeIgniter.php(942): App\Controllers\MainController->addMenuItem()
 2 SYSTEMPATH\CodeIgniter.php(502): CodeIgniter\CodeIgniter->runController(Object(App\Controllers\MainController))
 3 SYSTEMPATH\CodeIgniter.php(361): CodeIgniter\CodeIgniter->handleRequest(null, Object(Config\Cache), false)
 4 FCPATH\index.php(86): CodeIgniter\CodeIgniter->run()
 5 SYSTEMPATH\Commands\Server\rewrite.php(47): require_once('C:\\laragon\\www\\capstone\\backend\\public\\index.php')
CRITICAL - 2024-09-02 02:53:46 --> Call to a member function save() on null
in APPPATH\Controllers\MainController.php on line 68.
 1 SYSTEMPATH\CodeIgniter.php(942): App\Controllers\MainController->addMenuItem()
 2 SYSTEMPATH\CodeIgniter.php(502): CodeIgniter\CodeIgniter->runController(Object(App\Controllers\MainController))
 3 SYSTEMPATH\CodeIgniter.php(361): CodeIgniter\CodeIgniter->handleRequest(null, Object(Config\Cache), false)
 4 FCPATH\index.php(86): CodeIgniter\CodeIgniter->run()
 5 SYSTEMPATH\Commands\Server\rewrite.php(47): require_once('C:\\laragon\\www\\capstone\\backend\\public\\index.php')
CRITICAL - 2024-09-02 02:53:46 --> Call to a member function save() on null
in APPPATH\Controllers\MainController.php on line 68.
 1 SYSTEMPATH\CodeIgniter.php(942): App\Controllers\MainController->addMenuItem()
 2 SYSTEMPATH\CodeIgniter.php(502): CodeIgniter\CodeIgniter->runController(Object(App\Controllers\MainController))
 3 SYSTEMPATH\CodeIgniter.php(361): CodeIgniter\CodeIgniter->handleRequest(null, Object(Config\Cache), false)
 4 FCPATH\index.php(86): CodeIgniter\CodeIgniter->run()
 5 SYSTEMPATH\Commands\Server\rewrite.php(47): require_once('C:\\laragon\\www\\capstone\\backend\\public\\index.php')
CRITICAL - 2024-09-02 02:53:47 --> Call to a member function save() on null
in APPPATH\Controllers\MainController.php on line 68.
 1 SYSTEMPATH\CodeIgniter.php(942): App\Controllers\MainController->addMenuItem()
 2 SYSTEMPATH\CodeIgniter.php(502): CodeIgniter\CodeIgniter->runController(Object(App\Controllers\MainController))
 3 SYSTEMPATH\CodeIgniter.php(361): CodeIgniter\CodeIgniter->handleRequest(null, Object(Config\Cache), false)
 4 FCPATH\index.php(86): CodeIgniter\CodeIgniter->run()
 5 SYSTEMPATH\Commands\Server\rewrite.php(47): require_once('C:\\laragon\\www\\capstone\\backend\\public\\index.php')
