ERROR - 2024-04-01 11:59:24 --> mysqli_sql_exception: Unknown column 'swimming_date' in 'field list' in C:\laragon\www\capstone\backend\system\Database\MySQLi\Connection.php:306
Stack trace:
#0 C:\laragon\www\capstone\backend\system\Database\MySQLi\Connection.php(306): mysqli->query('SELECT `swimmin...', 0)
#1 C:\laragon\www\capstone\backend\system\Database\BaseConnection.php(693): CodeIgniter\Database\MySQLi\Connection->execute('SELECT `swimmin...')
#2 C:\laragon\www\capstone\backend\system\Database\BaseConnection.php(607): CodeIgniter\Database\BaseConnection->simpleQuery('SELECT `swimmin...')
#3 C:\laragon\www\capstone\backend\system\Database\BaseBuilder.php(1615): CodeIgniter\Database\BaseConnection->query('SELECT `swimmin...', Array, false)
#4 C:\laragon\www\capstone\backend\system\Model.php(237): CodeIgniter\Database\BaseBuilder->get()
#5 C:\laragon\www\capstone\backend\system\BaseModel.php(624): CodeIgniter\Model->doFindAll(0, 0)
#6 C:\laragon\www\capstone\backend\app\Controllers\MainController.php(424): CodeIgniter\BaseModel->findAll()
#7 C:\laragon\www\capstone\backend\system\CodeIgniter.php(942): App\Controllers\MainController->getDate()
#8 C:\laragon\www\capstone\backend\system\CodeIgniter.php(502): CodeIgniter\CodeIgniter->runController(Object(App\Controllers\MainController))
#9 C:\laragon\www\capstone\backend\system\CodeIgniter.php(361): CodeIgniter\CodeIgniter->handleRequest(NULL, Object(Config\Cache), false)
#10 C:\laragon\www\capstone\backend\public\index.php(86): CodeIgniter\CodeIgniter->run()
#11 C:\laragon\www\capstone\backend\system\Commands\Server\rewrite.php(47): require_once('C:\\laragon\\www\\...')
#12 {main}
CRITICAL - 2024-04-01 11:59:24 --> Unknown column 'swimming_date' in 'field list'
in SYSTEMPATH\Database\BaseConnection.php on line 647.
 1 SYSTEMPATH\Database\BaseBuilder.php(1615): CodeIgniter\Database\BaseConnection->query('SELECT `swimming_date`
FROM `enrollment_date`', [], false)
 2 SYSTEMPATH\Model.php(237): CodeIgniter\Database\BaseBuilder->get()
 3 SYSTEMPATH\BaseModel.php(624): CodeIgniter\Model->doFindAll(0, 0)
 4 APPPATH\Controllers\MainController.php(424): CodeIgniter\BaseModel->findAll()
 5 SYSTEMPATH\CodeIgniter.php(942): App\Controllers\MainController->getDate()
 6 SYSTEMPATH\CodeIgniter.php(502): CodeIgniter\CodeIgniter->runController(Object(App\Controllers\MainController))
 7 SYSTEMPATH\CodeIgniter.php(361): CodeIgniter\CodeIgniter->handleRequest(null, Object(Config\Cache), false)
 8 FCPATH\index.php(86): CodeIgniter\CodeIgniter->run()
 9 SYSTEMPATH\Commands\Server\rewrite.php(47): require_once('C:\\laragon\\www\\capstone\\backend\\public\\index.php')
ERROR - 2024-04-01 12:00:47 --> mysqli_sql_exception: Unknown column 'swimming_date' in 'field list' in C:\laragon\www\capstone\backend\system\Database\MySQLi\Connection.php:306
Stack trace:
#0 C:\laragon\www\capstone\backend\system\Database\MySQLi\Connection.php(306): mysqli->query('SELECT `swimmin...', 0)
#1 C:\laragon\www\capstone\backend\system\Database\BaseConnection.php(693): CodeIgniter\Database\MySQLi\Connection->execute('SELECT `swimmin...')
#2 C:\laragon\www\capstone\backend\system\Database\BaseConnection.php(607): CodeIgniter\Database\BaseConnection->simpleQuery('SELECT `swimmin...')
#3 C:\laragon\www\capstone\backend\system\Database\BaseBuilder.php(1615): CodeIgniter\Database\BaseConnection->query('SELECT `swimmin...', Array, false)
#4 C:\laragon\www\capstone\backend\system\Model.php(237): CodeIgniter\Database\BaseBuilder->get()
#5 C:\laragon\www\capstone\backend\system\BaseModel.php(624): CodeIgniter\Model->doFindAll(0, 0)
#6 C:\laragon\www\capstone\backend\app\Controllers\MainController.php(424): CodeIgniter\BaseModel->findAll()
#7 C:\laragon\www\capstone\backend\system\CodeIgniter.php(942): App\Controllers\MainController->getDate()
#8 C:\laragon\www\capstone\backend\system\CodeIgniter.php(502): CodeIgniter\CodeIgniter->runController(Object(App\Controllers\MainController))
#9 C:\laragon\www\capstone\backend\system\CodeIgniter.php(361): CodeIgniter\CodeIgniter->handleRequest(NULL, Object(Config\Cache), false)
#10 C:\laragon\www\capstone\backend\public\index.php(86): CodeIgniter\CodeIgniter->run()
#11 C:\laragon\www\capstone\backend\system\Commands\Server\rewrite.php(47): require_once('C:\\laragon\\www\\...')
#12 {main}
CRITICAL - 2024-04-01 12:00:47 --> Unknown column 'swimming_date' in 'field list'
in SYSTEMPATH\Database\BaseConnection.php on line 647.
 1 SYSTEMPATH\Database\BaseBuilder.php(1615): CodeIgniter\Database\BaseConnection->query('SELECT `swimming_date`
FROM `enrollment_date`', [], false)
 2 SYSTEMPATH\Model.php(237): CodeIgniter\Database\BaseBuilder->get()
 3 SYSTEMPATH\BaseModel.php(624): CodeIgniter\Model->doFindAll(0, 0)
 4 APPPATH\Controllers\MainController.php(424): CodeIgniter\BaseModel->findAll()
 5 SYSTEMPATH\CodeIgniter.php(942): App\Controllers\MainController->getDate()
 6 SYSTEMPATH\CodeIgniter.php(502): CodeIgniter\CodeIgniter->runController(Object(App\Controllers\MainController))
 7 SYSTEMPATH\CodeIgniter.php(361): CodeIgniter\CodeIgniter->handleRequest(null, Object(Config\Cache), false)
 8 FCPATH\index.php(86): CodeIgniter\CodeIgniter->run()
 9 SYSTEMPATH\Commands\Server\rewrite.php(47): require_once('C:\\laragon\\www\\capstone\\backend\\public\\index.php')
ERROR - 2024-04-01 12:01:42 --> mysqli_sql_exception: Unknown column 'swimming_date' in 'field list' in C:\laragon\www\capstone\backend\system\Database\MySQLi\Connection.php:306
Stack trace:
#0 C:\laragon\www\capstone\backend\system\Database\MySQLi\Connection.php(306): mysqli->query('SELECT `swimmin...', 0)
#1 C:\laragon\www\capstone\backend\system\Database\BaseConnection.php(693): CodeIgniter\Database\MySQLi\Connection->execute('SELECT `swimmin...')
#2 C:\laragon\www\capstone\backend\system\Database\BaseConnection.php(607): CodeIgniter\Database\BaseConnection->simpleQuery('SELECT `swimmin...')
#3 C:\laragon\www\capstone\backend\system\Database\BaseBuilder.php(1615): CodeIgniter\Database\BaseConnection->query('SELECT `swimmin...', Array, false)
#4 C:\laragon\www\capstone\backend\system\Model.php(237): CodeIgniter\Database\BaseBuilder->get()
#5 C:\laragon\www\capstone\backend\system\BaseModel.php(624): CodeIgniter\Model->doFindAll(0, 0)
#6 C:\laragon\www\capstone\backend\app\Controllers\MainController.php(424): CodeIgniter\BaseModel->findAll()
#7 C:\laragon\www\capstone\backend\system\CodeIgniter.php(942): App\Controllers\MainController->getDate()
#8 C:\laragon\www\capstone\backend\system\CodeIgniter.php(502): CodeIgniter\CodeIgniter->runController(Object(App\Controllers\MainController))
#9 C:\laragon\www\capstone\backend\system\CodeIgniter.php(361): CodeIgniter\CodeIgniter->handleRequest(NULL, Object(Config\Cache), false)
#10 C:\laragon\www\capstone\backend\public\index.php(86): CodeIgniter\CodeIgniter->run()
#11 C:\laragon\www\capstone\backend\system\Commands\Server\rewrite.php(47): require_once('C:\\laragon\\www\\...')
#12 {main}
CRITICAL - 2024-04-01 12:01:42 --> Unknown column 'swimming_date' in 'field list'
in SYSTEMPATH\Database\BaseConnection.php on line 647.
 1 SYSTEMPATH\Database\BaseBuilder.php(1615): CodeIgniter\Database\BaseConnection->query('SELECT `swimming_date`
FROM `enrollment_date`', [], false)
 2 SYSTEMPATH\Model.php(237): CodeIgniter\Database\BaseBuilder->get()
 3 SYSTEMPATH\BaseModel.php(624): CodeIgniter\Model->doFindAll(0, 0)
 4 APPPATH\Controllers\MainController.php(424): CodeIgniter\BaseModel->findAll()
 5 SYSTEMPATH\CodeIgniter.php(942): App\Controllers\MainController->getDate()
 6 SYSTEMPATH\CodeIgniter.php(502): CodeIgniter\CodeIgniter->runController(Object(App\Controllers\MainController))
 7 SYSTEMPATH\CodeIgniter.php(361): CodeIgniter\CodeIgniter->handleRequest(null, Object(Config\Cache), false)
 8 FCPATH\index.php(86): CodeIgniter\CodeIgniter->run()
 9 SYSTEMPATH\Commands\Server\rewrite.php(47): require_once('C:\\laragon\\www\\capstone\\backend\\public\\index.php')
ERROR - 2024-04-01 12:01:42 --> mysqli_sql_exception: Unknown column 'swimming_date' in 'field list' in C:\laragon\www\capstone\backend\system\Database\MySQLi\Connection.php:306
Stack trace:
#0 C:\laragon\www\capstone\backend\system\Database\MySQLi\Connection.php(306): mysqli->query('SELECT `swimmin...', 0)
#1 C:\laragon\www\capstone\backend\system\Database\BaseConnection.php(693): CodeIgniter\Database\MySQLi\Connection->execute('SELECT `swimmin...')
#2 C:\laragon\www\capstone\backend\system\Database\BaseConnection.php(607): CodeIgniter\Database\BaseConnection->simpleQuery('SELECT `swimmin...')
#3 C:\laragon\www\capstone\backend\system\Database\BaseBuilder.php(1615): CodeIgniter\Database\BaseConnection->query('SELECT `swimmin...', Array, false)
#4 C:\laragon\www\capstone\backend\system\Model.php(237): CodeIgniter\Database\BaseBuilder->get()
#5 C:\laragon\www\capstone\backend\system\BaseModel.php(624): CodeIgniter\Model->doFindAll(0, 0)
#6 C:\laragon\www\capstone\backend\app\Controllers\MainController.php(424): CodeIgniter\BaseModel->findAll()
#7 C:\laragon\www\capstone\backend\system\CodeIgniter.php(942): App\Controllers\MainController->getDate()
#8 C:\laragon\www\capstone\backend\system\CodeIgniter.php(502): CodeIgniter\CodeIgniter->runController(Object(App\Controllers\MainController))
#9 C:\laragon\www\capstone\backend\system\CodeIgniter.php(361): CodeIgniter\CodeIgniter->handleRequest(NULL, Object(Config\Cache), false)
#10 C:\laragon\www\capstone\backend\public\index.php(86): CodeIgniter\CodeIgniter->run()
#11 C:\laragon\www\capstone\backend\system\Commands\Server\rewrite.php(47): require_once('C:\\laragon\\www\\...')
#12 {main}
CRITICAL - 2024-04-01 12:01:42 --> Unknown column 'swimming_date' in 'field list'
in SYSTEMPATH\Database\BaseConnection.php on line 647.
 1 SYSTEMPATH\Database\BaseBuilder.php(1615): CodeIgniter\Database\BaseConnection->query('SELECT `swimming_date`
FROM `enrollment_date`', [], false)
 2 SYSTEMPATH\Model.php(237): CodeIgniter\Database\BaseBuilder->get()
 3 SYSTEMPATH\BaseModel.php(624): CodeIgniter\Model->doFindAll(0, 0)
 4 APPPATH\Controllers\MainController.php(424): CodeIgniter\BaseModel->findAll()
 5 SYSTEMPATH\CodeIgniter.php(942): App\Controllers\MainController->getDate()
 6 SYSTEMPATH\CodeIgniter.php(502): CodeIgniter\CodeIgniter->runController(Object(App\Controllers\MainController))
 7 SYSTEMPATH\CodeIgniter.php(361): CodeIgniter\CodeIgniter->handleRequest(null, Object(Config\Cache), false)
 8 FCPATH\index.php(86): CodeIgniter\CodeIgniter->run()
 9 SYSTEMPATH\Commands\Server\rewrite.php(47): require_once('C:\\laragon\\www\\capstone\\backend\\public\\index.php')
ERROR - 2024-04-01 12:01:48 --> mysqli_sql_exception: Unknown column 'swimming_date' in 'field list' in C:\laragon\www\capstone\backend\system\Database\MySQLi\Connection.php:306
Stack trace:
#0 C:\laragon\www\capstone\backend\system\Database\MySQLi\Connection.php(306): mysqli->query('SELECT `swimmin...', 0)
#1 C:\laragon\www\capstone\backend\system\Database\BaseConnection.php(693): CodeIgniter\Database\MySQLi\Connection->execute('SELECT `swimmin...')
#2 C:\laragon\www\capstone\backend\system\Database\BaseConnection.php(607): CodeIgniter\Database\BaseConnection->simpleQuery('SELECT `swimmin...')
#3 C:\laragon\www\capstone\backend\system\Database\BaseBuilder.php(1615): CodeIgniter\Database\BaseConnection->query('SELECT `swimmin...', Array, false)
#4 C:\laragon\www\capstone\backend\system\Model.php(237): CodeIgniter\Database\BaseBuilder->get()
#5 C:\laragon\www\capstone\backend\system\BaseModel.php(624): CodeIgniter\Model->doFindAll(0, 0)
#6 C:\laragon\www\capstone\backend\app\Controllers\MainController.php(424): CodeIgniter\BaseModel->findAll()
#7 C:\laragon\www\capstone\backend\system\CodeIgniter.php(942): App\Controllers\MainController->getDate()
#8 C:\laragon\www\capstone\backend\system\CodeIgniter.php(502): CodeIgniter\CodeIgniter->runController(Object(App\Controllers\MainController))
#9 C:\laragon\www\capstone\backend\system\CodeIgniter.php(361): CodeIgniter\CodeIgniter->handleRequest(NULL, Object(Config\Cache), false)
#10 C:\laragon\www\capstone\backend\public\index.php(86): CodeIgniter\CodeIgniter->run()
#11 C:\laragon\www\capstone\backend\system\Commands\Server\rewrite.php(47): require_once('C:\\laragon\\www\\...')
#12 {main}
CRITICAL - 2024-04-01 12:01:48 --> Unknown column 'swimming_date' in 'field list'
in SYSTEMPATH\Database\BaseConnection.php on line 647.
 1 SYSTEMPATH\Database\BaseBuilder.php(1615): CodeIgniter\Database\BaseConnection->query('SELECT `swimming_date`
FROM `enrollment_date`', [], false)
 2 SYSTEMPATH\Model.php(237): CodeIgniter\Database\BaseBuilder->get()
 3 SYSTEMPATH\BaseModel.php(624): CodeIgniter\Model->doFindAll(0, 0)
 4 APPPATH\Controllers\MainController.php(424): CodeIgniter\BaseModel->findAll()
 5 SYSTEMPATH\CodeIgniter.php(942): App\Controllers\MainController->getDate()
 6 SYSTEMPATH\CodeIgniter.php(502): CodeIgniter\CodeIgniter->runController(Object(App\Controllers\MainController))
 7 SYSTEMPATH\CodeIgniter.php(361): CodeIgniter\CodeIgniter->handleRequest(null, Object(Config\Cache), false)
 8 FCPATH\index.php(86): CodeIgniter\CodeIgniter->run()
 9 SYSTEMPATH\Commands\Server\rewrite.php(47): require_once('C:\\laragon\\www\\capstone\\backend\\public\\index.php')
ERROR - 2024-04-01 12:01:48 --> mysqli_sql_exception: Unknown column 'swimming_date' in 'field list' in C:\laragon\www\capstone\backend\system\Database\MySQLi\Connection.php:306
Stack trace:
#0 C:\laragon\www\capstone\backend\system\Database\MySQLi\Connection.php(306): mysqli->query('SELECT `swimmin...', 0)
#1 C:\laragon\www\capstone\backend\system\Database\BaseConnection.php(693): CodeIgniter\Database\MySQLi\Connection->execute('SELECT `swimmin...')
#2 C:\laragon\www\capstone\backend\system\Database\BaseConnection.php(607): CodeIgniter\Database\BaseConnection->simpleQuery('SELECT `swimmin...')
#3 C:\laragon\www\capstone\backend\system\Database\BaseBuilder.php(1615): CodeIgniter\Database\BaseConnection->query('SELECT `swimmin...', Array, false)
#4 C:\laragon\www\capstone\backend\system\Model.php(237): CodeIgniter\Database\BaseBuilder->get()
#5 C:\laragon\www\capstone\backend\system\BaseModel.php(624): CodeIgniter\Model->doFindAll(0, 0)
#6 C:\laragon\www\capstone\backend\app\Controllers\MainController.php(424): CodeIgniter\BaseModel->findAll()
#7 C:\laragon\www\capstone\backend\system\CodeIgniter.php(942): App\Controllers\MainController->getDate()
#8 C:\laragon\www\capstone\backend\system\CodeIgniter.php(502): CodeIgniter\CodeIgniter->runController(Object(App\Controllers\MainController))
#9 C:\laragon\www\capstone\backend\system\CodeIgniter.php(361): CodeIgniter\CodeIgniter->handleRequest(NULL, Object(Config\Cache), false)
#10 C:\laragon\www\capstone\backend\public\index.php(86): CodeIgniter\CodeIgniter->run()
#11 C:\laragon\www\capstone\backend\system\Commands\Server\rewrite.php(47): require_once('C:\\laragon\\www\\...')
#12 {main}
CRITICAL - 2024-04-01 12:01:48 --> Unknown column 'swimming_date' in 'field list'
in SYSTEMPATH\Database\BaseConnection.php on line 647.
 1 SYSTEMPATH\Database\BaseBuilder.php(1615): CodeIgniter\Database\BaseConnection->query('SELECT `swimming_date`
FROM `enrollment_date`', [], false)
 2 SYSTEMPATH\Model.php(237): CodeIgniter\Database\BaseBuilder->get()
 3 SYSTEMPATH\BaseModel.php(624): CodeIgniter\Model->doFindAll(0, 0)
 4 APPPATH\Controllers\MainController.php(424): CodeIgniter\BaseModel->findAll()
 5 SYSTEMPATH\CodeIgniter.php(942): App\Controllers\MainController->getDate()
 6 SYSTEMPATH\CodeIgniter.php(502): CodeIgniter\CodeIgniter->runController(Object(App\Controllers\MainController))
 7 SYSTEMPATH\CodeIgniter.php(361): CodeIgniter\CodeIgniter->handleRequest(null, Object(Config\Cache), false)
 8 FCPATH\index.php(86): CodeIgniter\CodeIgniter->run()
 9 SYSTEMPATH\Commands\Server\rewrite.php(47): require_once('C:\\laragon\\www\\capstone\\backend\\public\\index.php')
ERROR - 2024-04-01 12:05:39 --> mysqli_sql_exception: Unknown column 'swimming_date' in 'field list' in C:\laragon\www\capstone\backend\system\Database\MySQLi\Connection.php:306
Stack trace:
#0 C:\laragon\www\capstone\backend\system\Database\MySQLi\Connection.php(306): mysqli->query('SELECT `swimmin...', 0)
#1 C:\laragon\www\capstone\backend\system\Database\BaseConnection.php(693): CodeIgniter\Database\MySQLi\Connection->execute('SELECT `swimmin...')
#2 C:\laragon\www\capstone\backend\system\Database\BaseConnection.php(607): CodeIgniter\Database\BaseConnection->simpleQuery('SELECT `swimmin...')
#3 C:\laragon\www\capstone\backend\system\Database\BaseBuilder.php(1615): CodeIgniter\Database\BaseConnection->query('SELECT `swimmin...', Array, false)
#4 C:\laragon\www\capstone\backend\system\Model.php(237): CodeIgniter\Database\BaseBuilder->get()
#5 C:\laragon\www\capstone\backend\system\BaseModel.php(624): CodeIgniter\Model->doFindAll(0, 0)
#6 C:\laragon\www\capstone\backend\app\Controllers\MainController.php(424): CodeIgniter\BaseModel->findAll()
#7 C:\laragon\www\capstone\backend\system\CodeIgniter.php(942): App\Controllers\MainController->getDate()
#8 C:\laragon\www\capstone\backend\system\CodeIgniter.php(502): CodeIgniter\CodeIgniter->runController(Object(App\Controllers\MainController))
#9 C:\laragon\www\capstone\backend\system\CodeIgniter.php(361): CodeIgniter\CodeIgniter->handleRequest(NULL, Object(Config\Cache), false)
#10 C:\laragon\www\capstone\backend\public\index.php(86): CodeIgniter\CodeIgniter->run()
#11 C:\laragon\www\capstone\backend\system\Commands\Server\rewrite.php(47): require_once('C:\\laragon\\www\\...')
#12 {main}
CRITICAL - 2024-04-01 12:05:39 --> Unknown column 'swimming_date' in 'field list'
in SYSTEMPATH\Database\BaseConnection.php on line 647.
 1 SYSTEMPATH\Database\BaseBuilder.php(1615): CodeIgniter\Database\BaseConnection->query('SELECT `swimming_date`
FROM `enrollment_date`', [], false)
 2 SYSTEMPATH\Model.php(237): CodeIgniter\Database\BaseBuilder->get()
 3 SYSTEMPATH\BaseModel.php(624): CodeIgniter\Model->doFindAll(0, 0)
 4 APPPATH\Controllers\MainController.php(424): CodeIgniter\BaseModel->findAll()
 5 SYSTEMPATH\CodeIgniter.php(942): App\Controllers\MainController->getDate()
 6 SYSTEMPATH\CodeIgniter.php(502): CodeIgniter\CodeIgniter->runController(Object(App\Controllers\MainController))
 7 SYSTEMPATH\CodeIgniter.php(361): CodeIgniter\CodeIgniter->handleRequest(null, Object(Config\Cache), false)
 8 FCPATH\index.php(86): CodeIgniter\CodeIgniter->run()
 9 SYSTEMPATH\Commands\Server\rewrite.php(47): require_once('C:\\laragon\\www\\capstone\\backend\\public\\index.php')
ERROR - 2024-04-01 12:05:40 --> mysqli_sql_exception: Unknown column 'swimming_date' in 'field list' in C:\laragon\www\capstone\backend\system\Database\MySQLi\Connection.php:306
Stack trace:
#0 C:\laragon\www\capstone\backend\system\Database\MySQLi\Connection.php(306): mysqli->query('SELECT `swimmin...', 0)
#1 C:\laragon\www\capstone\backend\system\Database\BaseConnection.php(693): CodeIgniter\Database\MySQLi\Connection->execute('SELECT `swimmin...')
#2 C:\laragon\www\capstone\backend\system\Database\BaseConnection.php(607): CodeIgniter\Database\BaseConnection->simpleQuery('SELECT `swimmin...')
#3 C:\laragon\www\capstone\backend\system\Database\BaseBuilder.php(1615): CodeIgniter\Database\BaseConnection->query('SELECT `swimmin...', Array, false)
#4 C:\laragon\www\capstone\backend\system\Model.php(237): CodeIgniter\Database\BaseBuilder->get()
#5 C:\laragon\www\capstone\backend\system\BaseModel.php(624): CodeIgniter\Model->doFindAll(0, 0)
#6 C:\laragon\www\capstone\backend\app\Controllers\MainController.php(424): CodeIgniter\BaseModel->findAll()
#7 C:\laragon\www\capstone\backend\system\CodeIgniter.php(942): App\Controllers\MainController->getDate()
#8 C:\laragon\www\capstone\backend\system\CodeIgniter.php(502): CodeIgniter\CodeIgniter->runController(Object(App\Controllers\MainController))
#9 C:\laragon\www\capstone\backend\system\CodeIgniter.php(361): CodeIgniter\CodeIgniter->handleRequest(NULL, Object(Config\Cache), false)
#10 C:\laragon\www\capstone\backend\public\index.php(86): CodeIgniter\CodeIgniter->run()
#11 C:\laragon\www\capstone\backend\system\Commands\Server\rewrite.php(47): require_once('C:\\laragon\\www\\...')
#12 {main}
CRITICAL - 2024-04-01 12:05:40 --> Unknown column 'swimming_date' in 'field list'
in SYSTEMPATH\Database\BaseConnection.php on line 647.
 1 SYSTEMPATH\Database\BaseBuilder.php(1615): CodeIgniter\Database\BaseConnection->query('SELECT `swimming_date`
FROM `enrollment_date`', [], false)
 2 SYSTEMPATH\Model.php(237): CodeIgniter\Database\BaseBuilder->get()
 3 SYSTEMPATH\BaseModel.php(624): CodeIgniter\Model->doFindAll(0, 0)
 4 APPPATH\Controllers\MainController.php(424): CodeIgniter\BaseModel->findAll()
 5 SYSTEMPATH\CodeIgniter.php(942): App\Controllers\MainController->getDate()
 6 SYSTEMPATH\CodeIgniter.php(502): CodeIgniter\CodeIgniter->runController(Object(App\Controllers\MainController))
 7 SYSTEMPATH\CodeIgniter.php(361): CodeIgniter\CodeIgniter->handleRequest(null, Object(Config\Cache), false)
 8 FCPATH\index.php(86): CodeIgniter\CodeIgniter->run()
 9 SYSTEMPATH\Commands\Server\rewrite.php(47): require_once('C:\\laragon\\www\\capstone\\backend\\public\\index.php')
ERROR - 2024-04-01 12:05:43 --> mysqli_sql_exception: Unknown column 'swimming_date' in 'field list' in C:\laragon\www\capstone\backend\system\Database\MySQLi\Connection.php:306
Stack trace:
#0 C:\laragon\www\capstone\backend\system\Database\MySQLi\Connection.php(306): mysqli->query('SELECT `swimmin...', 0)
#1 C:\laragon\www\capstone\backend\system\Database\BaseConnection.php(693): CodeIgniter\Database\MySQLi\Connection->execute('SELECT `swimmin...')
#2 C:\laragon\www\capstone\backend\system\Database\BaseConnection.php(607): CodeIgniter\Database\BaseConnection->simpleQuery('SELECT `swimmin...')
#3 C:\laragon\www\capstone\backend\system\Database\BaseBuilder.php(1615): CodeIgniter\Database\BaseConnection->query('SELECT `swimmin...', Array, false)
#4 C:\laragon\www\capstone\backend\system\Model.php(237): CodeIgniter\Database\BaseBuilder->get()
#5 C:\laragon\www\capstone\backend\system\BaseModel.php(624): CodeIgniter\Model->doFindAll(0, 0)
#6 C:\laragon\www\capstone\backend\app\Controllers\MainController.php(424): CodeIgniter\BaseModel->findAll()
#7 C:\laragon\www\capstone\backend\system\CodeIgniter.php(942): App\Controllers\MainController->getDate()
#8 C:\laragon\www\capstone\backend\system\CodeIgniter.php(502): CodeIgniter\CodeIgniter->runController(Object(App\Controllers\MainController))
#9 C:\laragon\www\capstone\backend\system\CodeIgniter.php(361): CodeIgniter\CodeIgniter->handleRequest(NULL, Object(Config\Cache), false)
#10 C:\laragon\www\capstone\backend\public\index.php(86): CodeIgniter\CodeIgniter->run()
#11 C:\laragon\www\capstone\backend\system\Commands\Server\rewrite.php(47): require_once('C:\\laragon\\www\\...')
#12 {main}
CRITICAL - 2024-04-01 12:05:43 --> Unknown column 'swimming_date' in 'field list'
in SYSTEMPATH\Database\BaseConnection.php on line 647.
 1 SYSTEMPATH\Database\BaseBuilder.php(1615): CodeIgniter\Database\BaseConnection->query('SELECT `swimming_date`
FROM `enrollment_date`', [], false)
 2 SYSTEMPATH\Model.php(237): CodeIgniter\Database\BaseBuilder->get()
 3 SYSTEMPATH\BaseModel.php(624): CodeIgniter\Model->doFindAll(0, 0)
 4 APPPATH\Controllers\MainController.php(424): CodeIgniter\BaseModel->findAll()
 5 SYSTEMPATH\CodeIgniter.php(942): App\Controllers\MainController->getDate()
 6 SYSTEMPATH\CodeIgniter.php(502): CodeIgniter\CodeIgniter->runController(Object(App\Controllers\MainController))
 7 SYSTEMPATH\CodeIgniter.php(361): CodeIgniter\CodeIgniter->handleRequest(null, Object(Config\Cache), false)
 8 FCPATH\index.php(86): CodeIgniter\CodeIgniter->run()
 9 SYSTEMPATH\Commands\Server\rewrite.php(47): require_once('C:\\laragon\\www\\capstone\\backend\\public\\index.php')
ERROR - 2024-04-01 12:05:44 --> mysqli_sql_exception: Unknown column 'swimming_date' in 'field list' in C:\laragon\www\capstone\backend\system\Database\MySQLi\Connection.php:306
Stack trace:
#0 C:\laragon\www\capstone\backend\system\Database\MySQLi\Connection.php(306): mysqli->query('SELECT `swimmin...', 0)
#1 C:\laragon\www\capstone\backend\system\Database\BaseConnection.php(693): CodeIgniter\Database\MySQLi\Connection->execute('SELECT `swimmin...')
#2 C:\laragon\www\capstone\backend\system\Database\BaseConnection.php(607): CodeIgniter\Database\BaseConnection->simpleQuery('SELECT `swimmin...')
#3 C:\laragon\www\capstone\backend\system\Database\BaseBuilder.php(1615): CodeIgniter\Database\BaseConnection->query('SELECT `swimmin...', Array, false)
#4 C:\laragon\www\capstone\backend\system\Model.php(237): CodeIgniter\Database\BaseBuilder->get()
#5 C:\laragon\www\capstone\backend\system\BaseModel.php(624): CodeIgniter\Model->doFindAll(0, 0)
#6 C:\laragon\www\capstone\backend\app\Controllers\MainController.php(424): CodeIgniter\BaseModel->findAll()
#7 C:\laragon\www\capstone\backend\system\CodeIgniter.php(942): App\Controllers\MainController->getDate()
#8 C:\laragon\www\capstone\backend\system\CodeIgniter.php(502): CodeIgniter\CodeIgniter->runController(Object(App\Controllers\MainController))
#9 C:\laragon\www\capstone\backend\system\CodeIgniter.php(361): CodeIgniter\CodeIgniter->handleRequest(NULL, Object(Config\Cache), false)
#10 C:\laragon\www\capstone\backend\public\index.php(86): CodeIgniter\CodeIgniter->run()
#11 C:\laragon\www\capstone\backend\system\Commands\Server\rewrite.php(47): require_once('C:\\laragon\\www\\...')
#12 {main}
CRITICAL - 2024-04-01 12:05:44 --> Unknown column 'swimming_date' in 'field list'
in SYSTEMPATH\Database\BaseConnection.php on line 647.
 1 SYSTEMPATH\Database\BaseBuilder.php(1615): CodeIgniter\Database\BaseConnection->query('SELECT `swimming_date`
FROM `enrollment_date`', [], false)
 2 SYSTEMPATH\Model.php(237): CodeIgniter\Database\BaseBuilder->get()
 3 SYSTEMPATH\BaseModel.php(624): CodeIgniter\Model->doFindAll(0, 0)
 4 APPPATH\Controllers\MainController.php(424): CodeIgniter\BaseModel->findAll()
 5 SYSTEMPATH\CodeIgniter.php(942): App\Controllers\MainController->getDate()
 6 SYSTEMPATH\CodeIgniter.php(502): CodeIgniter\CodeIgniter->runController(Object(App\Controllers\MainController))
 7 SYSTEMPATH\CodeIgniter.php(361): CodeIgniter\CodeIgniter->handleRequest(null, Object(Config\Cache), false)
 8 FCPATH\index.php(86): CodeIgniter\CodeIgniter->run()
 9 SYSTEMPATH\Commands\Server\rewrite.php(47): require_once('C:\\laragon\\www\\capstone\\backend\\public\\index.php')
ERROR - 2024-04-01 12:16:18 --> mysqli_sql_exception: Unknown column 'swimming_date' in 'field list' in C:\laragon\www\capstone\backend\system\Database\MySQLi\Connection.php:306
Stack trace:
#0 C:\laragon\www\capstone\backend\system\Database\MySQLi\Connection.php(306): mysqli->query('SELECT `swimmin...', 0)
#1 C:\laragon\www\capstone\backend\system\Database\BaseConnection.php(693): CodeIgniter\Database\MySQLi\Connection->execute('SELECT `swimmin...')
#2 C:\laragon\www\capstone\backend\system\Database\BaseConnection.php(607): CodeIgniter\Database\BaseConnection->simpleQuery('SELECT `swimmin...')
#3 C:\laragon\www\capstone\backend\system\Database\BaseBuilder.php(1615): CodeIgniter\Database\BaseConnection->query('SELECT `swimmin...', Array, false)
#4 C:\laragon\www\capstone\backend\system\Model.php(237): CodeIgniter\Database\BaseBuilder->get()
#5 C:\laragon\www\capstone\backend\system\BaseModel.php(624): CodeIgniter\Model->doFindAll(0, 0)
#6 C:\laragon\www\capstone\backend\app\Controllers\MainController.php(424): CodeIgniter\BaseModel->findAll()
#7 C:\laragon\www\capstone\backend\system\CodeIgniter.php(942): App\Controllers\MainController->getDate()
#8 C:\laragon\www\capstone\backend\system\CodeIgniter.php(502): CodeIgniter\CodeIgniter->runController(Object(App\Controllers\MainController))
#9 C:\laragon\www\capstone\backend\system\CodeIgniter.php(361): CodeIgniter\CodeIgniter->handleRequest(NULL, Object(Config\Cache), false)
#10 C:\laragon\www\capstone\backend\public\index.php(86): CodeIgniter\CodeIgniter->run()
#11 C:\laragon\www\capstone\backend\system\Commands\Server\rewrite.php(47): require_once('C:\\laragon\\www\\...')
#12 {main}
CRITICAL - 2024-04-01 12:16:18 --> Unknown column 'swimming_date' in 'field list'
in SYSTEMPATH\Database\BaseConnection.php on line 647.
 1 SYSTEMPATH\Database\BaseBuilder.php(1615): CodeIgniter\Database\BaseConnection->query('SELECT `swimming_date`
FROM `enrollment_date`', [], false)
 2 SYSTEMPATH\Model.php(237): CodeIgniter\Database\BaseBuilder->get()
 3 SYSTEMPATH\BaseModel.php(624): CodeIgniter\Model->doFindAll(0, 0)
 4 APPPATH\Controllers\MainController.php(424): CodeIgniter\BaseModel->findAll()
 5 SYSTEMPATH\CodeIgniter.php(942): App\Controllers\MainController->getDate()
 6 SYSTEMPATH\CodeIgniter.php(502): CodeIgniter\CodeIgniter->runController(Object(App\Controllers\MainController))
 7 SYSTEMPATH\CodeIgniter.php(361): CodeIgniter\CodeIgniter->handleRequest(null, Object(Config\Cache), false)
 8 FCPATH\index.php(86): CodeIgniter\CodeIgniter->run()
 9 SYSTEMPATH\Commands\Server\rewrite.php(47): require_once('C:\\laragon\\www\\capstone\\backend\\public\\index.php')
ERROR - 2024-04-01 12:16:18 --> mysqli_sql_exception: Unknown column 'swimming_date' in 'field list' in C:\laragon\www\capstone\backend\system\Database\MySQLi\Connection.php:306
Stack trace:
#0 C:\laragon\www\capstone\backend\system\Database\MySQLi\Connection.php(306): mysqli->query('SELECT `swimmin...', 0)
#1 C:\laragon\www\capstone\backend\system\Database\BaseConnection.php(693): CodeIgniter\Database\MySQLi\Connection->execute('SELECT `swimmin...')
#2 C:\laragon\www\capstone\backend\system\Database\BaseConnection.php(607): CodeIgniter\Database\BaseConnection->simpleQuery('SELECT `swimmin...')
#3 C:\laragon\www\capstone\backend\system\Database\BaseBuilder.php(1615): CodeIgniter\Database\BaseConnection->query('SELECT `swimmin...', Array, false)
#4 C:\laragon\www\capstone\backend\system\Model.php(237): CodeIgniter\Database\BaseBuilder->get()
#5 C:\laragon\www\capstone\backend\system\BaseModel.php(624): CodeIgniter\Model->doFindAll(0, 0)
#6 C:\laragon\www\capstone\backend\app\Controllers\MainController.php(424): CodeIgniter\BaseModel->findAll()
#7 C:\laragon\www\capstone\backend\system\CodeIgniter.php(942): App\Controllers\MainController->getDate()
#8 C:\laragon\www\capstone\backend\system\CodeIgniter.php(502): CodeIgniter\CodeIgniter->runController(Object(App\Controllers\MainController))
#9 C:\laragon\www\capstone\backend\system\CodeIgniter.php(361): CodeIgniter\CodeIgniter->handleRequest(NULL, Object(Config\Cache), false)
#10 C:\laragon\www\capstone\backend\public\index.php(86): CodeIgniter\CodeIgniter->run()
#11 C:\laragon\www\capstone\backend\system\Commands\Server\rewrite.php(47): require_once('C:\\laragon\\www\\...')
#12 {main}
CRITICAL - 2024-04-01 12:16:18 --> Unknown column 'swimming_date' in 'field list'
in SYSTEMPATH\Database\BaseConnection.php on line 647.
 1 SYSTEMPATH\Database\BaseBuilder.php(1615): CodeIgniter\Database\BaseConnection->query('SELECT `swimming_date`
FROM `enrollment_date`', [], false)
 2 SYSTEMPATH\Model.php(237): CodeIgniter\Database\BaseBuilder->get()
 3 SYSTEMPATH\BaseModel.php(624): CodeIgniter\Model->doFindAll(0, 0)
 4 APPPATH\Controllers\MainController.php(424): CodeIgniter\BaseModel->findAll()
 5 SYSTEMPATH\CodeIgniter.php(942): App\Controllers\MainController->getDate()
 6 SYSTEMPATH\CodeIgniter.php(502): CodeIgniter\CodeIgniter->runController(Object(App\Controllers\MainController))
 7 SYSTEMPATH\CodeIgniter.php(361): CodeIgniter\CodeIgniter->handleRequest(null, Object(Config\Cache), false)
 8 FCPATH\index.php(86): CodeIgniter\CodeIgniter->run()
 9 SYSTEMPATH\Commands\Server\rewrite.php(47): require_once('C:\\laragon\\www\\capstone\\backend\\public\\index.php')
ERROR - 2024-04-01 14:44:03 --> mysqli_sql_exception: Cannot add or update a child row: a foreign key constraint fails (`crud`.`event`, CONSTRAINT `event_ibfk_1` FOREIGN KEY (`id`) REFERENCES `user` (`id`)) in C:\laragon\www\capstone\backend\system\Database\MySQLi\Connection.php:306
Stack trace:
#0 C:\laragon\www\capstone\backend\system\Database\MySQLi\Connection.php(306): mysqli->query('INSERT INTO `ev...', 0)
#1 C:\laragon\www\capstone\backend\system\Database\BaseConnection.php(693): CodeIgniter\Database\MySQLi\Connection->execute('INSERT INTO `ev...')
#2 C:\laragon\www\capstone\backend\system\Database\BaseConnection.php(607): CodeIgniter\Database\BaseConnection->simpleQuery('INSERT INTO `ev...')
#3 C:\laragon\www\capstone\backend\system\Database\BaseBuilder.php(2308): CodeIgniter\Database\BaseConnection->query('INSERT INTO `ev...', Array, false)
#4 C:\laragon\www\capstone\backend\system\Model.php(319): CodeIgniter\Database\BaseBuilder->insert()
#5 C:\laragon\www\capstone\backend\system\BaseModel.php(788): CodeIgniter\Model->doInsert(Array)
#6 C:\laragon\www\capstone\backend\system\Model.php(715): CodeIgniter\BaseModel->insert(Array, false)
#7 C:\laragon\www\capstone\backend\system\BaseModel.php(698): CodeIgniter\Model->insert(Array, false)
#8 C:\laragon\www\capstone\backend\app\Controllers\MainController.php(53): CodeIgniter\BaseModel->save(Array)
#9 C:\laragon\www\capstone\backend\system\CodeIgniter.php(942): App\Controllers\MainController->store()
#10 C:\laragon\www\capstone\backend\system\CodeIgniter.php(502): CodeIgniter\CodeIgniter->runController(Object(App\Controllers\MainController))
#11 C:\laragon\www\capstone\backend\system\CodeIgniter.php(361): CodeIgniter\CodeIgniter->handleRequest(NULL, Object(Config\Cache), false)
#12 C:\laragon\www\capstone\backend\public\index.php(86): CodeIgniter\CodeIgniter->run()
#13 C:\laragon\www\capstone\backend\system\Commands\Server\rewrite.php(47): require_once('C:\\laragon\\www\\...')
#14 {main}
CRITICAL - 2024-04-01 14:44:03 --> Cannot add or update a child row: a foreign key constraint fails (`crud`.`event`, CONSTRAINT `event_ibfk_1` FOREIGN KEY (`id`) REFERENCES `user` (`id`))
in SYSTEMPATH\Database\BaseConnection.php on line 647.
 1 SYSTEMPATH\Database\BaseBuilder.php(2308): CodeIgniter\Database\BaseConnection->query('INSERT INTO `event` (`eventName`, `eventTheme`, `eventDate`, `eventStatus`) VALUES (:eventName:, :eventTheme:, :eventDate:, :eventStatus:)', [...], false)
 2 SYSTEMPATH\Model.php(319): CodeIgniter\Database\BaseBuilder->insert()
 3 SYSTEMPATH\BaseModel.php(788): CodeIgniter\Model->doInsert([...])
 4 SYSTEMPATH\Model.php(715): CodeIgniter\BaseModel->insert([...], false)
 5 SYSTEMPATH\BaseModel.php(698): CodeIgniter\Model->insert([...], false)
 6 APPPATH\Controllers\MainController.php(53): CodeIgniter\BaseModel->save([...])
 7 SYSTEMPATH\CodeIgniter.php(942): App\Controllers\MainController->store()
 8 SYSTEMPATH\CodeIgniter.php(502): CodeIgniter\CodeIgniter->runController(Object(App\Controllers\MainController))
 9 SYSTEMPATH\CodeIgniter.php(361): CodeIgniter\CodeIgniter->handleRequest(null, Object(Config\Cache), false)
10 FCPATH\index.php(86): CodeIgniter\CodeIgniter->run()
11 SYSTEMPATH\Commands\Server\rewrite.php(47): require_once('C:\\laragon\\www\\capstone\\backend\\public\\index.php')
ERROR - 2024-04-01 14:45:51 --> mysqli_sql_exception: Cannot add or update a child row: a foreign key constraint fails (`crud`.`event`, CONSTRAINT `event_ibfk_1` FOREIGN KEY (`id`) REFERENCES `user` (`id`)) in C:\laragon\www\capstone\backend\system\Database\MySQLi\Connection.php:306
Stack trace:
#0 C:\laragon\www\capstone\backend\system\Database\MySQLi\Connection.php(306): mysqli->query('INSERT INTO `ev...', 0)
#1 C:\laragon\www\capstone\backend\system\Database\BaseConnection.php(693): CodeIgniter\Database\MySQLi\Connection->execute('INSERT INTO `ev...')
#2 C:\laragon\www\capstone\backend\system\Database\BaseConnection.php(607): CodeIgniter\Database\BaseConnection->simpleQuery('INSERT INTO `ev...')
#3 C:\laragon\www\capstone\backend\system\Database\BaseBuilder.php(2308): CodeIgniter\Database\BaseConnection->query('INSERT INTO `ev...', Array, false)
#4 C:\laragon\www\capstone\backend\system\Model.php(319): CodeIgniter\Database\BaseBuilder->insert()
#5 C:\laragon\www\capstone\backend\system\BaseModel.php(788): CodeIgniter\Model->doInsert(Array)
#6 C:\laragon\www\capstone\backend\system\Model.php(715): CodeIgniter\BaseModel->insert(Array, false)
#7 C:\laragon\www\capstone\backend\system\BaseModel.php(698): CodeIgniter\Model->insert(Array, false)
#8 C:\laragon\www\capstone\backend\app\Controllers\MainController.php(52): CodeIgniter\BaseModel->save(Array)
#9 C:\laragon\www\capstone\backend\system\CodeIgniter.php(942): App\Controllers\MainController->store()
#10 C:\laragon\www\capstone\backend\system\CodeIgniter.php(502): CodeIgniter\CodeIgniter->runController(Object(App\Controllers\MainController))
#11 C:\laragon\www\capstone\backend\system\CodeIgniter.php(361): CodeIgniter\CodeIgniter->handleRequest(NULL, Object(Config\Cache), false)
#12 C:\laragon\www\capstone\backend\public\index.php(86): CodeIgniter\CodeIgniter->run()
#13 C:\laragon\www\capstone\backend\system\Commands\Server\rewrite.php(47): require_once('C:\\laragon\\www\\...')
#14 {main}
CRITICAL - 2024-04-01 14:45:51 --> Cannot add or update a child row: a foreign key constraint fails (`crud`.`event`, CONSTRAINT `event_ibfk_1` FOREIGN KEY (`id`) REFERENCES `user` (`id`))
in SYSTEMPATH\Database\BaseConnection.php on line 647.
 1 SYSTEMPATH\Database\BaseBuilder.php(2308): CodeIgniter\Database\BaseConnection->query('INSERT INTO `event` (`eventName`, `eventTheme`, `eventDate`, `eventStatus`) VALUES (:eventName:, :eventTheme:, :eventDate:, :eventStatus:)', [...], false)
 2 SYSTEMPATH\Model.php(319): CodeIgniter\Database\BaseBuilder->insert()
 3 SYSTEMPATH\BaseModel.php(788): CodeIgniter\Model->doInsert([...])
 4 SYSTEMPATH\Model.php(715): CodeIgniter\BaseModel->insert([...], false)
 5 SYSTEMPATH\BaseModel.php(698): CodeIgniter\Model->insert([...], false)
 6 APPPATH\Controllers\MainController.php(52): CodeIgniter\BaseModel->save([...])
 7 SYSTEMPATH\CodeIgniter.php(942): App\Controllers\MainController->store()
 8 SYSTEMPATH\CodeIgniter.php(502): CodeIgniter\CodeIgniter->runController(Object(App\Controllers\MainController))
 9 SYSTEMPATH\CodeIgniter.php(361): CodeIgniter\CodeIgniter->handleRequest(null, Object(Config\Cache), false)
10 FCPATH\index.php(86): CodeIgniter\CodeIgniter->run()
11 SYSTEMPATH\Commands\Server\rewrite.php(47): require_once('C:\\laragon\\www\\capstone\\backend\\public\\index.php')
ERROR - 2024-04-01 14:45:55 --> mysqli_sql_exception: Cannot add or update a child row: a foreign key constraint fails (`crud`.`event`, CONSTRAINT `event_ibfk_1` FOREIGN KEY (`id`) REFERENCES `user` (`id`)) in C:\laragon\www\capstone\backend\system\Database\MySQLi\Connection.php:306
Stack trace:
#0 C:\laragon\www\capstone\backend\system\Database\MySQLi\Connection.php(306): mysqli->query('INSERT INTO `ev...', 0)
#1 C:\laragon\www\capstone\backend\system\Database\BaseConnection.php(693): CodeIgniter\Database\MySQLi\Connection->execute('INSERT INTO `ev...')
#2 C:\laragon\www\capstone\backend\system\Database\BaseConnection.php(607): CodeIgniter\Database\BaseConnection->simpleQuery('INSERT INTO `ev...')
#3 C:\laragon\www\capstone\backend\system\Database\BaseBuilder.php(2308): CodeIgniter\Database\BaseConnection->query('INSERT INTO `ev...', Array, false)
#4 C:\laragon\www\capstone\backend\system\Model.php(319): CodeIgniter\Database\BaseBuilder->insert()
#5 C:\laragon\www\capstone\backend\system\BaseModel.php(788): CodeIgniter\Model->doInsert(Array)
#6 C:\laragon\www\capstone\backend\system\Model.php(715): CodeIgniter\BaseModel->insert(Array, false)
#7 C:\laragon\www\capstone\backend\system\BaseModel.php(698): CodeIgniter\Model->insert(Array, false)
#8 C:\laragon\www\capstone\backend\app\Controllers\MainController.php(52): CodeIgniter\BaseModel->save(Array)
#9 C:\laragon\www\capstone\backend\system\CodeIgniter.php(942): App\Controllers\MainController->store()
#10 C:\laragon\www\capstone\backend\system\CodeIgniter.php(502): CodeIgniter\CodeIgniter->runController(Object(App\Controllers\MainController))
#11 C:\laragon\www\capstone\backend\system\CodeIgniter.php(361): CodeIgniter\CodeIgniter->handleRequest(NULL, Object(Config\Cache), false)
#12 C:\laragon\www\capstone\backend\public\index.php(86): CodeIgniter\CodeIgniter->run()
#13 C:\laragon\www\capstone\backend\system\Commands\Server\rewrite.php(47): require_once('C:\\laragon\\www\\...')
#14 {main}
CRITICAL - 2024-04-01 14:45:55 --> Cannot add or update a child row: a foreign key constraint fails (`crud`.`event`, CONSTRAINT `event_ibfk_1` FOREIGN KEY (`id`) REFERENCES `user` (`id`))
in SYSTEMPATH\Database\BaseConnection.php on line 647.
 1 SYSTEMPATH\Database\BaseBuilder.php(2308): CodeIgniter\Database\BaseConnection->query('INSERT INTO `event` (`eventName`, `eventTheme`, `eventDate`, `eventStatus`) VALUES (:eventName:, :eventTheme:, :eventDate:, :eventStatus:)', [...], false)
 2 SYSTEMPATH\Model.php(319): CodeIgniter\Database\BaseBuilder->insert()
 3 SYSTEMPATH\BaseModel.php(788): CodeIgniter\Model->doInsert([...])
 4 SYSTEMPATH\Model.php(715): CodeIgniter\BaseModel->insert([...], false)
 5 SYSTEMPATH\BaseModel.php(698): CodeIgniter\Model->insert([...], false)
 6 APPPATH\Controllers\MainController.php(52): CodeIgniter\BaseModel->save([...])
 7 SYSTEMPATH\CodeIgniter.php(942): App\Controllers\MainController->store()
 8 SYSTEMPATH\CodeIgniter.php(502): CodeIgniter\CodeIgniter->runController(Object(App\Controllers\MainController))
 9 SYSTEMPATH\CodeIgniter.php(361): CodeIgniter\CodeIgniter->handleRequest(null, Object(Config\Cache), false)
10 FCPATH\index.php(86): CodeIgniter\CodeIgniter->run()
11 SYSTEMPATH\Commands\Server\rewrite.php(47): require_once('C:\\laragon\\www\\capstone\\backend\\public\\index.php')
CRITICAL - 2024-04-01 14:46:23 --> Undefined property: stdClass::$id
in APPPATH\Controllers\MainController.php on line 44.
 1 APPPATH\Controllers\MainController.php(44): CodeIgniter\Debug\Exceptions->errorHandler(2, 'Undefined property: stdClass::$id', 'C:\\laragon\\www\\capstone\\backend\\app\\Controllers\\MainController.php', 44)
 2 SYSTEMPATH\CodeIgniter.php(942): App\Controllers\MainController->store()
 3 SYSTEMPATH\CodeIgniter.php(502): CodeIgniter\CodeIgniter->runController(Object(App\Controllers\MainController))
 4 SYSTEMPATH\CodeIgniter.php(361): CodeIgniter\CodeIgniter->handleRequest(null, Object(Config\Cache), false)
 5 FCPATH\index.php(86): CodeIgniter\CodeIgniter->run()
 6 SYSTEMPATH\Commands\Server\rewrite.php(47): require_once('C:\\laragon\\www\\capstone\\backend\\public\\index.php')
CRITICAL - 2024-04-01 14:46:46 --> Undefined property: stdClass::$id
in APPPATH\Controllers\MainController.php on line 44.
 1 APPPATH\Controllers\MainController.php(44): CodeIgniter\Debug\Exceptions->errorHandler(2, 'Undefined property: stdClass::$id', 'C:\\laragon\\www\\capstone\\backend\\app\\Controllers\\MainController.php', 44)
 2 SYSTEMPATH\CodeIgniter.php(942): App\Controllers\MainController->store()
 3 SYSTEMPATH\CodeIgniter.php(502): CodeIgniter\CodeIgniter->runController(Object(App\Controllers\MainController))
 4 SYSTEMPATH\CodeIgniter.php(361): CodeIgniter\CodeIgniter->handleRequest(null, Object(Config\Cache), false)
 5 FCPATH\index.php(86): CodeIgniter\CodeIgniter->run()
 6 SYSTEMPATH\Commands\Server\rewrite.php(47): require_once('C:\\laragon\\www\\capstone\\backend\\public\\index.php')
CRITICAL - 2024-04-01 14:49:55 --> Undefined property: stdClass::$id
in APPPATH\Controllers\MainController.php on line 44.
 1 APPPATH\Controllers\MainController.php(44): CodeIgniter\Debug\Exceptions->errorHandler(2, 'Undefined property: stdClass::$id', 'C:\\laragon\\www\\capstone\\backend\\app\\Controllers\\MainController.php', 44)
 2 SYSTEMPATH\CodeIgniter.php(942): App\Controllers\MainController->store()
 3 SYSTEMPATH\CodeIgniter.php(502): CodeIgniter\CodeIgniter->runController(Object(App\Controllers\MainController))
 4 SYSTEMPATH\CodeIgniter.php(361): CodeIgniter\CodeIgniter->handleRequest(null, Object(Config\Cache), false)
 5 FCPATH\index.php(86): CodeIgniter\CodeIgniter->run()
 6 SYSTEMPATH\Commands\Server\rewrite.php(47): require_once('C:\\laragon\\www\\capstone\\backend\\public\\index.php')
