ERROR - 2024-09-21 08:51:40 --> Failed to retrieve amenities for room ID 7
CRITICAL - 2024-09-21 08:52:42 --> There is no data to update.
in SYSTEMPATH\BaseModel.php on line 930.
 1 SYSTEMPATH\BaseModel.php(930): CodeIgniter\Database\Exceptions\DataException::forEmptyDataset('update')
 2 SYSTEMPATH\Model.php(776): CodeIgniter\BaseModel->update([...], [])
 3 APPPATH\Controllers\MainController.php(2774): CodeIgniter\Model->update([...], [...])
 4 SYSTEMPATH\CodeIgniter.php(942): App\Controllers\MainController->acceptBooking('230')
 5 SYSTEMPATH\CodeIgniter.php(502): CodeIgniter\CodeIgniter->runController(Object(App\Controllers\MainController))
 6 SYSTEMPATH\CodeIgniter.php(361): CodeIgniter\CodeIgniter->handleRequest(null, Object(Config\Cache), false)
 7 FCPATH\index.php(86): CodeIgniter\CodeIgniter->run()
 8 SYSTEMPATH\Commands\Server\rewrite.php(47): require_once('C:\\laragon\\www\\capsproj\\backend\\backend\\public\\index.php')
ERROR - 2024-09-21 08:57:03 --> Failed to retrieve amenities for room ID 7
ERROR - 2024-09-21 08:59:58 --> No amenities found for room ID 7
CRITICAL - 2024-09-21 09:12:45 --> Cannot use object of type CodeIgniter\HTTP\ContentSecurityPolicy as array
in APPPATH\Controllers\MainController.php on line 2780.
 1 SYSTEMPATH\CodeIgniter.php(942): App\Controllers\MainController->acceptBooking('230')
 2 SYSTEMPATH\CodeIgniter.php(502): CodeIgniter\CodeIgniter->runController(Object(App\Controllers\MainController))
 3 SYSTEMPATH\CodeIgniter.php(361): CodeIgniter\CodeIgniter->handleRequest(null, Object(Config\Cache), false)
 4 FCPATH\index.php(86): CodeIgniter\CodeIgniter->run()
 5 SYSTEMPATH\Commands\Server\rewrite.php(47): require_once('C:\\laragon\\www\\capsproj\\backend\\backend\\public\\index.php')
CRITICAL - 2024-09-21 09:37:47 --> Cannot use object of type CodeIgniter\HTTP\ContentSecurityPolicy as array
in APPPATH\Controllers\MainController.php on line 2769.
 1 SYSTEMPATH\CodeIgniter.php(942): App\Controllers\MainController->acceptBooking('230')
 2 SYSTEMPATH\CodeIgniter.php(502): CodeIgniter\CodeIgniter->runController(Object(App\Controllers\MainController))
 3 SYSTEMPATH\CodeIgniter.php(361): CodeIgniter\CodeIgniter->handleRequest(null, Object(Config\Cache), false)
 4 FCPATH\index.php(86): CodeIgniter\CodeIgniter->run()
 5 SYSTEMPATH\Commands\Server\rewrite.php(47): require_once('C:\\laragon\\www\\capsproj\\backend\\backend\\public\\index.php')
CRITICAL - 2024-09-21 09:40:33 --> Cannot use object of type CodeIgniter\HTTP\ContentSecurityPolicy as array
in APPPATH\Controllers\MainController.php on line 2770.
 1 SYSTEMPATH\CodeIgniter.php(942): App\Controllers\MainController->acceptBooking('230')
 2 SYSTEMPATH\CodeIgniter.php(502): CodeIgniter\CodeIgniter->runController(Object(App\Controllers\MainController))
 3 SYSTEMPATH\CodeIgniter.php(361): CodeIgniter\CodeIgniter->handleRequest(null, Object(Config\Cache), false)
 4 FCPATH\index.php(86): CodeIgniter\CodeIgniter->run()
 5 SYSTEMPATH\Commands\Server\rewrite.php(47): require_once('C:\\laragon\\www\\capsproj\\backend\\backend\\public\\index.php')
