CRITICAL - 2024-03-03 03:52:22 --> Attempt to read property "packs" on array
in APPPATH\Controllers\MainController.php on line 209.
 1 APPPATH\Controllers\MainController.php(209): CodeIgniter\Debug\Exceptions->errorHandler(2, 'Attempt to read property "packs" on array', 'C:\\laragon\\www\\capstone\\backend\\app\\Controllers\\MainController.php', 209)
 2 SYSTEMPATH\CodeIgniter.php(942): App\Controllers\MainController->getRoomByTotalPax('3')
 3 SYSTEMPATH\CodeIgniter.php(502): CodeIgniter\CodeIgniter->runController(Object(App\Controllers\MainController))
 4 SYSTEMPATH\CodeIgniter.php(361): CodeIgniter\CodeIgniter->handleRequest(null, Object(Config\Cache), false)
 5 FCPATH\index.php(86): CodeIgniter\CodeIgniter->run()
 6 SYSTEMPATH\Commands\Server\rewrite.php(47): require_once('C:\\laragon\\www\\capstone\\backend\\public\\index.php')
CRITICAL - 2024-03-03 03:53:21 --> Attempt to read property "packs" on array
in APPPATH\Controllers\MainController.php on line 209.
 1 APPPATH\Controllers\MainController.php(209): CodeIgniter\Debug\Exceptions->errorHandler(2, 'Attempt to read property "packs" on array', 'C:\\laragon\\www\\capstone\\backend\\app\\Controllers\\MainController.php', 209)
 2 SYSTEMPATH\CodeIgniter.php(942): App\Controllers\MainController->getRoomByTotalPax('3')
 3 SYSTEMPATH\CodeIgniter.php(502): CodeIgniter\CodeIgniter->runController(Object(App\Controllers\MainController))
 4 SYSTEMPATH\CodeIgniter.php(361): CodeIgniter\CodeIgniter->handleRequest(null, Object(Config\Cache), false)
 5 FCPATH\index.php(86): CodeIgniter\CodeIgniter->run()
 6 SYSTEMPATH\Commands\Server\rewrite.php(47): require_once('C:\\laragon\\www\\capstone\\backend\\public\\index.php')
CRITICAL - 2024-03-03 03:55:14 --> Attempt to read property "packs" on array
in APPPATH\Controllers\MainController.php on line 209.
 1 APPPATH\Controllers\MainController.php(209): CodeIgniter\Debug\Exceptions->errorHandler(2, 'Attempt to read property "packs" on array', 'C:\\laragon\\www\\capstone\\backend\\app\\Controllers\\MainController.php', 209)
 2 SYSTEMPATH\CodeIgniter.php(942): App\Controllers\MainController->getRoomByTotalPax('3')
 3 SYSTEMPATH\CodeIgniter.php(502): CodeIgniter\CodeIgniter->runController(Object(App\Controllers\MainController))
 4 SYSTEMPATH\CodeIgniter.php(361): CodeIgniter\CodeIgniter->handleRequest(null, Object(Config\Cache), false)
 5 FCPATH\index.php(86): CodeIgniter\CodeIgniter->run()
 6 SYSTEMPATH\Commands\Server\rewrite.php(47): require_once('C:\\laragon\\www\\capstone\\backend\\public\\index.php')
CRITICAL - 2024-03-03 03:59:22 --> Attempt to read property "packs" on array
in APPPATH\Controllers\MainController.php on line 209.
 1 APPPATH\Controllers\MainController.php(209): CodeIgniter\Debug\Exceptions->errorHandler(2, 'Attempt to read property "packs" on array', 'C:\\laragon\\www\\capstone\\backend\\app\\Controllers\\MainController.php', 209)
 2 SYSTEMPATH\CodeIgniter.php(942): App\Controllers\MainController->getRoomByTotalPax('3')
 3 SYSTEMPATH\CodeIgniter.php(502): CodeIgniter\CodeIgniter->runController(Object(App\Controllers\MainController))
 4 SYSTEMPATH\CodeIgniter.php(361): CodeIgniter\CodeIgniter->handleRequest(null, Object(Config\Cache), false)
 5 FCPATH\index.php(86): CodeIgniter\CodeIgniter->run()
 6 SYSTEMPATH\Commands\Server\rewrite.php(47): require_once('C:\\laragon\\www\\capstone\\backend\\public\\index.php')
CRITICAL - 2024-03-03 04:15:34 --> Attempt to read property "packs" on array
in APPPATH\Controllers\MainController.php on line 208.
 1 APPPATH\Controllers\MainController.php(208): CodeIgniter\Debug\Exceptions->errorHandler(2, 'Attempt to read property "packs" on array', 'C:\\laragon\\www\\capstone\\backend\\app\\Controllers\\MainController.php', 208)
 2 SYSTEMPATH\CodeIgniter.php(942): App\Controllers\MainController->getRoomByTotalPax('3')
 3 SYSTEMPATH\CodeIgniter.php(502): CodeIgniter\CodeIgniter->runController(Object(App\Controllers\MainController))
 4 SYSTEMPATH\CodeIgniter.php(361): CodeIgniter\CodeIgniter->handleRequest(null, Object(Config\Cache), false)
 5 FCPATH\index.php(86): CodeIgniter\CodeIgniter->run()
 6 SYSTEMPATH\Commands\Server\rewrite.php(47): require_once('C:\\laragon\\www\\capstone\\backend\\public\\index.php')
CRITICAL - 2024-03-03 04:15:50 --> Attempt to read property "packs" on array
in APPPATH\Controllers\MainController.php on line 208.
 1 APPPATH\Controllers\MainController.php(208): CodeIgniter\Debug\Exceptions->errorHandler(2, 'Attempt to read property "packs" on array', 'C:\\laragon\\www\\capstone\\backend\\app\\Controllers\\MainController.php', 208)
 2 SYSTEMPATH\CodeIgniter.php(942): App\Controllers\MainController->getRoomByTotalPax('3')
 3 SYSTEMPATH\CodeIgniter.php(502): CodeIgniter\CodeIgniter->runController(Object(App\Controllers\MainController))
 4 SYSTEMPATH\CodeIgniter.php(361): CodeIgniter\CodeIgniter->handleRequest(null, Object(Config\Cache), false)
 5 FCPATH\index.php(86): CodeIgniter\CodeIgniter->run()
 6 SYSTEMPATH\Commands\Server\rewrite.php(47): require_once('C:\\laragon\\www\\capstone\\backend\\public\\index.php')
CRITICAL - 2024-03-03 04:16:48 --> Attempt to read property "packs" on array
in APPPATH\Controllers\MainController.php on line 228.
 1 APPPATH\Controllers\MainController.php(228): CodeIgniter\Debug\Exceptions->errorHandler(2, 'Attempt to read property "packs" on array', 'C:\\laragon\\www\\capstone\\backend\\app\\Controllers\\MainController.php', 228)
 2 SYSTEMPATH\CodeIgniter.php(942): App\Controllers\MainController->getRoomByTotalPax('3')
 3 SYSTEMPATH\CodeIgniter.php(502): CodeIgniter\CodeIgniter->runController(Object(App\Controllers\MainController))
 4 SYSTEMPATH\CodeIgniter.php(361): CodeIgniter\CodeIgniter->handleRequest(null, Object(Config\Cache), false)
 5 FCPATH\index.php(86): CodeIgniter\CodeIgniter->run()
 6 SYSTEMPATH\Commands\Server\rewrite.php(47): require_once('C:\\laragon\\www\\capstone\\backend\\public\\index.php')
CRITICAL - 2024-03-03 04:34:02 --> Attempt to read property "packs" on array
in APPPATH\Controllers\MainController.php on line 228.
 1 APPPATH\Controllers\MainController.php(228): CodeIgniter\Debug\Exceptions->errorHandler(2, 'Attempt to read property "packs" on array', 'C:\\laragon\\www\\capstone\\backend\\app\\Controllers\\MainController.php', 228)
 2 SYSTEMPATH\CodeIgniter.php(942): App\Controllers\MainController->getRoomByTotalPax('3')
 3 SYSTEMPATH\CodeIgniter.php(502): CodeIgniter\CodeIgniter->runController(Object(App\Controllers\MainController))
 4 SYSTEMPATH\CodeIgniter.php(361): CodeIgniter\CodeIgniter->handleRequest(null, Object(Config\Cache), false)
 5 FCPATH\index.php(86): CodeIgniter\CodeIgniter->run()
 6 SYSTEMPATH\Commands\Server\rewrite.php(47): require_once('C:\\laragon\\www\\capstone\\backend\\public\\index.php')
CRITICAL - 2024-03-03 10:43:57 --> Attempt to read property "packs" on array
in APPPATH\Controllers\MainController.php on line 209.
 1 APPPATH\Controllers\MainController.php(209): CodeIgniter\Debug\Exceptions->errorHandler(2, 'Attempt to read property "packs" on array', 'C:\\laragon\\www\\capstone\\backend\\app\\Controllers\\MainController.php', 209)
 2 SYSTEMPATH\CodeIgniter.php(942): App\Controllers\MainController->getRoomByTotalPax('3')
 3 SYSTEMPATH\CodeIgniter.php(502): CodeIgniter\CodeIgniter->runController(Object(App\Controllers\MainController))
 4 SYSTEMPATH\CodeIgniter.php(361): CodeIgniter\CodeIgniter->handleRequest(null, Object(Config\Cache), false)
 5 FCPATH\index.php(86): CodeIgniter\CodeIgniter->run()
 6 SYSTEMPATH\Commands\Server\rewrite.php(47): require_once('C:\\laragon\\www\\capstone\\backend\\public\\index.php')
CRITICAL - 2024-03-03 10:44:08 --> Attempt to read property "packs" on array
in APPPATH\Controllers\MainController.php on line 209.
 1 APPPATH\Controllers\MainController.php(209): CodeIgniter\Debug\Exceptions->errorHandler(2, 'Attempt to read property "packs" on array', 'C:\\laragon\\www\\capstone\\backend\\app\\Controllers\\MainController.php', 209)
 2 SYSTEMPATH\CodeIgniter.php(942): App\Controllers\MainController->getRoomByTotalPax('6')
 3 SYSTEMPATH\CodeIgniter.php(502): CodeIgniter\CodeIgniter->runController(Object(App\Controllers\MainController))
 4 SYSTEMPATH\CodeIgniter.php(361): CodeIgniter\CodeIgniter->handleRequest(null, Object(Config\Cache), false)
 5 FCPATH\index.php(86): CodeIgniter\CodeIgniter->run()
 6 SYSTEMPATH\Commands\Server\rewrite.php(47): require_once('C:\\laragon\\www\\capstone\\backend\\public\\index.php')
CRITICAL - 2024-03-03 11:06:14 --> Attempt to read property "packs" on array
in APPPATH\Controllers\MainController.php on line 276.
 1 APPPATH\Controllers\MainController.php(276): CodeIgniter\Debug\Exceptions->errorHandler(2, 'Attempt to read property "packs" on array', 'C:\\laragon\\www\\capstone\\backend\\app\\Controllers\\MainController.php', 276)
 2 APPPATH\Controllers\MainController.php(264): App\Controllers\MainController->genCombs([...], '3', 0, [], [])
 3 APPPATH\Controllers\MainController.php(254): App\Controllers\MainController->findComb([...], '3')
 4 SYSTEMPATH\CodeIgniter.php(942): App\Controllers\MainController->getRoomByTotalPax('3')
 5 SYSTEMPATH\CodeIgniter.php(502): CodeIgniter\CodeIgniter->runController(Object(App\Controllers\MainController))
 6 SYSTEMPATH\CodeIgniter.php(361): CodeIgniter\CodeIgniter->handleRequest(null, Object(Config\Cache), false)
 7 FCPATH\index.php(86): CodeIgniter\CodeIgniter->run()
 8 SYSTEMPATH\Commands\Server\rewrite.php(47): require_once('C:\\laragon\\www\\capstone\\backend\\public\\index.php')
CRITICAL - 2024-03-03 11:07:18 --> Attempt to read property "packs" on array
in APPPATH\Controllers\MainController.php on line 276.
 1 APPPATH\Controllers\MainController.php(276): CodeIgniter\Debug\Exceptions->errorHandler(2, 'Attempt to read property "packs" on array', 'C:\\laragon\\www\\capstone\\backend\\app\\Controllers\\MainController.php', 276)
 2 APPPATH\Controllers\MainController.php(264): App\Controllers\MainController->genCombs([...], '3', 0, [], [])
 3 APPPATH\Controllers\MainController.php(254): App\Controllers\MainController->findComb([...], '3')
 4 SYSTEMPATH\CodeIgniter.php(942): App\Controllers\MainController->getRoomByTotalPax('3')
 5 SYSTEMPATH\CodeIgniter.php(502): CodeIgniter\CodeIgniter->runController(Object(App\Controllers\MainController))
 6 SYSTEMPATH\CodeIgniter.php(361): CodeIgniter\CodeIgniter->handleRequest(null, Object(Config\Cache), false)
 7 FCPATH\index.php(86): CodeIgniter\CodeIgniter->run()
 8 SYSTEMPATH\Commands\Server\rewrite.php(47): require_once('C:\\laragon\\www\\capstone\\backend\\public\\index.php')
CRITICAL - 2024-03-03 11:08:41 --> Attempt to read property "packs" on array
in APPPATH\Controllers\MainController.php on line 276.
 1 APPPATH\Controllers\MainController.php(276): CodeIgniter\Debug\Exceptions->errorHandler(2, 'Attempt to read property "packs" on array', 'C:\\laragon\\www\\capstone\\backend\\app\\Controllers\\MainController.php', 276)
 2 APPPATH\Controllers\MainController.php(264): App\Controllers\MainController->genCombs([...], '10', 0, [], [])
 3 APPPATH\Controllers\MainController.php(254): App\Controllers\MainController->findComb([...], '10')
 4 SYSTEMPATH\CodeIgniter.php(942): App\Controllers\MainController->getRoomByTotalPax('10')
 5 SYSTEMPATH\CodeIgniter.php(502): CodeIgniter\CodeIgniter->runController(Object(App\Controllers\MainController))
 6 SYSTEMPATH\CodeIgniter.php(361): CodeIgniter\CodeIgniter->handleRequest(null, Object(Config\Cache), false)
 7 FCPATH\index.php(86): CodeIgniter\CodeIgniter->run()
 8 SYSTEMPATH\Commands\Server\rewrite.php(47): require_once('C:\\laragon\\www\\capstone\\backend\\public\\index.php')
CRITICAL - 2024-03-03 11:08:50 --> Attempt to read property "packs" on array
in APPPATH\Controllers\MainController.php on line 276.
 1 APPPATH\Controllers\MainController.php(276): CodeIgniter\Debug\Exceptions->errorHandler(2, 'Attempt to read property "packs" on array', 'C:\\laragon\\www\\capstone\\backend\\app\\Controllers\\MainController.php', 276)
 2 APPPATH\Controllers\MainController.php(264): App\Controllers\MainController->genCombs([...], '3', 0, [], [])
 3 APPPATH\Controllers\MainController.php(254): App\Controllers\MainController->findComb([...], '3')
 4 SYSTEMPATH\CodeIgniter.php(942): App\Controllers\MainController->getRoomByTotalPax('3')
 5 SYSTEMPATH\CodeIgniter.php(502): CodeIgniter\CodeIgniter->runController(Object(App\Controllers\MainController))
 6 SYSTEMPATH\CodeIgniter.php(361): CodeIgniter\CodeIgniter->handleRequest(null, Object(Config\Cache), false)
 7 FCPATH\index.php(86): CodeIgniter\CodeIgniter->run()
 8 SYSTEMPATH\Commands\Server\rewrite.php(47): require_once('C:\\laragon\\www\\capstone\\backend\\public\\index.php')
CRITICAL - 2024-03-03 11:09:39 --> Attempt to read property "packs" on array
in APPPATH\Controllers\MainController.php on line 276.
 1 APPPATH\Controllers\MainController.php(276): CodeIgniter\Debug\Exceptions->errorHandler(2, 'Attempt to read property "packs" on array', 'C:\\laragon\\www\\capstone\\backend\\app\\Controllers\\MainController.php', 276)
 2 APPPATH\Controllers\MainController.php(264): App\Controllers\MainController->genCombs([...], '3', 0, [], [])
 3 APPPATH\Controllers\MainController.php(254): App\Controllers\MainController->findComb([...], '3')
 4 SYSTEMPATH\CodeIgniter.php(942): App\Controllers\MainController->getRoomByTotalPax('3')
 5 SYSTEMPATH\CodeIgniter.php(502): CodeIgniter\CodeIgniter->runController(Object(App\Controllers\MainController))
 6 SYSTEMPATH\CodeIgniter.php(361): CodeIgniter\CodeIgniter->handleRequest(null, Object(Config\Cache), false)
 7 FCPATH\index.php(86): CodeIgniter\CodeIgniter->run()
 8 SYSTEMPATH\Commands\Server\rewrite.php(47): require_once('C:\\laragon\\www\\capstone\\backend\\public\\index.php')
CRITICAL - 2024-03-03 11:16:47 --> Attempt to read property "packs" on array
in APPPATH\Controllers\MainController.php on line 266.
 1 APPPATH\Controllers\MainController.php(266): CodeIgniter\Debug\Exceptions->errorHandler(2, 'Attempt to read property "packs" on array', 'C:\\laragon\\www\\capstone\\backend\\app\\Controllers\\MainController.php', 266)
 2 [internal function]: App\Controllers\MainController->App\Controllers\{closure}([...], [...])
 3 APPPATH\Controllers\MainController.php(267): usort([...], Object(Closure))
 4 APPPATH\Controllers\MainController.php(254): App\Controllers\MainController->findComb([...], '1')
 5 SYSTEMPATH\CodeIgniter.php(942): App\Controllers\MainController->getRoomByTotalPax('1')
 6 SYSTEMPATH\CodeIgniter.php(502): CodeIgniter\CodeIgniter->runController(Object(App\Controllers\MainController))
 7 SYSTEMPATH\CodeIgniter.php(361): CodeIgniter\CodeIgniter->handleRequest(null, Object(Config\Cache), false)
 8 FCPATH\index.php(86): CodeIgniter\CodeIgniter->run()
 9 SYSTEMPATH\Commands\Server\rewrite.php(47): require_once('C:\\laragon\\www\\capstone\\backend\\public\\index.php')
CRITICAL - 2024-03-03 11:21:03 --> Call to undefined method App\Controllers\MainController::findComb()
in APPPATH\Controllers\MainController.php on line 254.
 1 SYSTEMPATH\CodeIgniter.php(942): App\Controllers\MainController->getRoomByTotalPax('1')
 2 SYSTEMPATH\CodeIgniter.php(502): CodeIgniter\CodeIgniter->runController(Object(App\Controllers\MainController))
 3 SYSTEMPATH\CodeIgniter.php(361): CodeIgniter\CodeIgniter->handleRequest(null, Object(Config\Cache), false)
 4 FCPATH\index.php(86): CodeIgniter\CodeIgniter->run()
 5 SYSTEMPATH\Commands\Server\rewrite.php(47): require_once('C:\\laragon\\www\\capstone\\backend\\public\\index.php')
CRITICAL - 2024-03-03 11:39:50 --> Attempt to read property "packs" on array
in APPPATH\Controllers\MainController.php on line 239.
 1 APPPATH\Controllers\MainController.php(239): CodeIgniter\Debug\Exceptions->errorHandler(2, 'Attempt to read property "packs" on array', 'C:\\laragon\\www\\capstone\\backend\\app\\Controllers\\MainController.php', 239)
 2 SYSTEMPATH\CodeIgniter.php(942): App\Controllers\MainController->getRoomByTotalPax('1')
 3 SYSTEMPATH\CodeIgniter.php(502): CodeIgniter\CodeIgniter->runController(Object(App\Controllers\MainController))
 4 SYSTEMPATH\CodeIgniter.php(361): CodeIgniter\CodeIgniter->handleRequest(null, Object(Config\Cache), false)
 5 FCPATH\index.php(86): CodeIgniter\CodeIgniter->run()
 6 SYSTEMPATH\Commands\Server\rewrite.php(47): require_once('C:\\laragon\\www\\capstone\\backend\\public\\index.php')
CRITICAL - 2024-03-03 11:41:10 --> Attempt to read property "packs" on array
in APPPATH\Controllers\MainController.php on line 235.
 1 APPPATH\Controllers\MainController.php(235): CodeIgniter\Debug\Exceptions->errorHandler(2, 'Attempt to read property "packs" on array', 'C:\\laragon\\www\\capstone\\backend\\app\\Controllers\\MainController.php', 235)
 2 SYSTEMPATH\CodeIgniter.php(942): App\Controllers\MainController->getRoomByTotalPax('1')
 3 SYSTEMPATH\CodeIgniter.php(502): CodeIgniter\CodeIgniter->runController(Object(App\Controllers\MainController))
 4 SYSTEMPATH\CodeIgniter.php(361): CodeIgniter\CodeIgniter->handleRequest(null, Object(Config\Cache), false)
 5 FCPATH\index.php(86): CodeIgniter\CodeIgniter->run()
 6 SYSTEMPATH\Commands\Server\rewrite.php(47): require_once('C:\\laragon\\www\\capstone\\backend\\public\\index.php')
CRITICAL - 2024-03-03 11:41:12 --> Attempt to read property "packs" on array
in APPPATH\Controllers\MainController.php on line 235.
 1 APPPATH\Controllers\MainController.php(235): CodeIgniter\Debug\Exceptions->errorHandler(2, 'Attempt to read property "packs" on array', 'C:\\laragon\\www\\capstone\\backend\\app\\Controllers\\MainController.php', 235)
 2 SYSTEMPATH\CodeIgniter.php(942): App\Controllers\MainController->getRoomByTotalPax('1')
 3 SYSTEMPATH\CodeIgniter.php(502): CodeIgniter\CodeIgniter->runController(Object(App\Controllers\MainController))
 4 SYSTEMPATH\CodeIgniter.php(361): CodeIgniter\CodeIgniter->handleRequest(null, Object(Config\Cache), false)
 5 FCPATH\index.php(86): CodeIgniter\CodeIgniter->run()
 6 SYSTEMPATH\Commands\Server\rewrite.php(47): require_once('C:\\laragon\\www\\capstone\\backend\\public\\index.php')
CRITICAL - 2024-03-03 11:41:12 --> Attempt to read property "packs" on array
in APPPATH\Controllers\MainController.php on line 235.
 1 APPPATH\Controllers\MainController.php(235): CodeIgniter\Debug\Exceptions->errorHandler(2, 'Attempt to read property "packs" on array', 'C:\\laragon\\www\\capstone\\backend\\app\\Controllers\\MainController.php', 235)
 2 SYSTEMPATH\CodeIgniter.php(942): App\Controllers\MainController->getRoomByTotalPax('1')
 3 SYSTEMPATH\CodeIgniter.php(502): CodeIgniter\CodeIgniter->runController(Object(App\Controllers\MainController))
 4 SYSTEMPATH\CodeIgniter.php(361): CodeIgniter\CodeIgniter->handleRequest(null, Object(Config\Cache), false)
 5 FCPATH\index.php(86): CodeIgniter\CodeIgniter->run()
 6 SYSTEMPATH\Commands\Server\rewrite.php(47): require_once('C:\\laragon\\www\\capstone\\backend\\public\\index.php')
CRITICAL - 2024-03-03 11:41:13 --> Attempt to read property "packs" on array
in APPPATH\Controllers\MainController.php on line 235.
 1 APPPATH\Controllers\MainController.php(235): CodeIgniter\Debug\Exceptions->errorHandler(2, 'Attempt to read property "packs" on array', 'C:\\laragon\\www\\capstone\\backend\\app\\Controllers\\MainController.php', 235)
 2 SYSTEMPATH\CodeIgniter.php(942): App\Controllers\MainController->getRoomByTotalPax('1')
 3 SYSTEMPATH\CodeIgniter.php(502): CodeIgniter\CodeIgniter->runController(Object(App\Controllers\MainController))
 4 SYSTEMPATH\CodeIgniter.php(361): CodeIgniter\CodeIgniter->handleRequest(null, Object(Config\Cache), false)
 5 FCPATH\index.php(86): CodeIgniter\CodeIgniter->run()
 6 SYSTEMPATH\Commands\Server\rewrite.php(47): require_once('C:\\laragon\\www\\capstone\\backend\\public\\index.php')
CRITICAL - 2024-03-03 11:41:13 --> Attempt to read property "packs" on array
in APPPATH\Controllers\MainController.php on line 235.
 1 APPPATH\Controllers\MainController.php(235): CodeIgniter\Debug\Exceptions->errorHandler(2, 'Attempt to read property "packs" on array', 'C:\\laragon\\www\\capstone\\backend\\app\\Controllers\\MainController.php', 235)
 2 SYSTEMPATH\CodeIgniter.php(942): App\Controllers\MainController->getRoomByTotalPax('1')
 3 SYSTEMPATH\CodeIgniter.php(502): CodeIgniter\CodeIgniter->runController(Object(App\Controllers\MainController))
 4 SYSTEMPATH\CodeIgniter.php(361): CodeIgniter\CodeIgniter->handleRequest(null, Object(Config\Cache), false)
 5 FCPATH\index.php(86): CodeIgniter\CodeIgniter->run()
 6 SYSTEMPATH\Commands\Server\rewrite.php(47): require_once('C:\\laragon\\www\\capstone\\backend\\public\\index.php')
CRITICAL - 2024-03-03 11:41:14 --> Attempt to read property "packs" on array
in APPPATH\Controllers\MainController.php on line 235.
 1 APPPATH\Controllers\MainController.php(235): CodeIgniter\Debug\Exceptions->errorHandler(2, 'Attempt to read property "packs" on array', 'C:\\laragon\\www\\capstone\\backend\\app\\Controllers\\MainController.php', 235)
 2 SYSTEMPATH\CodeIgniter.php(942): App\Controllers\MainController->getRoomByTotalPax('1')
 3 SYSTEMPATH\CodeIgniter.php(502): CodeIgniter\CodeIgniter->runController(Object(App\Controllers\MainController))
 4 SYSTEMPATH\CodeIgniter.php(361): CodeIgniter\CodeIgniter->handleRequest(null, Object(Config\Cache), false)
 5 FCPATH\index.php(86): CodeIgniter\CodeIgniter->run()
 6 SYSTEMPATH\Commands\Server\rewrite.php(47): require_once('C:\\laragon\\www\\capstone\\backend\\public\\index.php')
CRITICAL - 2024-03-03 11:41:15 --> Attempt to read property "packs" on array
in APPPATH\Controllers\MainController.php on line 235.
 1 APPPATH\Controllers\MainController.php(235): CodeIgniter\Debug\Exceptions->errorHandler(2, 'Attempt to read property "packs" on array', 'C:\\laragon\\www\\capstone\\backend\\app\\Controllers\\MainController.php', 235)
 2 SYSTEMPATH\CodeIgniter.php(942): App\Controllers\MainController->getRoomByTotalPax('1')
 3 SYSTEMPATH\CodeIgniter.php(502): CodeIgniter\CodeIgniter->runController(Object(App\Controllers\MainController))
 4 SYSTEMPATH\CodeIgniter.php(361): CodeIgniter\CodeIgniter->handleRequest(null, Object(Config\Cache), false)
 5 FCPATH\index.php(86): CodeIgniter\CodeIgniter->run()
 6 SYSTEMPATH\Commands\Server\rewrite.php(47): require_once('C:\\laragon\\www\\capstone\\backend\\public\\index.php')
CRITICAL - 2024-03-03 11:44:09 --> Call to undefined method App\Controllers\MainController::findComb()
in APPPATH\Controllers\MainController.php on line 254.
 1 SYSTEMPATH\CodeIgniter.php(942): App\Controllers\MainController->getRoomByTotalPax('3')
 2 SYSTEMPATH\CodeIgniter.php(502): CodeIgniter\CodeIgniter->runController(Object(App\Controllers\MainController))
 3 SYSTEMPATH\CodeIgniter.php(361): CodeIgniter\CodeIgniter->handleRequest(null, Object(Config\Cache), false)
 4 FCPATH\index.php(86): CodeIgniter\CodeIgniter->run()
 5 SYSTEMPATH\Commands\Server\rewrite.php(47): require_once('C:\\laragon\\www\\capstone\\backend\\public\\index.php')
CRITICAL - 2024-03-03 11:46:30 --> Attempt to read property "packs" on array
in APPPATH\Controllers\MainController.php on line 266.
 1 APPPATH\Controllers\MainController.php(266): CodeIgniter\Debug\Exceptions->errorHandler(2, 'Attempt to read property "packs" on array', 'C:\\laragon\\www\\capstone\\backend\\app\\Controllers\\MainController.php', 266)
 2 APPPATH\Controllers\MainController.php(254): App\Controllers\MainController->findComb([...], '3')
 3 SYSTEMPATH\CodeIgniter.php(942): App\Controllers\MainController->getRoomByTotalPax('3')
 4 SYSTEMPATH\CodeIgniter.php(502): CodeIgniter\CodeIgniter->runController(Object(App\Controllers\MainController))
 5 SYSTEMPATH\CodeIgniter.php(361): CodeIgniter\CodeIgniter->handleRequest(null, Object(Config\Cache), false)
 6 FCPATH\index.php(86): CodeIgniter\CodeIgniter->run()
 7 SYSTEMPATH\Commands\Server\rewrite.php(47): require_once('C:\\laragon\\www\\capstone\\backend\\public\\index.php')
CRITICAL - 2024-03-03 11:46:31 --> Attempt to read property "packs" on array
in APPPATH\Controllers\MainController.php on line 266.
 1 APPPATH\Controllers\MainController.php(266): CodeIgniter\Debug\Exceptions->errorHandler(2, 'Attempt to read property "packs" on array', 'C:\\laragon\\www\\capstone\\backend\\app\\Controllers\\MainController.php', 266)
 2 APPPATH\Controllers\MainController.php(254): App\Controllers\MainController->findComb([...], '3')
 3 SYSTEMPATH\CodeIgniter.php(942): App\Controllers\MainController->getRoomByTotalPax('3')
 4 SYSTEMPATH\CodeIgniter.php(502): CodeIgniter\CodeIgniter->runController(Object(App\Controllers\MainController))
 5 SYSTEMPATH\CodeIgniter.php(361): CodeIgniter\CodeIgniter->handleRequest(null, Object(Config\Cache), false)
 6 FCPATH\index.php(86): CodeIgniter\CodeIgniter->run()
 7 SYSTEMPATH\Commands\Server\rewrite.php(47): require_once('C:\\laragon\\www\\capstone\\backend\\public\\index.php')
ERROR - 2024-03-03 13:22:09 --> mysqli_sql_exception: Table 'crud.rooms' doesn't exist in C:\laragon\www\capstone\backend\system\Database\MySQLi\Connection.php:306
Stack trace:
#0 C:\laragon\www\capstone\backend\system\Database\MySQLi\Connection.php(306): mysqli->query('SELECT * FROM r...', 0)
#1 C:\laragon\www\capstone\backend\system\Database\BaseConnection.php(693): CodeIgniter\Database\MySQLi\Connection->execute('SELECT * FROM r...')
#2 C:\laragon\www\capstone\backend\system\Database\BaseConnection.php(607): CodeIgniter\Database\BaseConnection->simpleQuery('SELECT * FROM r...')
#3 C:\laragon\www\capstone\backend\system\Model.php(867): CodeIgniter\Database\BaseConnection->query('SELECT * FROM r...', Array)
#4 C:\laragon\www\capstone\backend\app\Controllers\MainController.php(208): CodeIgniter\Model->__call('query', Array)
#5 C:\laragon\www\capstone\backend\system\CodeIgniter.php(942): App\Controllers\MainController->getRoomByTotalPax('3')
#6 C:\laragon\www\capstone\backend\system\CodeIgniter.php(502): CodeIgniter\CodeIgniter->runController(Object(App\Controllers\MainController))
#7 C:\laragon\www\capstone\backend\system\CodeIgniter.php(361): CodeIgniter\CodeIgniter->handleRequest(NULL, Object(Config\Cache), false)
#8 C:\laragon\www\capstone\backend\public\index.php(86): CodeIgniter\CodeIgniter->run()
#9 C:\laragon\www\capstone\backend\system\Commands\Server\rewrite.php(47): require_once('C:\\laragon\\www\\...')
#10 {main}
CRITICAL - 2024-03-03 13:22:09 --> Table 'crud.rooms' doesn't exist
in SYSTEMPATH\Database\BaseConnection.php on line 647.
 1 SYSTEMPATH\Model.php(867): CodeIgniter\Database\BaseConnection->query('SELECT * FROM rooms WHERE packs = ?', [...])
 2 APPPATH\Controllers\MainController.php(208): CodeIgniter\Model->__call('query', [...])
 3 SYSTEMPATH\CodeIgniter.php(942): App\Controllers\MainController->getRoomByTotalPax('3')
 4 SYSTEMPATH\CodeIgniter.php(502): CodeIgniter\CodeIgniter->runController(Object(App\Controllers\MainController))
 5 SYSTEMPATH\CodeIgniter.php(361): CodeIgniter\CodeIgniter->handleRequest(null, Object(Config\Cache), false)
 6 FCPATH\index.php(86): CodeIgniter\CodeIgniter->run()
 7 SYSTEMPATH\Commands\Server\rewrite.php(47): require_once('C:\\laragon\\www\\capstone\\backend\\public\\index.php')
CRITICAL - 2024-03-03 13:23:54 --> Attempt to read property "packs" on array
in APPPATH\Controllers\MainController.php on line 222.
 1 APPPATH\Controllers\MainController.php(222): CodeIgniter\Debug\Exceptions->errorHandler(2, 'Attempt to read property "packs" on array', 'C:\\laragon\\www\\capstone\\backend\\app\\Controllers\\MainController.php', 222)
 2 APPPATH\Controllers\MainController.php(207): App\Controllers\MainController->findRoomsByTotalPax([...], '3')
 3 SYSTEMPATH\CodeIgniter.php(942): App\Controllers\MainController->getRoomByTotalPax('3')
 4 SYSTEMPATH\CodeIgniter.php(502): CodeIgniter\CodeIgniter->runController(Object(App\Controllers\MainController))
 5 SYSTEMPATH\CodeIgniter.php(361): CodeIgniter\CodeIgniter->handleRequest(null, Object(Config\Cache), false)
 6 FCPATH\index.php(86): CodeIgniter\CodeIgniter->run()
 7 SYSTEMPATH\Commands\Server\rewrite.php(47): require_once('C:\\laragon\\www\\capstone\\backend\\public\\index.php')
