CRITICAL - 2024-05-07 01:12:49 --> Call to a member function builder() on null
in APPPATH\Controllers\MainController.php on line 83.
 1 SYSTEMPATH\CodeIgniter.php(942): App\Controllers\MainController->showDailyReport()
 2 SYSTEMPATH\CodeIgniter.php(502): CodeIgniter\CodeIgniter->runController(Object(App\Controllers\MainController))
 3 SYSTEMPATH\CodeIgniter.php(361): CodeIgniter\CodeIgniter->handleRequest(null, Object(Config\Cache), false)
 4 FCPATH\index.php(86): CodeIgniter\CodeIgniter->run()
 5 SYSTEMPATH\Commands\Server\rewrite.php(47): require_once('C:\\laragon\\www\\capstonee\\backend\\public\\index.php')
CRITICAL - 2024-05-07 01:14:44 --> Call to a member function builder() on null
in APPPATH\Controllers\MainController.php on line 95.
 1 SYSTEMPATH\CodeIgniter.php(942): App\Controllers\MainController->monthlySalesReport()
 2 SYSTEMPATH\CodeIgniter.php(502): CodeIgniter\CodeIgniter->runController(Object(App\Controllers\MainController))
 3 SYSTEMPATH\CodeIgniter.php(361): CodeIgniter\CodeIgniter->handleRequest(null, Object(Config\Cache), false)
 4 FCPATH\index.php(86): CodeIgniter\CodeIgniter->run()
 5 SYSTEMPATH\Commands\Server\rewrite.php(47): require_once('C:\\laragon\\www\\capstonee\\backend\\public\\index.php')
CRITICAL - 2024-05-07 01:28:59 --> Call to a member function table() on null
in APPPATH\Controllers\MainController.php on line 96.
 1 SYSTEMPATH\CodeIgniter.php(942): App\Controllers\MainController->showDailyReport()
 2 SYSTEMPATH\CodeIgniter.php(502): CodeIgniter\CodeIgniter->runController(Object(App\Controllers\MainController))
 3 SYSTEMPATH\CodeIgniter.php(361): CodeIgniter\CodeIgniter->handleRequest(null, Object(Config\Cache), false)
 4 FCPATH\index.php(86): CodeIgniter\CodeIgniter->run()
 5 SYSTEMPATH\Commands\Server\rewrite.php(47): require_once('C:\\laragon\\www\\capstonee\\backend\\public\\index.php')
ERROR - 2024-05-07 01:36:40 --> mysqli_sql_exception: Unknown column 'invoices.total_price' in 'field list' in C:\laragon\www\capstonee\backend\system\Database\MySQLi\Connection.php:306
Stack trace:
#0 C:\laragon\www\capstonee\backend\system\Database\MySQLi\Connection.php(306): mysqli->query('SELECT DATE(inv...', 0)
#1 C:\laragon\www\capstonee\backend\system\Database\BaseConnection.php(693): CodeIgniter\Database\MySQLi\Connection->execute('SELECT DATE(inv...')
#2 C:\laragon\www\capstonee\backend\system\Database\BaseConnection.php(607): CodeIgniter\Database\BaseConnection->simpleQuery('SELECT DATE(inv...')
#3 C:\laragon\www\capstonee\backend\system\Database\BaseBuilder.php(1615): CodeIgniter\Database\BaseConnection->query('SELECT DATE(inv...', Array, false)
#4 C:\laragon\www\capstonee\backend\app\Controllers\MainController.php(104): CodeIgniter\Database\BaseBuilder->get()
#5 C:\laragon\www\capstonee\backend\system\CodeIgniter.php(942): App\Controllers\MainController->showDailyReport()
#6 C:\laragon\www\capstonee\backend\system\CodeIgniter.php(502): CodeIgniter\CodeIgniter->runController(Object(App\Controllers\MainController))
#7 C:\laragon\www\capstonee\backend\system\CodeIgniter.php(361): CodeIgniter\CodeIgniter->handleRequest(NULL, Object(Config\Cache), false)
#8 C:\laragon\www\capstonee\backend\public\index.php(86): CodeIgniter\CodeIgniter->run()
#9 C:\laragon\www\capstonee\backend\system\Commands\Server\rewrite.php(47): require_once('C:\\laragon\\www\\...')
#10 {main}
CRITICAL - 2024-05-07 01:36:40 --> Unknown column 'invoices.total_price' in 'field list'
in SYSTEMPATH\Database\BaseConnection.php on line 647.
 1 SYSTEMPATH\Database\BaseBuilder.php(1615): CodeIgniter\Database\BaseConnection->query('SELECT DATE(invoices.created_at) as date, SUM(invoices.total_price) as total_sales
FROM `invoices`
WHERE `invoices`.`order_status` = :invoices.order_status:
GROUP BY DATE(invoices.created_at)', [...], false)
 2 APPPATH\Controllers\MainController.php(104): CodeIgniter\Database\BaseBuilder->get()
 3 SYSTEMPATH\CodeIgniter.php(942): App\Controllers\MainController->showDailyReport()
 4 SYSTEMPATH\CodeIgniter.php(502): CodeIgniter\CodeIgniter->runController(Object(App\Controllers\MainController))
 5 SYSTEMPATH\CodeIgniter.php(361): CodeIgniter\CodeIgniter->handleRequest(null, Object(Config\Cache), false)
 6 FCPATH\index.php(86): CodeIgniter\CodeIgniter->run()
 7 SYSTEMPATH\Commands\Server\rewrite.php(47): require_once('C:\\laragon\\www\\capstonee\\backend\\public\\index.php')
ERROR - 2024-05-07 01:39:36 --> mysqli_sql_exception: Unknown column 'created_at' in 'field list' in C:\laragon\www\capstonee\backend\system\Database\MySQLi\Connection.php:306
Stack trace:
#0 C:\laragon\www\capstonee\backend\system\Database\MySQLi\Connection.php(306): mysqli->query('INSERT INTO `co...', 0)
#1 C:\laragon\www\capstonee\backend\system\Database\BaseConnection.php(693): CodeIgniter\Database\MySQLi\Connection->execute('INSERT INTO `co...')
#2 C:\laragon\www\capstonee\backend\system\Database\BaseConnection.php(607): CodeIgniter\Database\BaseConnection->simpleQuery('INSERT INTO `co...')
#3 C:\laragon\www\capstonee\backend\system\Database\BaseBuilder.php(2308): CodeIgniter\Database\BaseConnection->query('INSERT INTO `co...', Array, false)
#4 C:\laragon\www\capstonee\backend\system\Model.php(319): CodeIgniter\Database\BaseBuilder->insert()
#5 C:\laragon\www\capstonee\backend\system\BaseModel.php(788): CodeIgniter\Model->doInsert(Array)
#6 C:\laragon\www\capstonee\backend\system\Model.php(715): CodeIgniter\BaseModel->insert(Array, true)
#7 C:\laragon\www\capstonee\backend\app\Controllers\MainController.php(197): CodeIgniter\Model->insert(Array)
#8 C:\laragon\www\capstonee\backend\system\CodeIgniter.php(942): App\Controllers\MainController->cottageBooking()
#9 C:\laragon\www\capstonee\backend\system\CodeIgniter.php(502): CodeIgniter\CodeIgniter->runController(Object(App\Controllers\MainController))
#10 C:\laragon\www\capstonee\backend\system\CodeIgniter.php(361): CodeIgniter\CodeIgniter->handleRequest(NULL, Object(Config\Cache), false)
#11 C:\laragon\www\capstonee\backend\public\index.php(86): CodeIgniter\CodeIgniter->run()
#12 C:\laragon\www\capstonee\backend\system\Commands\Server\rewrite.php(47): require_once('C:\\laragon\\www\\...')
#13 {main}
CRITICAL - 2024-05-07 01:39:36 --> Unknown column 'created_at' in 'field list'
in SYSTEMPATH\Database\BaseConnection.php on line 647.
 1 SYSTEMPATH\Database\BaseBuilder.php(2308): CodeIgniter\Database\BaseConnection->query('INSERT INTO `cottagebooking` (`id`, `selectedTime`, `selectedTimeout`, `cottagebooking_status`, `cottage_id`, `created_at`) VALUES (:id:, :selectedTime:, :selectedTimeout:, :cottagebooking_status:, :cottage_id:, :created_at:)', [...], false)
 2 SYSTEMPATH\Model.php(319): CodeIgniter\Database\BaseBuilder->insert()
 3 SYSTEMPATH\BaseModel.php(788): CodeIgniter\Model->doInsert([...])
 4 SYSTEMPATH\Model.php(715): CodeIgniter\BaseModel->insert([...], true)
 5 APPPATH\Controllers\MainController.php(197): CodeIgniter\Model->insert([...])
 6 SYSTEMPATH\CodeIgniter.php(942): App\Controllers\MainController->cottageBooking()
 7 SYSTEMPATH\CodeIgniter.php(502): CodeIgniter\CodeIgniter->runController(Object(App\Controllers\MainController))
 8 SYSTEMPATH\CodeIgniter.php(361): CodeIgniter\CodeIgniter->handleRequest(null, Object(Config\Cache), false)
 9 FCPATH\index.php(86): CodeIgniter\CodeIgniter->run()
10 SYSTEMPATH\Commands\Server\rewrite.php(47): require_once('C:\\laragon\\www\\capstonee\\backend\\public\\index.php')
ERROR - 2024-05-07 01:39:40 --> mysqli_sql_exception: Unknown column 'created_at' in 'field list' in C:\laragon\www\capstonee\backend\system\Database\MySQLi\Connection.php:306
Stack trace:
#0 C:\laragon\www\capstonee\backend\system\Database\MySQLi\Connection.php(306): mysqli->query('INSERT INTO `co...', 0)
#1 C:\laragon\www\capstonee\backend\system\Database\BaseConnection.php(693): CodeIgniter\Database\MySQLi\Connection->execute('INSERT INTO `co...')
#2 C:\laragon\www\capstonee\backend\system\Database\BaseConnection.php(607): CodeIgniter\Database\BaseConnection->simpleQuery('INSERT INTO `co...')
#3 C:\laragon\www\capstonee\backend\system\Database\BaseBuilder.php(2308): CodeIgniter\Database\BaseConnection->query('INSERT INTO `co...', Array, false)
#4 C:\laragon\www\capstonee\backend\system\Model.php(319): CodeIgniter\Database\BaseBuilder->insert()
#5 C:\laragon\www\capstonee\backend\system\BaseModel.php(788): CodeIgniter\Model->doInsert(Array)
#6 C:\laragon\www\capstonee\backend\system\Model.php(715): CodeIgniter\BaseModel->insert(Array, true)
#7 C:\laragon\www\capstonee\backend\app\Controllers\MainController.php(197): CodeIgniter\Model->insert(Array)
#8 C:\laragon\www\capstonee\backend\system\CodeIgniter.php(942): App\Controllers\MainController->cottageBooking()
#9 C:\laragon\www\capstonee\backend\system\CodeIgniter.php(502): CodeIgniter\CodeIgniter->runController(Object(App\Controllers\MainController))
#10 C:\laragon\www\capstonee\backend\system\CodeIgniter.php(361): CodeIgniter\CodeIgniter->handleRequest(NULL, Object(Config\Cache), false)
#11 C:\laragon\www\capstonee\backend\public\index.php(86): CodeIgniter\CodeIgniter->run()
#12 C:\laragon\www\capstonee\backend\system\Commands\Server\rewrite.php(47): require_once('C:\\laragon\\www\\...')
#13 {main}
CRITICAL - 2024-05-07 01:39:40 --> Unknown column 'created_at' in 'field list'
in SYSTEMPATH\Database\BaseConnection.php on line 647.
 1 SYSTEMPATH\Database\BaseBuilder.php(2308): CodeIgniter\Database\BaseConnection->query('INSERT INTO `cottagebooking` (`id`, `selectedTime`, `selectedTimeout`, `cottagebooking_status`, `cottage_id`, `created_at`) VALUES (:id:, :selectedTime:, :selectedTimeout:, :cottagebooking_status:, :cottage_id:, :created_at:)', [...], false)
 2 SYSTEMPATH\Model.php(319): CodeIgniter\Database\BaseBuilder->insert()
 3 SYSTEMPATH\BaseModel.php(788): CodeIgniter\Model->doInsert([...])
 4 SYSTEMPATH\Model.php(715): CodeIgniter\BaseModel->insert([...], true)
 5 APPPATH\Controllers\MainController.php(197): CodeIgniter\Model->insert([...])
 6 SYSTEMPATH\CodeIgniter.php(942): App\Controllers\MainController->cottageBooking()
 7 SYSTEMPATH\CodeIgniter.php(502): CodeIgniter\CodeIgniter->runController(Object(App\Controllers\MainController))
 8 SYSTEMPATH\CodeIgniter.php(361): CodeIgniter\CodeIgniter->handleRequest(null, Object(Config\Cache), false)
 9 FCPATH\index.php(86): CodeIgniter\CodeIgniter->run()
10 SYSTEMPATH\Commands\Server\rewrite.php(47): require_once('C:\\laragon\\www\\capstonee\\backend\\public\\index.php')
ERROR - 2024-05-07 01:40:56 --> mysqli_sql_exception: Unknown column 'created_at' in 'field list' in C:\laragon\www\capstonee\backend\system\Database\MySQLi\Connection.php:306
Stack trace:
#0 C:\laragon\www\capstonee\backend\system\Database\MySQLi\Connection.php(306): mysqli->query('INSERT INTO `co...', 0)
#1 C:\laragon\www\capstonee\backend\system\Database\BaseConnection.php(693): CodeIgniter\Database\MySQLi\Connection->execute('INSERT INTO `co...')
#2 C:\laragon\www\capstonee\backend\system\Database\BaseConnection.php(607): CodeIgniter\Database\BaseConnection->simpleQuery('INSERT INTO `co...')
#3 C:\laragon\www\capstonee\backend\system\Database\BaseBuilder.php(2308): CodeIgniter\Database\BaseConnection->query('INSERT INTO `co...', Array, false)
#4 C:\laragon\www\capstonee\backend\system\Model.php(319): CodeIgniter\Database\BaseBuilder->insert()
#5 C:\laragon\www\capstonee\backend\system\BaseModel.php(788): CodeIgniter\Model->doInsert(Array)
#6 C:\laragon\www\capstonee\backend\system\Model.php(715): CodeIgniter\BaseModel->insert(Array, true)
#7 C:\laragon\www\capstonee\backend\app\Controllers\MainController.php(197): CodeIgniter\Model->insert(Array)
#8 C:\laragon\www\capstonee\backend\system\CodeIgniter.php(942): App\Controllers\MainController->cottageBooking()
#9 C:\laragon\www\capstonee\backend\system\CodeIgniter.php(502): CodeIgniter\CodeIgniter->runController(Object(App\Controllers\MainController))
#10 C:\laragon\www\capstonee\backend\system\CodeIgniter.php(361): CodeIgniter\CodeIgniter->handleRequest(NULL, Object(Config\Cache), false)
#11 C:\laragon\www\capstonee\backend\public\index.php(86): CodeIgniter\CodeIgniter->run()
#12 C:\laragon\www\capstonee\backend\system\Commands\Server\rewrite.php(47): require_once('C:\\laragon\\www\\...')
#13 {main}
CRITICAL - 2024-05-07 01:40:56 --> Unknown column 'created_at' in 'field list'
in SYSTEMPATH\Database\BaseConnection.php on line 647.
 1 SYSTEMPATH\Database\BaseBuilder.php(2308): CodeIgniter\Database\BaseConnection->query('INSERT INTO `cottagebooking` (`id`, `selectedTime`, `selectedTimeout`, `cottagebooking_status`, `cottage_id`, `created_at`) VALUES (:id:, :selectedTime:, :selectedTimeout:, :cottagebooking_status:, :cottage_id:, :created_at:)', [...], false)
 2 SYSTEMPATH\Model.php(319): CodeIgniter\Database\BaseBuilder->insert()
 3 SYSTEMPATH\BaseModel.php(788): CodeIgniter\Model->doInsert([...])
 4 SYSTEMPATH\Model.php(715): CodeIgniter\BaseModel->insert([...], true)
 5 APPPATH\Controllers\MainController.php(197): CodeIgniter\Model->insert([...])
 6 SYSTEMPATH\CodeIgniter.php(942): App\Controllers\MainController->cottageBooking()
 7 SYSTEMPATH\CodeIgniter.php(502): CodeIgniter\CodeIgniter->runController(Object(App\Controllers\MainController))
 8 SYSTEMPATH\CodeIgniter.php(361): CodeIgniter\CodeIgniter->handleRequest(null, Object(Config\Cache), false)
 9 FCPATH\index.php(86): CodeIgniter\CodeIgniter->run()
10 SYSTEMPATH\Commands\Server\rewrite.php(47): require_once('C:\\laragon\\www\\capstonee\\backend\\public\\index.php')
ERROR - 2024-05-07 01:42:58 --> mysqli_sql_exception: Unknown column 'created_at' in 'field list' in C:\laragon\www\capstonee\backend\system\Database\MySQLi\Connection.php:306
Stack trace:
#0 C:\laragon\www\capstonee\backend\system\Database\MySQLi\Connection.php(306): mysqli->query('INSERT INTO `co...', 0)
#1 C:\laragon\www\capstonee\backend\system\Database\BaseConnection.php(693): CodeIgniter\Database\MySQLi\Connection->execute('INSERT INTO `co...')
#2 C:\laragon\www\capstonee\backend\system\Database\BaseConnection.php(607): CodeIgniter\Database\BaseConnection->simpleQuery('INSERT INTO `co...')
#3 C:\laragon\www\capstonee\backend\system\Database\BaseBuilder.php(2308): CodeIgniter\Database\BaseConnection->query('INSERT INTO `co...', Array, false)
#4 C:\laragon\www\capstonee\backend\system\Model.php(319): CodeIgniter\Database\BaseBuilder->insert()
#5 C:\laragon\www\capstonee\backend\system\BaseModel.php(788): CodeIgniter\Model->doInsert(Array)
#6 C:\laragon\www\capstonee\backend\system\Model.php(715): CodeIgniter\BaseModel->insert(Array, true)
#7 C:\laragon\www\capstonee\backend\app\Controllers\MainController.php(197): CodeIgniter\Model->insert(Array)
#8 C:\laragon\www\capstonee\backend\system\CodeIgniter.php(942): App\Controllers\MainController->cottageBooking()
#9 C:\laragon\www\capstonee\backend\system\CodeIgniter.php(502): CodeIgniter\CodeIgniter->runController(Object(App\Controllers\MainController))
#10 C:\laragon\www\capstonee\backend\system\CodeIgniter.php(361): CodeIgniter\CodeIgniter->handleRequest(NULL, Object(Config\Cache), false)
#11 C:\laragon\www\capstonee\backend\public\index.php(86): CodeIgniter\CodeIgniter->run()
#12 C:\laragon\www\capstonee\backend\system\Commands\Server\rewrite.php(47): require_once('C:\\laragon\\www\\...')
#13 {main}
CRITICAL - 2024-05-07 01:42:58 --> Unknown column 'created_at' in 'field list'
in SYSTEMPATH\Database\BaseConnection.php on line 647.
 1 SYSTEMPATH\Database\BaseBuilder.php(2308): CodeIgniter\Database\BaseConnection->query('INSERT INTO `cottagebooking` (`id`, `selectedTime`, `selectedTimeout`, `cottagebooking_status`, `cottage_id`, `created_at`) VALUES (:id:, :selectedTime:, :selectedTimeout:, :cottagebooking_status:, :cottage_id:, :created_at:)', [...], false)
 2 SYSTEMPATH\Model.php(319): CodeIgniter\Database\BaseBuilder->insert()
 3 SYSTEMPATH\BaseModel.php(788): CodeIgniter\Model->doInsert([...])
 4 SYSTEMPATH\Model.php(715): CodeIgniter\BaseModel->insert([...], true)
 5 APPPATH\Controllers\MainController.php(197): CodeIgniter\Model->insert([...])
 6 SYSTEMPATH\CodeIgniter.php(942): App\Controllers\MainController->cottageBooking()
 7 SYSTEMPATH\CodeIgniter.php(502): CodeIgniter\CodeIgniter->runController(Object(App\Controllers\MainController))
 8 SYSTEMPATH\CodeIgniter.php(361): CodeIgniter\CodeIgniter->handleRequest(null, Object(Config\Cache), false)
 9 FCPATH\index.php(86): CodeIgniter\CodeIgniter->run()
10 SYSTEMPATH\Commands\Server\rewrite.php(47): require_once('C:\\laragon\\www\\capstonee\\backend\\public\\index.php')
ERROR - 2024-05-07 01:45:40 --> mysqli_sql_exception: Unknown column 'created_at' in 'field list' in C:\laragon\www\capstonee\backend\system\Database\MySQLi\Connection.php:306
Stack trace:
#0 C:\laragon\www\capstonee\backend\system\Database\MySQLi\Connection.php(306): mysqli->query('INSERT INTO `co...', 0)
#1 C:\laragon\www\capstonee\backend\system\Database\BaseConnection.php(693): CodeIgniter\Database\MySQLi\Connection->execute('INSERT INTO `co...')
#2 C:\laragon\www\capstonee\backend\system\Database\BaseConnection.php(607): CodeIgniter\Database\BaseConnection->simpleQuery('INSERT INTO `co...')
#3 C:\laragon\www\capstonee\backend\system\Database\BaseBuilder.php(2308): CodeIgniter\Database\BaseConnection->query('INSERT INTO `co...', Array, false)
#4 C:\laragon\www\capstonee\backend\system\Model.php(319): CodeIgniter\Database\BaseBuilder->insert()
#5 C:\laragon\www\capstonee\backend\system\BaseModel.php(788): CodeIgniter\Model->doInsert(Array)
#6 C:\laragon\www\capstonee\backend\system\Model.php(715): CodeIgniter\BaseModel->insert(Array, true)
#7 C:\laragon\www\capstonee\backend\app\Controllers\MainController.php(196): CodeIgniter\Model->insert(Array)
#8 C:\laragon\www\capstonee\backend\system\CodeIgniter.php(942): App\Controllers\MainController->cottageBooking()
#9 C:\laragon\www\capstonee\backend\system\CodeIgniter.php(502): CodeIgniter\CodeIgniter->runController(Object(App\Controllers\MainController))
#10 C:\laragon\www\capstonee\backend\system\CodeIgniter.php(361): CodeIgniter\CodeIgniter->handleRequest(NULL, Object(Config\Cache), false)
#11 C:\laragon\www\capstonee\backend\public\index.php(86): CodeIgniter\CodeIgniter->run()
#12 C:\laragon\www\capstonee\backend\system\Commands\Server\rewrite.php(47): require_once('C:\\laragon\\www\\...')
#13 {main}
CRITICAL - 2024-05-07 01:45:40 --> Unknown column 'created_at' in 'field list'
in SYSTEMPATH\Database\BaseConnection.php on line 647.
 1 SYSTEMPATH\Database\BaseBuilder.php(2308): CodeIgniter\Database\BaseConnection->query('INSERT INTO `cottagebooking` (`id`, `selectedTime`, `selectedTimeout`, `cottage_id`, `created_at`) VALUES (:id:, :selectedTime:, :selectedTimeout:, :cottage_id:, :created_at:)', [...], false)
 2 SYSTEMPATH\Model.php(319): CodeIgniter\Database\BaseBuilder->insert()
 3 SYSTEMPATH\BaseModel.php(788): CodeIgniter\Model->doInsert([...])
 4 SYSTEMPATH\Model.php(715): CodeIgniter\BaseModel->insert([...], true)
 5 APPPATH\Controllers\MainController.php(196): CodeIgniter\Model->insert([...])
 6 SYSTEMPATH\CodeIgniter.php(942): App\Controllers\MainController->cottageBooking()
 7 SYSTEMPATH\CodeIgniter.php(502): CodeIgniter\CodeIgniter->runController(Object(App\Controllers\MainController))
 8 SYSTEMPATH\CodeIgniter.php(361): CodeIgniter\CodeIgniter->handleRequest(null, Object(Config\Cache), false)
 9 FCPATH\index.php(86): CodeIgniter\CodeIgniter->run()
10 SYSTEMPATH\Commands\Server\rewrite.php(47): require_once('C:\\laragon\\www\\capstonee\\backend\\public\\index.php')
ERROR - 2024-05-07 01:46:28 --> mysqli_sql_exception: Unknown column 'created_at' in 'field list' in C:\laragon\www\capstonee\backend\system\Database\MySQLi\Connection.php:306
Stack trace:
#0 C:\laragon\www\capstonee\backend\system\Database\MySQLi\Connection.php(306): mysqli->query('INSERT INTO `co...', 0)
#1 C:\laragon\www\capstonee\backend\system\Database\BaseConnection.php(693): CodeIgniter\Database\MySQLi\Connection->execute('INSERT INTO `co...')
#2 C:\laragon\www\capstonee\backend\system\Database\BaseConnection.php(607): CodeIgniter\Database\BaseConnection->simpleQuery('INSERT INTO `co...')
#3 C:\laragon\www\capstonee\backend\system\Database\BaseBuilder.php(2308): CodeIgniter\Database\BaseConnection->query('INSERT INTO `co...', Array, false)
#4 C:\laragon\www\capstonee\backend\system\Model.php(319): CodeIgniter\Database\BaseBuilder->insert()
#5 C:\laragon\www\capstonee\backend\system\BaseModel.php(788): CodeIgniter\Model->doInsert(Array)
#6 C:\laragon\www\capstonee\backend\system\Model.php(715): CodeIgniter\BaseModel->insert(Array, false)
#7 C:\laragon\www\capstonee\backend\system\BaseModel.php(698): CodeIgniter\Model->insert(Array, false)
#8 C:\laragon\www\capstonee\backend\app\Controllers\MainController.php(196): CodeIgniter\BaseModel->save(Array)
#9 C:\laragon\www\capstonee\backend\system\CodeIgniter.php(942): App\Controllers\MainController->cottageBooking()
#10 C:\laragon\www\capstonee\backend\system\CodeIgniter.php(502): CodeIgniter\CodeIgniter->runController(Object(App\Controllers\MainController))
#11 C:\laragon\www\capstonee\backend\system\CodeIgniter.php(361): CodeIgniter\CodeIgniter->handleRequest(NULL, Object(Config\Cache), false)
#12 C:\laragon\www\capstonee\backend\public\index.php(86): CodeIgniter\CodeIgniter->run()
#13 C:\laragon\www\capstonee\backend\system\Commands\Server\rewrite.php(47): require_once('C:\\laragon\\www\\...')
#14 {main}
CRITICAL - 2024-05-07 01:46:28 --> Unknown column 'created_at' in 'field list'
in SYSTEMPATH\Database\BaseConnection.php on line 647.
 1 SYSTEMPATH\Database\BaseBuilder.php(2308): CodeIgniter\Database\BaseConnection->query('INSERT INTO `cottagebooking` (`id`, `selectedTime`, `selectedTimeout`, `cottage_id`, `created_at`) VALUES (:id:, :selectedTime:, :selectedTimeout:, :cottage_id:, :created_at:)', [...], false)
 2 SYSTEMPATH\Model.php(319): CodeIgniter\Database\BaseBuilder->insert()
 3 SYSTEMPATH\BaseModel.php(788): CodeIgniter\Model->doInsert([...])
 4 SYSTEMPATH\Model.php(715): CodeIgniter\BaseModel->insert([...], false)
 5 SYSTEMPATH\BaseModel.php(698): CodeIgniter\Model->insert([...], false)
 6 APPPATH\Controllers\MainController.php(196): CodeIgniter\BaseModel->save([...])
 7 SYSTEMPATH\CodeIgniter.php(942): App\Controllers\MainController->cottageBooking()
 8 SYSTEMPATH\CodeIgniter.php(502): CodeIgniter\CodeIgniter->runController(Object(App\Controllers\MainController))
 9 SYSTEMPATH\CodeIgniter.php(361): CodeIgniter\CodeIgniter->handleRequest(null, Object(Config\Cache), false)
10 FCPATH\index.php(86): CodeIgniter\CodeIgniter->run()
11 SYSTEMPATH\Commands\Server\rewrite.php(47): require_once('C:\\laragon\\www\\capstonee\\backend\\public\\index.php')
CRITICAL - 2024-05-07 03:00:26 --> Call to a member function builder() on null
in APPPATH\Controllers\MainController.php on line 125.
 1 SYSTEMPATH\CodeIgniter.php(942): App\Controllers\MainController->monthlySalesReport()
 2 SYSTEMPATH\CodeIgniter.php(502): CodeIgniter\CodeIgniter->runController(Object(App\Controllers\MainController))
 3 SYSTEMPATH\CodeIgniter.php(361): CodeIgniter\CodeIgniter->handleRequest(null, Object(Config\Cache), false)
 4 FCPATH\index.php(86): CodeIgniter\CodeIgniter->run()
 5 SYSTEMPATH\Commands\Server\rewrite.php(47): require_once('C:\\laragon\\www\\capstonee\\backend\\public\\index.php')
