ERROR - 2024-04-15 00:07:09 --> mysqli_sql_exception: Unknown column 'created_at' in 'field list' in C:\laragon\www\capstonee\backend\system\Database\MySQLi\Connection.php:306
Stack trace:
#0 C:\laragon\www\capstonee\backend\system\Database\MySQLi\Connection.php(306): mysqli->query('INSERT INTO `sw...', 0)
#1 C:\laragon\www\capstonee\backend\system\Database\BaseConnection.php(693): CodeIgniter\Database\MySQLi\Connection->execute('INSERT INTO `sw...')
#2 C:\laragon\www\capstonee\backend\system\Database\BaseConnection.php(607): CodeIgniter\Database\BaseConnection->simpleQuery('INSERT INTO `sw...')
#3 C:\laragon\www\capstonee\backend\system\Database\BaseBuilder.php(2308): CodeIgniter\Database\BaseConnection->query('INSERT INTO `sw...', Array, false)
#4 C:\laragon\www\capstonee\backend\system\Model.php(319): CodeIgniter\Database\BaseBuilder->insert()
#5 C:\laragon\www\capstonee\backend\system\BaseModel.php(788): CodeIgniter\Model->doInsert(Array)
#6 C:\laragon\www\capstonee\backend\system\Model.php(715): CodeIgniter\BaseModel->insert(Array, true)
#7 C:\laragon\www\capstonee\backend\app\Controllers\MainController.php(1014): CodeIgniter\Model->insert(Array)
#8 C:\laragon\www\capstonee\backend\system\CodeIgniter.php(942): App\Controllers\MainController->saveDate()
#9 C:\laragon\www\capstonee\backend\system\CodeIgniter.php(502): CodeIgniter\CodeIgniter->runController(Object(App\Controllers\MainController))
#10 C:\laragon\www\capstonee\backend\system\CodeIgniter.php(361): CodeIgniter\CodeIgniter->handleRequest(NULL, Object(Config\Cache), false)
#11 C:\laragon\www\capstonee\backend\public\index.php(86): CodeIgniter\CodeIgniter->run()
#12 C:\laragon\www\capstonee\backend\system\Commands\Server\rewrite.php(47): require_once('C:\\laragon\\www\\...')
#13 {main}
CRITICAL - 2024-04-15 00:07:09 --> Unknown column 'created_at' in 'field list'
in SYSTEMPATH\Database\BaseConnection.php on line 647.
 1 SYSTEMPATH\Database\BaseBuilder.php(2308): CodeIgniter\Database\BaseConnection->query('INSERT INTO `swimming_sched` (`swimming_date`, `created_at`) VALUES (:swimming_date:, :created_at:)', [...], false)
 2 SYSTEMPATH\Model.php(319): CodeIgniter\Database\BaseBuilder->insert()
 3 SYSTEMPATH\BaseModel.php(788): CodeIgniter\Model->doInsert([...])
 4 SYSTEMPATH\Model.php(715): CodeIgniter\BaseModel->insert([...], true)
 5 APPPATH\Controllers\MainController.php(1014): CodeIgniter\Model->insert([...])
 6 SYSTEMPATH\CodeIgniter.php(942): App\Controllers\MainController->saveDate()
 7 SYSTEMPATH\CodeIgniter.php(502): CodeIgniter\CodeIgniter->runController(Object(App\Controllers\MainController))
 8 SYSTEMPATH\CodeIgniter.php(361): CodeIgniter\CodeIgniter->handleRequest(null, Object(Config\Cache), false)
 9 FCPATH\index.php(86): CodeIgniter\CodeIgniter->run()
10 SYSTEMPATH\Commands\Server\rewrite.php(47): require_once('C:\\laragon\\www\\capstonee\\backend\\public\\index.php')
ERROR - 2024-04-15 00:07:16 --> mysqli_sql_exception: Unknown column 'created_at' in 'field list' in C:\laragon\www\capstonee\backend\system\Database\MySQLi\Connection.php:306
Stack trace:
#0 C:\laragon\www\capstonee\backend\system\Database\MySQLi\Connection.php(306): mysqli->query('INSERT INTO `sw...', 0)
#1 C:\laragon\www\capstonee\backend\system\Database\BaseConnection.php(693): CodeIgniter\Database\MySQLi\Connection->execute('INSERT INTO `sw...')
#2 C:\laragon\www\capstonee\backend\system\Database\BaseConnection.php(607): CodeIgniter\Database\BaseConnection->simpleQuery('INSERT INTO `sw...')
#3 C:\laragon\www\capstonee\backend\system\Database\BaseBuilder.php(2308): CodeIgniter\Database\BaseConnection->query('INSERT INTO `sw...', Array, false)
#4 C:\laragon\www\capstonee\backend\system\Model.php(319): CodeIgniter\Database\BaseBuilder->insert()
#5 C:\laragon\www\capstonee\backend\system\BaseModel.php(788): CodeIgniter\Model->doInsert(Array)
#6 C:\laragon\www\capstonee\backend\system\Model.php(715): CodeIgniter\BaseModel->insert(Array, true)
#7 C:\laragon\www\capstonee\backend\app\Controllers\MainController.php(1014): CodeIgniter\Model->insert(Array)
#8 C:\laragon\www\capstonee\backend\system\CodeIgniter.php(942): App\Controllers\MainController->saveDate()
#9 C:\laragon\www\capstonee\backend\system\CodeIgniter.php(502): CodeIgniter\CodeIgniter->runController(Object(App\Controllers\MainController))
#10 C:\laragon\www\capstonee\backend\system\CodeIgniter.php(361): CodeIgniter\CodeIgniter->handleRequest(NULL, Object(Config\Cache), false)
#11 C:\laragon\www\capstonee\backend\public\index.php(86): CodeIgniter\CodeIgniter->run()
#12 C:\laragon\www\capstonee\backend\system\Commands\Server\rewrite.php(47): require_once('C:\\laragon\\www\\...')
#13 {main}
CRITICAL - 2024-04-15 00:07:16 --> Unknown column 'created_at' in 'field list'
in SYSTEMPATH\Database\BaseConnection.php on line 647.
 1 SYSTEMPATH\Database\BaseBuilder.php(2308): CodeIgniter\Database\BaseConnection->query('INSERT INTO `swimming_sched` (`swimming_date`, `created_at`) VALUES (:swimming_date:, :created_at:)', [...], false)
 2 SYSTEMPATH\Model.php(319): CodeIgniter\Database\BaseBuilder->insert()
 3 SYSTEMPATH\BaseModel.php(788): CodeIgniter\Model->doInsert([...])
 4 SYSTEMPATH\Model.php(715): CodeIgniter\BaseModel->insert([...], true)
 5 APPPATH\Controllers\MainController.php(1014): CodeIgniter\Model->insert([...])
 6 SYSTEMPATH\CodeIgniter.php(942): App\Controllers\MainController->saveDate()
 7 SYSTEMPATH\CodeIgniter.php(502): CodeIgniter\CodeIgniter->runController(Object(App\Controllers\MainController))
 8 SYSTEMPATH\CodeIgniter.php(361): CodeIgniter\CodeIgniter->handleRequest(null, Object(Config\Cache), false)
 9 FCPATH\index.php(86): CodeIgniter\CodeIgniter->run()
10 SYSTEMPATH\Commands\Server\rewrite.php(47): require_once('C:\\laragon\\www\\capstonee\\backend\\public\\index.php')
ERROR - 2024-04-15 00:11:03 --> mysqli_sql_exception: Unknown column 'created_at' in 'field list' in C:\laragon\www\capstonee\backend\system\Database\MySQLi\Connection.php:306
Stack trace:
#0 C:\laragon\www\capstonee\backend\system\Database\MySQLi\Connection.php(306): mysqli->query('INSERT INTO `sw...', 0)
#1 C:\laragon\www\capstonee\backend\system\Database\BaseConnection.php(693): CodeIgniter\Database\MySQLi\Connection->execute('INSERT INTO `sw...')
#2 C:\laragon\www\capstonee\backend\system\Database\BaseConnection.php(607): CodeIgniter\Database\BaseConnection->simpleQuery('INSERT INTO `sw...')
#3 C:\laragon\www\capstonee\backend\system\Database\BaseBuilder.php(2308): CodeIgniter\Database\BaseConnection->query('INSERT INTO `sw...', Array, false)
#4 C:\laragon\www\capstonee\backend\system\Model.php(319): CodeIgniter\Database\BaseBuilder->insert()
#5 C:\laragon\www\capstonee\backend\system\BaseModel.php(788): CodeIgniter\Model->doInsert(Array)
#6 C:\laragon\www\capstonee\backend\system\Model.php(715): CodeIgniter\BaseModel->insert(Array, true)
#7 C:\laragon\www\capstonee\backend\app\Controllers\MainController.php(1014): CodeIgniter\Model->insert(Array)
#8 C:\laragon\www\capstonee\backend\system\CodeIgniter.php(942): App\Controllers\MainController->saveDate()
#9 C:\laragon\www\capstonee\backend\system\CodeIgniter.php(502): CodeIgniter\CodeIgniter->runController(Object(App\Controllers\MainController))
#10 C:\laragon\www\capstonee\backend\system\CodeIgniter.php(361): CodeIgniter\CodeIgniter->handleRequest(NULL, Object(Config\Cache), false)
#11 C:\laragon\www\capstonee\backend\public\index.php(86): CodeIgniter\CodeIgniter->run()
#12 C:\laragon\www\capstonee\backend\system\Commands\Server\rewrite.php(47): require_once('C:\\laragon\\www\\...')
#13 {main}
CRITICAL - 2024-04-15 00:11:03 --> Unknown column 'created_at' in 'field list'
in SYSTEMPATH\Database\BaseConnection.php on line 647.
 1 SYSTEMPATH\Database\BaseBuilder.php(2308): CodeIgniter\Database\BaseConnection->query('INSERT INTO `swimming_sched` (`swimming_date`, `created_at`) VALUES (:swimming_date:, :created_at:)', [...], false)
 2 SYSTEMPATH\Model.php(319): CodeIgniter\Database\BaseBuilder->insert()
 3 SYSTEMPATH\BaseModel.php(788): CodeIgniter\Model->doInsert([...])
 4 SYSTEMPATH\Model.php(715): CodeIgniter\BaseModel->insert([...], true)
 5 APPPATH\Controllers\MainController.php(1014): CodeIgniter\Model->insert([...])
 6 SYSTEMPATH\CodeIgniter.php(942): App\Controllers\MainController->saveDate()
 7 SYSTEMPATH\CodeIgniter.php(502): CodeIgniter\CodeIgniter->runController(Object(App\Controllers\MainController))
 8 SYSTEMPATH\CodeIgniter.php(361): CodeIgniter\CodeIgniter->handleRequest(null, Object(Config\Cache), false)
 9 FCPATH\index.php(86): CodeIgniter\CodeIgniter->run()
10 SYSTEMPATH\Commands\Server\rewrite.php(47): require_once('C:\\laragon\\www\\capstonee\\backend\\public\\index.php')
ERROR - 2024-04-15 00:11:11 --> mysqli_sql_exception: Unknown column 'created_at' in 'field list' in C:\laragon\www\capstonee\backend\system\Database\MySQLi\Connection.php:306
Stack trace:
#0 C:\laragon\www\capstonee\backend\system\Database\MySQLi\Connection.php(306): mysqli->query('INSERT INTO `sw...', 0)
#1 C:\laragon\www\capstonee\backend\system\Database\BaseConnection.php(693): CodeIgniter\Database\MySQLi\Connection->execute('INSERT INTO `sw...')
#2 C:\laragon\www\capstonee\backend\system\Database\BaseConnection.php(607): CodeIgniter\Database\BaseConnection->simpleQuery('INSERT INTO `sw...')
#3 C:\laragon\www\capstonee\backend\system\Database\BaseBuilder.php(2308): CodeIgniter\Database\BaseConnection->query('INSERT INTO `sw...', Array, false)
#4 C:\laragon\www\capstonee\backend\system\Model.php(319): CodeIgniter\Database\BaseBuilder->insert()
#5 C:\laragon\www\capstonee\backend\system\BaseModel.php(788): CodeIgniter\Model->doInsert(Array)
#6 C:\laragon\www\capstonee\backend\system\Model.php(715): CodeIgniter\BaseModel->insert(Array, true)
#7 C:\laragon\www\capstonee\backend\app\Controllers\MainController.php(1014): CodeIgniter\Model->insert(Array)
#8 C:\laragon\www\capstonee\backend\system\CodeIgniter.php(942): App\Controllers\MainController->saveDate()
#9 C:\laragon\www\capstonee\backend\system\CodeIgniter.php(502): CodeIgniter\CodeIgniter->runController(Object(App\Controllers\MainController))
#10 C:\laragon\www\capstonee\backend\system\CodeIgniter.php(361): CodeIgniter\CodeIgniter->handleRequest(NULL, Object(Config\Cache), false)
#11 C:\laragon\www\capstonee\backend\public\index.php(86): CodeIgniter\CodeIgniter->run()
#12 C:\laragon\www\capstonee\backend\system\Commands\Server\rewrite.php(47): require_once('C:\\laragon\\www\\...')
#13 {main}
CRITICAL - 2024-04-15 00:11:11 --> Unknown column 'created_at' in 'field list'
in SYSTEMPATH\Database\BaseConnection.php on line 647.
 1 SYSTEMPATH\Database\BaseBuilder.php(2308): CodeIgniter\Database\BaseConnection->query('INSERT INTO `swimming_sched` (`swimming_date`, `created_at`) VALUES (:swimming_date:, :created_at:)', [...], false)
 2 SYSTEMPATH\Model.php(319): CodeIgniter\Database\BaseBuilder->insert()
 3 SYSTEMPATH\BaseModel.php(788): CodeIgniter\Model->doInsert([...])
 4 SYSTEMPATH\Model.php(715): CodeIgniter\BaseModel->insert([...], true)
 5 APPPATH\Controllers\MainController.php(1014): CodeIgniter\Model->insert([...])
 6 SYSTEMPATH\CodeIgniter.php(942): App\Controllers\MainController->saveDate()
 7 SYSTEMPATH\CodeIgniter.php(502): CodeIgniter\CodeIgniter->runController(Object(App\Controllers\MainController))
 8 SYSTEMPATH\CodeIgniter.php(361): CodeIgniter\CodeIgniter->handleRequest(null, Object(Config\Cache), false)
 9 FCPATH\index.php(86): CodeIgniter\CodeIgniter->run()
10 SYSTEMPATH\Commands\Server\rewrite.php(47): require_once('C:\\laragon\\www\\capstonee\\backend\\public\\index.php')
ERROR - 2024-04-15 00:14:03 --> mysqli_sql_exception: Unknown column 'created_at' in 'field list' in C:\laragon\www\capstonee\backend\system\Database\MySQLi\Connection.php:306
Stack trace:
#0 C:\laragon\www\capstonee\backend\system\Database\MySQLi\Connection.php(306): mysqli->query('INSERT INTO `sw...', 0)
#1 C:\laragon\www\capstonee\backend\system\Database\BaseConnection.php(693): CodeIgniter\Database\MySQLi\Connection->execute('INSERT INTO `sw...')
#2 C:\laragon\www\capstonee\backend\system\Database\BaseConnection.php(607): CodeIgniter\Database\BaseConnection->simpleQuery('INSERT INTO `sw...')
#3 C:\laragon\www\capstonee\backend\system\Database\BaseBuilder.php(2308): CodeIgniter\Database\BaseConnection->query('INSERT INTO `sw...', Array, false)
#4 C:\laragon\www\capstonee\backend\system\Model.php(319): CodeIgniter\Database\BaseBuilder->insert()
#5 C:\laragon\www\capstonee\backend\system\BaseModel.php(788): CodeIgniter\Model->doInsert(Array)
#6 C:\laragon\www\capstonee\backend\system\Model.php(715): CodeIgniter\BaseModel->insert(Array, true)
#7 C:\laragon\www\capstonee\backend\app\Controllers\MainController.php(1025): CodeIgniter\Model->insert(Array)
#8 C:\laragon\www\capstonee\backend\system\CodeIgniter.php(942): App\Controllers\MainController->saveDate()
#9 C:\laragon\www\capstonee\backend\system\CodeIgniter.php(502): CodeIgniter\CodeIgniter->runController(Object(App\Controllers\MainController))
#10 C:\laragon\www\capstonee\backend\system\CodeIgniter.php(361): CodeIgniter\CodeIgniter->handleRequest(NULL, Object(Config\Cache), false)
#11 C:\laragon\www\capstonee\backend\public\index.php(86): CodeIgniter\CodeIgniter->run()
#12 C:\laragon\www\capstonee\backend\system\Commands\Server\rewrite.php(47): require_once('C:\\laragon\\www\\...')
#13 {main}
CRITICAL - 2024-04-15 00:14:03 --> Unknown column 'created_at' in 'field list'
in SYSTEMPATH\Database\BaseConnection.php on line 647.
 1 SYSTEMPATH\Database\BaseBuilder.php(2308): CodeIgniter\Database\BaseConnection->query('INSERT INTO `swimming_sched` (`swimming_date`, `created_at`) VALUES (:swimming_date:, :created_at:)', [...], false)
 2 SYSTEMPATH\Model.php(319): CodeIgniter\Database\BaseBuilder->insert()
 3 SYSTEMPATH\BaseModel.php(788): CodeIgniter\Model->doInsert([...])
 4 SYSTEMPATH\Model.php(715): CodeIgniter\BaseModel->insert([...], true)
 5 APPPATH\Controllers\MainController.php(1025): CodeIgniter\Model->insert([...])
 6 SYSTEMPATH\CodeIgniter.php(942): App\Controllers\MainController->saveDate()
 7 SYSTEMPATH\CodeIgniter.php(502): CodeIgniter\CodeIgniter->runController(Object(App\Controllers\MainController))
 8 SYSTEMPATH\CodeIgniter.php(361): CodeIgniter\CodeIgniter->handleRequest(null, Object(Config\Cache), false)
 9 FCPATH\index.php(86): CodeIgniter\CodeIgniter->run()
10 SYSTEMPATH\Commands\Server\rewrite.php(47): require_once('C:\\laragon\\www\\capstonee\\backend\\public\\index.php')
