CRITICAL - 2024-09-24 14:03:17 --> Undefined property: stdClass::$address
in APPPATH\Controllers\MainController.php on line 1991.
 1 APPPATH\Controllers\MainController.php(1991): CodeIgniter\Debug\Exceptions->errorHandler(2, 'Undefined property: stdClass::$address', 'C:\\laragon\\www\\capstonee\\backend\\backend\\app\\Controllers\\MainController.php', 1991)
 2 SYSTEMPATH\CodeIgniter.php(942): App\Controllers\MainController->register()
 3 SYSTEMPATH\CodeIgniter.php(502): CodeIgniter\CodeIgniter->runController(Object(App\Controllers\MainController))
 4 SYSTEMPATH\CodeIgniter.php(361): CodeIgniter\CodeIgniter->handleRequest(null, Object(Config\Cache), false)
 5 FCPATH\index.php(86): CodeIgniter\CodeIgniter->run()
 6 SYSTEMPATH\Commands\Server\rewrite.php(47): require_once('C:\\laragon\\www\\capstonee\\backend\\backend\\public\\index.php')
CRITICAL - 2024-09-24 14:03:30 --> Undefined property: stdClass::$address
in APPPATH\Controllers\MainController.php on line 1991.
 1 APPPATH\Controllers\MainController.php(1991): CodeIgniter\Debug\Exceptions->errorHandler(2, 'Undefined property: stdClass::$address', 'C:\\laragon\\www\\capstonee\\backend\\backend\\app\\Controllers\\MainController.php', 1991)
 2 SYSTEMPATH\CodeIgniter.php(942): App\Controllers\MainController->register()
 3 SYSTEMPATH\CodeIgniter.php(502): CodeIgniter\CodeIgniter->runController(Object(App\Controllers\MainController))
 4 SYSTEMPATH\CodeIgniter.php(361): CodeIgniter\CodeIgniter->handleRequest(null, Object(Config\Cache), false)
 5 FCPATH\index.php(86): CodeIgniter\CodeIgniter->run()
 6 SYSTEMPATH\Commands\Server\rewrite.php(47): require_once('C:\\laragon\\www\\capstonee\\backend\\backend\\public\\index.php')
CRITICAL - 2024-09-24 14:03:32 --> Undefined property: stdClass::$address
in APPPATH\Controllers\MainController.php on line 1991.
 1 APPPATH\Controllers\MainController.php(1991): CodeIgniter\Debug\Exceptions->errorHandler(2, 'Undefined property: stdClass::$address', 'C:\\laragon\\www\\capstonee\\backend\\backend\\app\\Controllers\\MainController.php', 1991)
 2 SYSTEMPATH\CodeIgniter.php(942): App\Controllers\MainController->register()
 3 SYSTEMPATH\CodeIgniter.php(502): CodeIgniter\CodeIgniter->runController(Object(App\Controllers\MainController))
 4 SYSTEMPATH\CodeIgniter.php(361): CodeIgniter\CodeIgniter->handleRequest(null, Object(Config\Cache), false)
 5 FCPATH\index.php(86): CodeIgniter\CodeIgniter->run()
 6 SYSTEMPATH\Commands\Server\rewrite.php(47): require_once('C:\\laragon\\www\\capstonee\\backend\\backend\\public\\index.php')
CRITICAL - 2024-09-24 14:03:34 --> Undefined property: stdClass::$address
in APPPATH\Controllers\MainController.php on line 1991.
 1 APPPATH\Controllers\MainController.php(1991): CodeIgniter\Debug\Exceptions->errorHandler(2, 'Undefined property: stdClass::$address', 'C:\\laragon\\www\\capstonee\\backend\\backend\\app\\Controllers\\MainController.php', 1991)
 2 SYSTEMPATH\CodeIgniter.php(942): App\Controllers\MainController->register()
 3 SYSTEMPATH\CodeIgniter.php(502): CodeIgniter\CodeIgniter->runController(Object(App\Controllers\MainController))
 4 SYSTEMPATH\CodeIgniter.php(361): CodeIgniter\CodeIgniter->handleRequest(null, Object(Config\Cache), false)
 5 FCPATH\index.php(86): CodeIgniter\CodeIgniter->run()
 6 SYSTEMPATH\Commands\Server\rewrite.php(47): require_once('C:\\laragon\\www\\capstonee\\backend\\backend\\public\\index.php')
CRITICAL - 2024-09-24 14:54:11 --> Undefined property: stdClass::$address
in APPPATH\Controllers\MainController.php on line 1991.
 1 APPPATH\Controllers\MainController.php(1991): CodeIgniter\Debug\Exceptions->errorHandler(2, 'Undefined property: stdClass::$address', 'C:\\laragon\\www\\capstonee\\backend\\backend\\app\\Controllers\\MainController.php', 1991)
 2 SYSTEMPATH\CodeIgniter.php(942): App\Controllers\MainController->register()
 3 SYSTEMPATH\CodeIgniter.php(502): CodeIgniter\CodeIgniter->runController(Object(App\Controllers\MainController))
 4 SYSTEMPATH\CodeIgniter.php(361): CodeIgniter\CodeIgniter->handleRequest(null, Object(Config\Cache), false)
 5 FCPATH\index.php(86): CodeIgniter\CodeIgniter->run()
 6 SYSTEMPATH\Commands\Server\rewrite.php(47): require_once('C:\\laragon\\www\\capstonee\\backend\\backend\\public\\index.php')
CRITICAL - 2024-09-24 14:56:35 --> Undefined property: stdClass::$address
in APPPATH\Controllers\MainController.php on line 1991.
 1 APPPATH\Controllers\MainController.php(1991): CodeIgniter\Debug\Exceptions->errorHandler(2, 'Undefined property: stdClass::$address', 'C:\\laragon\\www\\capstonee\\backend\\backend\\app\\Controllers\\MainController.php', 1991)
 2 SYSTEMPATH\CodeIgniter.php(942): App\Controllers\MainController->register()
 3 SYSTEMPATH\CodeIgniter.php(502): CodeIgniter\CodeIgniter->runController(Object(App\Controllers\MainController))
 4 SYSTEMPATH\CodeIgniter.php(361): CodeIgniter\CodeIgniter->handleRequest(null, Object(Config\Cache), false)
 5 FCPATH\index.php(86): CodeIgniter\CodeIgniter->run()
 6 SYSTEMPATH\Commands\Server\rewrite.php(47): require_once('C:\\laragon\\www\\capstonee\\backend\\backend\\public\\index.php')
