CRITICAL - 2024-03-10 05:59:39 --> Call to a member function isValid() on null
in APPPATH\Controllers\MainController.php on line 847.
 1 SYSTEMPATH\CodeIgniter.php(942): App\Controllers\MainController->saveRoom()
 2 SYSTEMPATH\CodeIgniter.php(502): CodeIgniter\CodeIgniter->runController(Object(App\Controllers\MainController))
 3 SYSTEMPATH\CodeIgniter.php(361): CodeIgniter\CodeIgniter->handleRequest(null, Object(Config\Cache), false)
 4 FCPATH\index.php(86): CodeIgniter\CodeIgniter->run()
 5 SYSTEMPATH\Commands\Server\rewrite.php(47): require_once('C:\\laragon\\www\\capstone\\backend\\public\\index.php')
CRITICAL - 2024-03-10 06:09:40 --> Call to a member function isValid() on null
in APPPATH\Controllers\MainController.php on line 847.
 1 SYSTEMPATH\CodeIgniter.php(942): App\Controllers\MainController->saveRoom()
 2 SYSTEMPATH\CodeIgniter.php(502): CodeIgniter\CodeIgniter->runController(Object(App\Controllers\MainController))
 3 SYSTEMPATH\CodeIgniter.php(361): CodeIgniter\CodeIgniter->handleRequest(null, Object(Config\Cache), false)
 4 FCPATH\index.php(86): CodeIgniter\CodeIgniter->run()
 5 SYSTEMPATH\Commands\Server\rewrite.php(47): require_once('C:\\laragon\\www\\capstone\\backend\\public\\index.php')
CRITICAL - 2024-03-10 06:10:48 --> Call to a member function isValid() on null
in APPPATH\Controllers\MainController.php on line 847.
 1 SYSTEMPATH\CodeIgniter.php(942): App\Controllers\MainController->saveRoom()
 2 SYSTEMPATH\CodeIgniter.php(502): CodeIgniter\CodeIgniter->runController(Object(App\Controllers\MainController))
 3 SYSTEMPATH\CodeIgniter.php(361): CodeIgniter\CodeIgniter->handleRequest(null, Object(Config\Cache), false)
 4 FCPATH\index.php(86): CodeIgniter\CodeIgniter->run()
 5 SYSTEMPATH\Commands\Server\rewrite.php(47): require_once('C:\\laragon\\www\\capstone\\backend\\public\\index.php')
CRITICAL - 2024-03-10 06:11:25 --> Call to a member function isValid() on null
in APPPATH\Controllers\MainController.php on line 847.
 1 SYSTEMPATH\CodeIgniter.php(942): App\Controllers\MainController->saveRoom()
 2 SYSTEMPATH\CodeIgniter.php(502): CodeIgniter\CodeIgniter->runController(Object(App\Controllers\MainController))
 3 SYSTEMPATH\CodeIgniter.php(361): CodeIgniter\CodeIgniter->handleRequest(null, Object(Config\Cache), false)
 4 FCPATH\index.php(86): CodeIgniter\CodeIgniter->run()
 5 SYSTEMPATH\Commands\Server\rewrite.php(47): require_once('C:\\laragon\\www\\capstone\\backend\\public\\index.php')
CRITICAL - 2024-03-10 06:32:21 --> Call to undefined method CodeIgniter\HTTP\IncomingRequest::hasFiles()
in APPPATH\Controllers\MainController.php on line 846.
 1 SYSTEMPATH\CodeIgniter.php(942): App\Controllers\MainController->saveRoom()
 2 SYSTEMPATH\CodeIgniter.php(502): CodeIgniter\CodeIgniter->runController(Object(App\Controllers\MainController))
 3 SYSTEMPATH\CodeIgniter.php(361): CodeIgniter\CodeIgniter->handleRequest(null, Object(Config\Cache), false)
 4 FCPATH\index.php(86): CodeIgniter\CodeIgniter->run()
 5 SYSTEMPATH\Commands\Server\rewrite.php(47): require_once('C:\\laragon\\www\\capstone\\backend\\public\\index.php')
